[vibes.run]    run relaxation workflow with settings from relaxation.in

[relaxation]   ** /mnt/lustre/a2fs-work2/work/e05/e05/prakaya/chalcogenide_perovskites/redo/ternary/tilted_perovskites/BaZrS3_tilt_140/relaxation/trajectory.son does not exist, nothing to prepare
[calculator]   Update aims k_grid with kpt density of 5 to [6, 6, 8]
[calculator]   .. add `sc_accuracy_rho: 1e-06` to parameters (default)
[calculator]   .. add `relativistic: atomic_zora scalar` to parameters (default)
[calculator]   .. add `output_level: MD_light` to parameters (default)
[calculator]   Add basisset `light` for atom `Ba` to basissets folder.
[calculator]   Add basisset `light` for atom `Zr` to basissets folder.
[calculator]   Add basisset `light` for atom `S` to basissets folder.
[calculator]   Calculator: aims
[calculator]   settings:
[calculator]     xc: pbesol
[calculator]     k_grid: [6, 6, 8]
[calculator]     sc_accuracy_rho: 1e-06
[calculator]     relativistic: atomic_zora scalar
[calculator]     output_level: MD_light
[calculator]     compute_forces: True
[calculator]     compute_analytical_stress: True
[calculator]     aims_command: /work/e05/e05/prakaya/chalcogenide_perovskites/run_aims.sh
[calculator]     species_dir: /mnt/lustre/a2fs-work2/work/e05/e05/prakaya/chalcogenide_perovskites/redo/ternary/tilted_perovskites/BaZrS3_tilt_140/relaxation/basissets
[relaxation]   filter settings:
[relaxation]     hydrostatic_strain: False
[relaxation]     constant_volume: False
[relaxation]     scalar_pressure: 0.0
[relaxation]     mask: None
[relaxation]   driver: BFGS
[relaxation]   settings:
[relaxation]     type: optimization
[relaxation]     optimizer: BFGS
[relaxation]     maxstep: 0.2
[socketio]     Socketio not used with calculator aims
[relaxation]   filter settings:
[relaxation]     hydrostatic_strain: False
[relaxation]     constant_volume: False
[relaxation]     scalar_pressure: 0.0
[relaxation]     mask: None
[relaxation]   Start step 0
[relaxation]   Step 0 finished.
[relaxation]   .. residual force:  1966.365 meV/AA
[relaxation]   .. residual stress: 10823.245 meV/AA**3
[vibes]        .. Space group:     I4/mcm (140)
[relaxation]   clean atoms before logging
[relaxation]   .. log
[relaxation]   Step 1 finished.
[relaxation]   .. residual force:  346.037 meV/AA
[relaxation]   .. residual stress: 25552.051 meV/AA**3
[vibes]        .. Space group:     I4/mcm (140)
[relaxation]   clean atoms before logging
[relaxation]   .. log
[relaxation]   Step 2 finished.
[relaxation]   .. residual force:  1106.806 meV/AA
[relaxation]   .. residual stress: 16080.991 meV/AA**3
[vibes]        .. Space group:     I4/mcm (140)
[relaxation]   clean atoms before logging
[relaxation]   .. log
[relaxation]   Step 3 finished.
[relaxation]   .. residual force:  2468.712 meV/AA
[relaxation]   .. residual stress: 51999.239 meV/AA**3
[vibes]        .. Space group:     I4/mcm (140)
[relaxation]   clean atoms before logging
[relaxation]   .. log
[relaxation]   Step 4 finished.
[relaxation]   .. residual force:  886.960 meV/AA
[relaxation]   .. residual stress: 6621.727 meV/AA**3
[vibes]        .. Space group:     I4/mcm (140)
[relaxation]   clean atoms before logging
[relaxation]   .. log
[relaxation]   Step 5 finished.
[relaxation]   .. residual force:  852.798 meV/AA
[relaxation]   .. residual stress: 2968.628 meV/AA**3
[vibes]        .. Space group:     I4/mcm (140)
[relaxation]   clean atoms before logging
[relaxation]   .. log
[relaxation]   Step 6 finished.
[relaxation]   .. residual force:  805.437 meV/AA
[relaxation]   .. residual stress: 3175.732 meV/AA**3
[vibes]        .. Space group:     I4/mcm (140)
[relaxation]   clean atoms before logging
[relaxation]   .. log
[relaxation]   Step 7 finished.
[relaxation]   .. residual force:  710.563 meV/AA
[relaxation]   .. residual stress: 4105.395 meV/AA**3
[vibes]        .. Space group:     I4/mcm (140)
[relaxation]   clean atoms before logging
[relaxation]   .. log
[relaxation]   Step 8 finished.
[relaxation]   .. residual force:  274.149 meV/AA
[relaxation]   .. residual stress: 3260.152 meV/AA**3
[vibes]        .. Space group:     I4/mcm (140)
[relaxation]   clean atoms before logging
[relaxation]   .. log
[relaxation]   Step 9 finished.
[relaxation]   .. residual force:  94.958 meV/AA
[relaxation]   .. residual stress: 1068.976 meV/AA**3
[vibes]        .. Space group:     I4/mcm (140)
[relaxation]   clean atoms before logging
[relaxation]   .. log
[relaxation]   Step 10 finished.
[relaxation]   .. residual force:  19.901 meV/AA
[relaxation]   .. residual stress: 107.501 meV/AA**3
[vibes]        .. Space group:     I4/mcm (140)
[relaxation]   clean atoms before logging
[relaxation]   .. log
[relaxation]   Step 11 finished.
[relaxation]   .. residual force:  2.399 meV/AA
[relaxation]   .. residual stress: 27.735 meV/AA**3
[vibes]        .. Space group:     I4/mcm (140)
[relaxation]   clean atoms before logging
[relaxation]   .. log
[relaxation]   Step 12 finished.
[relaxation]   .. residual force:  0.124 meV/AA
[relaxation]   .. residual stress: 12.955 meV/AA**3
[vibes]        .. Space group:     I4/mcm (140)
[relaxation]   clean atoms before logging
[relaxation]   .. log
[relaxation]   Step 13 finished.
[relaxation]   .. residual force:  0.056 meV/AA
[relaxation]   .. residual stress: 2.401 meV/AA**3
[vibes]        .. Space group:     I4/mcm (140)
[relaxation]   clean atoms before logging
[relaxation]   .. log
[relaxation]   Step 14 finished.
[relaxation]   .. residual force:  0.011 meV/AA
[relaxation]   .. residual stress: 0.100 meV/AA**3
[vibes]        .. Space group:     I4/mcm (140)
[relaxation]   clean atoms before logging
[relaxation]   .. log
[relaxation]   Relaxation converged.
[relaxation]   done.
