-1.93357 -1.93411
-1.9857 -1.98599
-1.96561 -1.96585
-1.80945 -1.81136
-1.50569 -1.50656
-1.88688 -1.88427
-1.93835 -1.93812
-1.98082 -1.98083
-1.9602 -1.96059
-1.9432 -1.94328
-1.97697 -1.9779
-1.7487 -1.7468
-1.87168 -1.87117
-2.01694 -2.0169
-1.90488 -1.90448
-1.95203 -1.95036
-1.86595 -1.8646
-1.8274 -1.82958
-2.02731 -2.02728
-1.77822 -1.77742
-1.98098 -1.98094
-2.02219 -2.02197
-1.87412 -1.87668
-1.94962 -1.9494
-1.85982 -1.86264
-1.83535 -1.83502
-1.8843 -1.88401
-1.64678 -1.64717
-1.96077 -1.96072
-1.75406 -1.7552
-1.89208 -1.89385
-1.90202 -1.90209
-1.45399 -1.45341
-1.89856 -1.89957
-1.52279 -1.52073
-1.81614 -1.81861
-1.53165 -1.53213
-1.9001 -1.90072
-1.75679 -1.75744
-1.61522 -1.61548
-1.83665 -1.83699
-1.91057 -1.91097
-1.93529 -1.93545
-1.79053 -1.79199
-2.00409 -2.00357
-1.55947 -1.56052
-1.95806 -1.95948
-1.94725 -1.94881
-1.95237 -1.95259
-1.98974 -1.98914
-2.00318 -2.00301
-1.98667 -1.98714
-1.92369 -1.92671
-1.71739 -1.71813
-1.91307 -1.91311
-2.03432 -2.03423
-1.97487 -1.9758
-1.83506 -1.83746
-1.94653 -1.94711
-1.68147 -1.68138
-1.88653 -1.88747
-1.93204 -1.93182
-1.66922 -1.66975
-1.7748 -1.77662
-1.86438 -1.86608
-1.51604 -1.51544
-1.99815 -1.99877
-1.54782 -1.54906
-1.80577 -1.80628
-1.64665 -1.65091
-1.88936 -1.88998
-1.82756 -1.82618
-1.90153 -1.90088
-1.93478 -1.93513
-1.95694 -1.95601
-1.83138 -1.83347
-1.66344 -1.66551
-1.91734 -1.91962
-1.97226 -1.97232
-1.70952 -1.71089
-2 -1.99983
-1.89506 -1.89742
-1.7364 -1.7369
-1.91901 -1.91882
-1.93671 -1.93713
-1.92485 -1.92531
-1.96007 -1.96179
-1.68135 -1.6796
-1.86333 -1.86352
-1.94278 -1.94527
-1.9869 -1.98622
-1.99362 -1.99442
-1.83847 -1.83865
-1.77743 -1.78099
-1.5003 -1.50009
-1.89716 -1.89581
-1.96439 -1.96472
-1.97002 -1.97066
-1.88116 -1.88002
-1.73396 -1.73464
-1.91939 -1.91939
-1.95616 -1.95611
-1.82258 -1.82324
-1.97177 -1.97046
-1.91901 -1.91932
-1.81025 -1.81243
-1.84507 -1.84532
-1.76542 -1.76537
-2.00121 -2.0015
-1.48161 -1.48107
-2.00824 -2.00819
-2.03282 -2.03172
-1.98115 -1.98187
-1.94539 -1.94531
-1.99015 -1.99086
-2.01459 -2.01462
-2.00542 -2.00577
-1.94722 -1.95191
-1.97637 -1.97562
-2.02269 -2.02394
-2.0828 -2.08252
-1.90054 -1.90083
-1.43758 -1.44253
-1.92625 -1.92582
-2.03489 -2.03558
-2.03037 -2.03027
-2.02998 -2.03016
-1.98615 -1.98522
-1.90806 -1.90884
-1.98686 -1.98639
-2.02502 -2.02333
-2.06583 -2.06547
-1.96632 -1.96539
-1.89065 -1.88913
-1.83541 -1.83295
-1.96893 -1.96779
-1.94361 -1.94298
-1.96387 -1.96625
-1.97533 -1.97585
-1.9425 -1.94275
-1.95063 -1.95184
-2.02849 -2.02846
-2.03959 -2.03955
-1.33161 -1.34005
-1.97335 -1.97061
-2.01458 -2.01532
-1.98497 -1.98731
-1.98801 -1.98791
-1.99925 -1.99854
-1.99305 -1.99288
-1.98567 -1.98498
-2.00002 -1.99736
-1.95951 -1.96022
-1.99686 -1.99776
-1.94591 -1.94833
-1.88901 -1.88999
-1.8988 -1.89626
-1.91233 -1.91111
-1.78183 -1.78011
-1.9385 -1.93987
-1.9492 -1.94837
-1.73666 -1.73605
-1.96652 -1.96612
-2.07218 -2.07183
-2.00866 -2.0082
-2.03774 -2.03764
-2.01373 -2.01371
-1.9938 -1.99338
-1.94607 -1.95011
-1.91352 -1.91264
-1.81676 -1.81533
-1.92211 -1.92266
-1.94186 -1.94282
-1.97772 -1.97797
-1.99524 -1.99515
-1.9108 -1.91049
-2.08729 -2.08694
-1.86464 -1.86591
-1.86628 -1.86911
-2.00163 -2.00015
-2.03492 -2.03509
-0.644746 -0.64863
-1.93476 -1.93567
-2.02832 -2.02665
-1.93089 -1.93197
-2.0774 -2.07729
-1.94064 -1.93945
-2.01408 -2.01401
-1.8757 -1.87608
-1.91821 -1.91907
-1.96114 -1.95919
-1.98037 -1.98094
-1.83869 -1.83956
-1.98581 -1.98408
-2.02374 -2.02467
-2.0987 -2.0982
-2.01126 -2.01067
-2.07358 -2.07365
-2.02236 -2.02007
-2.01324 -2.01048
-2.01241 -2.0123
-2.02055 -2.02057
-1.97237 -1.9726
-2.02225 -2.02046
-2.03482 -2.03551
-1.93628 -1.93627
-1.97134 -1.97134
-2.0007 -2.00098
-1.92751 -1.92606
-1.91639 -1.91815
-1.95142 -1.95087
-2.00747 -2.0069
-1.95217 -1.94988
-2.08277 -2.08288
-2.00406 -2.00319
-1.90216 -1.90339
-1.9599 -1.95835
-1.94398 -1.9432
-1.97114 -1.97081
-1.46292 -1.46449
-1.90683 -1.90953
-1.9811 -1.98103
-2.0848 -2.08551
-2.03284 -2.03341
-1.84854 -1.84799
-1.93224 -1.93477
-1.99255 -1.99206
-1.99623 -1.99623
-2.01073 -2.01099
-1.85242 -1.84992
-0.0536759 -0.0575613
-2.0059 -2.00599
-0.771906 -0.778318
-2.05462 -2.05388
-2.06723 -2.06686
-1.98266 -1.98182
-2.00695 -2.00817
-1.7485 -1.74834
-1.96486 -1.96345
-2.07824 -2.07821
-2.033 -2.03279
-1.96754 -1.96314
-1.95744 -1.95678
-2.02066 -2.02096
-1.17668 -1.17613
-2.02973 -2.02939
-1.98671 -1.98358
-1.93434 -1.93569
-2.02372 -2.02471
-1.99361 -1.99343
-2.02244 -2.0205
-1.96051 -1.96139
-1.93518 -1.93459
-2.02084 -2.01935
-1.94452 -1.94326
-1.98633 -1.9862
-2.03429 -2.0329
-1.99463 -1.99369
-1.99778 -1.99709
-2.05421 -2.05457
-1.93615 -1.93702
-2.01553 -2.01592
-1.94726 -1.94658
-1.92778 -1.92831
-1.85245 -1.85568
-2.00464 -2.00423
-1.49396 -1.49442
-1.10759 -1.11393
-1.77618 -1.77883
-1.95264 -1.95388
-1.88695 -1.88858
-1.9751 -1.97637
-2.06846 -2.06811
-1.99396 -1.99502
-2.05204 -2.05168
-1.96647 -1.9649
-2.00792 -2.007
-1.9695 -1.97014
-2.01992 -2.01979
-1.99608 -1.99705
-2.12427 -2.12508
-1.88167 -1.87753
-2.09203 -2.09229
-1.41638 -1.41692
-1.98603 -1.9879
-1.96181 -1.96104
-2.11828 -2.11894
-1.99011 -1.99325
-1.68845 -1.69406
-1.96742 -1.96451
-1.99257 -1.9956
-1.9298 -1.93056
-1.9325 -1.93187
-2.01182 -2.01142
-1.84623 -1.8433
-1.90041 -1.89932
-1.96553 -1.96229
-2.08226 -2.08189
-2.0452 -2.04488
-1.71473 -1.71741
-2.02153 -2.0213
-2.0254 -2.02536
-1.95757 -1.95875
-1.94702 -1.94663
-1.93028 -1.93231
-1.8607 -1.86389
-1.99082 -1.99063
-1.98182 -1.98328
-1.35725 -1.35815
-1.84806 -1.84879
-2.00919 -2.00969
-2.02747 -2.0287
-2.00631 -2.0066
-1.94593 -1.94664
-1.9896 -1.98882
-1.89264 -1.89361
-1.82526 -1.82693
-1.89611 -1.89871
-1.98502 -1.98511
-2.00758 -2.00668
-1.9043 -1.90766
-1.95154 -1.95262
-2.01499 -2.01552
-1.97956 -1.97867
-1.42216 -1.41993
-2.05621 -2.05614
-1.99918 -1.99582
-2.08688 -2.08685
-1.94805 -1.94826
-1.99758 -1.99808
-1.83376 -1.83333
-1.78624 -1.78722
-1.49954 -1.50058
-0.206399 -0.202987
-1.69714 -1.69665
-2.00729 -2.00639
-1.99912 -1.9995
-1.97802 -1.97797
-1.9215 -1.92118
-1.93605 -1.93633
-1.94645 -1.94611
-1.94664 -1.94764
-1.91774 -1.91699
-2.02589 -2.02721
-2.01603 -2.01551
-1.83515 -1.8366
-1.88287 -1.8778
-2.00251 -2.00308
-2.03083 -2.0291
-1.87061 -1.8747
-2.12381 -2.12456
-1.90619 -1.90614
-1.92178 -1.92304
-1.89058 -1.8868
-2.03074 -2.03123
-1.9487 -1.94756
-1.99186 -1.99156
-1.95189 -1.95023
-1.95458 -1.95543
-2.01504 -2.01488
-1.88884 -1.88934
-1.97342 -1.9722
-1.87574 -1.87489
-2.00078 -2.00048
-1.83921 -1.83994
-1.86214 -1.86061
-2.05348 -2.05267
-1.98894 -1.98842
-1.99433 -1.98969
-1.94402 -1.94255
-1.91858 -1.91742
-2.0287 -2.03025
-1.9385 -1.93866
-0.102014 -0.105847
-1.81792 -1.81347
-1.91687 -1.914
-2.05338 -2.05457
-1.88102 -1.88183
-1.71962 -1.72322
-1.81993 -1.81604
-1.93335 -1.9327
-1.95628 -1.95689
-1.99362 -1.99467
-2.03299 -2.03131
-1.93341 -1.93318
-1.91359 -1.91385
-1.97853 -1.97775
-1.86241 -1.85994
-1.56873 -1.56878
-1.90898 -1.90686
-1.97503 -1.97512
-2.03372 -2.03363
-1.81523 -1.81606
-1.57298 -1.57307
-2.05031 -2.05073
-2.06061 -2.06062
-1.94888 -1.94856
-1.92785 -1.92642
-1.84495 -1.84559
-1.79686 -1.79736
-1.32656 -1.32159
-1.99849 -1.99721
-1.95056 -1.95026
-2.00035 -2.00051
-1.94085 -1.93972
-1.88917 -1.89042
-1.98701 -1.98643
-1.86276 -1.8619
-2.02369 -2.02244
-1.98372 -1.98294
-1.9869 -1.98698
-2.01863 -2.01947
-1.99789 -1.99526
-1.96016 -1.96128
-1.66313 -1.66413
-2.03655 -2.03559
-1.94326 -1.94273
-1.95115 -1.95111
-1.93121 -1.93185
-1.99046 -1.99054
-1.9665 -1.96437
-2.02022 -2.02064
-2.01285 -2.00956
-2.10218 -2.10244
-2.00321 -2.00322
-2.05998 -2.05976
-0.0481675 -0.0520712
-1.19764 -1.19124
-1.84024 -1.8394
-1.85247 -1.85607
-2.00345 -2.00322
-1.91599 -1.91663
-1.95214 -1.95332
-2.02778 -2.02764
-1.9881 -1.98757
-1.88947 -1.89017
-1.69546 -1.69284
-1.9093 -1.91146
-1.9477 -1.94691
-2.03575 -2.03378
-2.07666 -2.07766
-1.93986 -1.94424
-1.98357 -1.98328
-2.00192 -2.00106
-1.28609 -1.28821
-1.81471 -1.80972
-1.8428 -1.83452
-2.10694 -2.10767
-1.97977 -1.98055
-1.85039 -1.85089
-1.98948 -1.98587
-2.0321 -2.03279
-1.98891 -1.98935
-2.00881 -2.00765
-1.98898 -1.98859
-1.65114 -1.65116
-1.98374 -1.98491
-2.00094 -2.00088
-1.84255 -1.83954
-2.00166 -2.00105
-1.6626 -1.66158
-2.11068 -2.11114
-2.07104 -2.07133
-1.72769 -1.7264
-2.12422 -2.125
-1.99629 -1.99633
-1.98559 -1.98562
-1.7194 -1.72139
-1.97591 -1.97595
-1.88808 -1.88969
-1.90408 -1.9032
-1.97214 -1.97159
-1.98609 -1.98869
-2.01871 -2.01533
-1.53953 -1.53858
-1.96111 -1.95995
-1.92789 -1.92816
-2.00202 -2.00263
-2.00487 -2.00386
-2.01178 -2.01029
-1.92722 -1.9267
-1.93006 -1.93076
-2.01084 -2.01015
-1.99523 -1.99343
-1.9791 -1.97971
-0.17699 -0.178431
-1.93379 -1.9324
-1.89845 -1.89691
-1.78205 -1.78518
-2.03569 -2.03593
-2.01638 -2.01599
-1.86769 -1.87083
-1.97508 -1.97495
-1.77262 -1.77387
-1.63299 -1.63381
-1.98276 -1.98236
-1.97789 -1.97392
-1.94853 -1.94964
-1.97572 -1.97544
-1.89257 -1.89277
-1.96928 -1.96915
-2.0157 -2.01611
-1.9921 -1.99208
-1.9593 -1.95786
-2.03297 -2.03303
-1.98642 -1.98586
-1.84379 -1.84415
-1.96059 -1.96338
-1.52991 -1.5316
-0.648189 -0.647532
-2.03833 -2.03821
-2.0874 -2.08704
-1.95817 -1.95736
-1.85798 -1.85549
-1.97268 -1.97215
-1.97352 -1.97411
-1.96764 -1.96804
-1.9842 -1.985
-1.8933 -1.8968
-2.04718 -2.04786
-2.12933 -2.13046
-2.00045 -2.00015
-1.10983 -1.10904
-2.10485 -2.10538
-1.74423 -1.74518
-2.02142 -2.02195
-1.84829 -1.84541
-1.99162 -1.99179
-1.98322 -1.98221
-2.01395 -2.01192
-1.96626 -1.96542
-1.96231 -1.9631
-1.70754 -1.70984
-2.02478 -2.024
-1.99061 -1.99122
-2.11785 -2.11843
-1.8865 -1.88812
-1.9319 -1.93275
-1.86787 -1.86942
-0.751596 -0.754997
-1.89104 -1.89159
-1.89331 -1.8882
-2.04215 -2.04264
-1.88732 -1.88043
-1.89386 -1.8949
-1.99379 -1.99355
-1.92518 -1.92734
-1.98252 -1.98202
-1.95475 -1.95336
-2.03366 -2.03439
-2.00153 -2.00128
-2.06973 -2.06982
-1.98176 -1.98123
-1.92169 -1.92328
-1.8302 -1.82665
-1.09289 -1.09484
-1.93364 -1.93254
-1.92116 -1.92063
-1.95384 -1.95349
-2.03373 -2.03362
-0.115727 -0.117045
-1.75999 -1.7609
-1.97691 -1.97663
-2.08868 -2.08985
-2.00104 -1.99851
-1.61387 -1.61515
-1.99279 -1.99003
-1.9787 -1.97842
-1.94707 -1.94734
-1.92893 -1.93045
-1.97007 -1.9699
-1.98775 -1.98731
-2.00494 -2.00442
-1.81441 -1.81495
-2.01036 -2.00786
-2.00495 -2.00559
-1.97025 -1.96791
-1.98124 -1.98098
-2.01082 -2.00912
-2.01254 -2.01138
-1.90338 -1.90289
-1.96734 -1.96571
-1.91395 -1.91797
-1.53883 -1.54055
-2.01412 -2.01094
-2.0165 -2.01581
-1.80524 -1.80565
-1.89836 -1.91022
-2.0066 -2.00574
-1.93492 -1.93486
-2.11679 -2.11723
-1.96406 -1.96526
-2.03317 -2.03336
-1.79861 -1.7995
-1.93965 -1.93823
-2.01869 -2.01929
-1.97425 -1.9785
-1.60224 -1.60351
-2.0272 -2.02746
-2.0121 -2.01168
-1.96017 -1.9593
-2.01733 -2.01745
-2.02795 -2.0275
-1.8985 -1.89782
-1.81555 -1.812
-1.96719 -1.96713
-2.0735 -2.07389
-1.99806 -1.99945
-1.86882 -1.87268
-1.8477 -1.8469
-1.96882 -1.96821
-1.96191 -1.96338
-2.01415 -2.01098
-2.04626 -2.04587
-1.99853 -1.99889
-1.47898 -1.47878
-1.88374 -1.87885
-1.9867 -1.98681
-2.02632 -2.02766
-1.84486 -1.84411
-1.72747 -1.72709
-1.69679 -1.6984
-1.95854 -1.95702
-1.88227 -1.8835
-2.02897 -2.02866
-2.03171 -2.03175
-1.9172 -1.91796
-2.0449 -2.04427
-2.01854 -2.01886
-1.94434 -1.94159
-1.87932 -1.87759
-1.93656 -1.93724
-2.07799 -2.07797
-2.0291 -2.02974
-1.97766 -1.97698
-2.09761 -2.09824
-2.01724 -2.01734
-1.88555 -1.88731
-1.80424 -1.80402
-1.92622 -1.92597
-2.01378 -2.01375
-2.00756 -2.00667
-1.69327 -1.69327
-1.99355 -1.99301
-2.1032 -2.10338
-1.45677 -1.45733
-1.94886 -1.9486
-1.98937 -1.98902
-2.00784 -2.00739
-1.96137 -1.96061
-2.02727 -2.0286
-1.89275 -1.89027
-1.99311 -1.99293
-2.02337 -2.02443
-2.01577 -2.01636
-1.97302 -1.97357
-0.636648 -0.636065
-1.99125 -1.99
-1.98776 -1.9883
-1.71926 -1.72007
-1.17076 -1.17255
-2.03134 -2.03012
-2.02133 -2.02107
-1.63864 -1.63908
-1.98343 -1.98372
-1.95103 -1.95175
-2.00085 -2.00059
-2.01646 -2.01803
-1.7846 -1.78645
-1.88194 -1.88257
-1.52591 -1.52465
-1.98476 -1.98416
-2.00354 -2.00301
-2.05516 -2.05444
-2.07692 -2.07674
-1.9539 -1.95344
-1.84232 -1.84239
-1.89538 -1.89419
-2.03126 -2.03218
-1.99972 -1.99805
-1.15855 -1.15853
-1.92874 -1.92648
-1.93922 -1.93745
-1.99393 -1.99238
-2.02636 -2.02669
-1.82008 -1.82042
-1.99363 -1.99291
-2.00039 -1.99982
-1.75286 -1.74798
-1.13431 -1.13171
-1.76521 -1.75713
-1.6142 -1.61437
-1.86731 -1.86598
-2.00716 -2.00655
-2.04118 -2.04081
-1.91032 -1.91056
-0.207046 -0.211437
-1.95692 -1.95616
-1.96059 -1.96183
-1.93454 -1.93387
-2.01726 -2.01642
-1.91613 -1.91517
-1.9753 -1.97289
-1.86057 -1.85821
-1.85158 -1.85042
-1.98122 -1.98095
-1.9616 -1.96092
-1.366 -1.36706
-2.04298 -2.04276
-1.7098 -1.71038
-1.98025 -1.9785
-1.46282 -1.46397
-2.01179 -2.01151
-2.01833 -2.01761
-1.9999 -1.99995
-1.98309 -1.98435
-2.01087 -2.01166
-2.00474 -2.00316
-1.98915 -1.98911
-2.01101 -2.00963
-1.91289 -1.91193
-1.96416 -1.96244
-1.99464 -1.99473
-1.99108 -1.99142
-2.01132 -2.01052
-1.94729 -1.94621
-2.02534 -2.0257
-1.95637 -1.95668
-1.94683 -1.94624
-1.99754 -1.99732
-2.02027 -2.021
-2.00291 -2.00066
-2.01729 -2.01849
-1.98804 -1.98927
-2.02585 -2.02629
-2.02803 -2.02814
-1.4584 -1.46574
-1.70617 -1.70568
-0.653302 -0.651924
-2.03574 -2.03503
-2.08356 -2.08303
-1.6197 -1.61993
-2.00765 -2.00676
-1.74416 -1.7437
-1.99845 -1.99538
-1.85188 -1.85276
-1.92217 -1.92102
-1.95104 -1.95407
-1.98259 -1.98304
-1.89362 -1.89349
-1.52642 -1.52731
-1.94951 -1.94965
-2.08225 -2.08195
-1.85692 -1.86021
-1.98811 -1.98853
-1.93719 -1.93831
-1.97526 -1.97528
-1.48665 -1.48873
-1.49301 -1.49453
-2.04542 -2.04489
-1.96924 -1.97008
-1.90462 -1.91396
-1.90872 -1.90852
-2.11193 -2.11207
-2.03747 -2.03804
-1.88041 -1.88214
-1.7041 -1.70581
-2.00523 -2.0047
-1.96282 -1.96153
-1.97573 -1.97608
-2.0158 -2.01524
-1.88983 -1.89273
-1.90641 -1.90783
-1.71869 -1.72084
-2.01258 -2.01316
-1.67262 -1.6739
-1.9327 -1.93476
-1.88448 -1.88454
-1.98096 -1.98355
-2.00869 -2.0075
-2.03521 -2.03749
-1.87278 -1.86898
-2.0739 -2.07385
-1.88256 -1.88256
-1.94667 -1.94209
-2.00648 -2.00829
-1.99765 -1.99772
-1.98367 -1.98383
-2.01615 -2.01693
-2.08391 -2.0859
-1.94815 -1.94904
-1.69947 -1.69735
-1.85455 -1.8511
-2.02743 -2.02778
-1.56505 -1.56673
-1.90588 -1.90462
-1.93318 -1.92876
-1.83699 -1.83551
-1.98927 -1.98946
-1.93139 -1.93207
-1.77838 -1.779
-1.98891 -1.98998
-2.02419 -2.02474
-2.02019 -2.0199
-1.9346 -1.93477
-2.09785 -2.09866
-2.03648 -2.03464
-1.94983 -1.95069
-1.94069 -1.94055
-2.0198 -2.01982
-1.99941 -1.9996
-2.03241 -2.0309
-2.01171 -2.01099
-2.00135 -2.00123
-2.00454 -2.00489
-1.97517 -1.97462
-2.03626 -2.0372
-1.95331 -1.95128
-1.96011 -1.96098
-1.96981 -1.96606
-1.94012 -1.93891
-1.97506 -1.97633
-2.03123 -2.03159
-2.06656 -2.06668
-2.01808 -2.01745
-1.94597 -1.94776
-2.03011 -2.03052
-1.98828 -1.98756
-1.70053 -1.70246
-2.03325 -2.03254
-2.0194 -2.01978
-1.68661 -1.68702
-1.96917 -1.96972
-1.95167 -1.95065
-1.96591 -1.96572
-1.85422 -1.85852
-1.80538 -1.80587
-1.31614 -1.31216
-1.94672 -1.94714
-1.96809 -1.96909
-1.93014 -1.93006
-2.01622 -2.01772
-1.96698 -1.96863
-2.01613 -2.01443
-1.57721 -1.57641
-1.91811 -1.91764
-2.12908 -2.13023
-1.73969 -1.73949
-1.88676 -1.89126
-2.02015 -2.01927
-2.12893 -2.13005
-2.12908 -2.13017
-1.90124 -1.90201
-2.0272 -2.02648
-1.57224 -1.57367
-2.00979 -2.00992
-2.0171 -2.01544
-1.95858 -1.95738
-1.12261 -1.12107
-1.94505 -1.9445
-1.9352 -1.93438
-1.97431 -1.97366
-1.94382 -1.94423
-1.84672 -1.84681
-1.9635 -1.96052
-1.9138 -1.91606
-1.96164 -1.96096
-1.81792 -1.81877
-1.84652 -1.84757
-2.09267 -2.09268
-2.11055 -2.11107
-1.99196 -1.99374
-1.66224 -1.66354
-1.9312 -1.92958
-1.94361 -1.94253
-1.97934 -1.97841
-1.9978 -1.99843
-1.97482 -1.97478
-1.955 -1.95598
-1.97189 -1.97235
-1.93908 -1.9404
-2.00069 -2.00097
-1.99459 -1.99321
-1.93219 -1.933
-1.98547 -1.98518
-1.70274 -1.70235
-1.71461 -1.72029
-1.99629 -1.99692
-2.02972 -2.02966
-1.71975 -1.7137
-1.95973 -1.95814
-1.92837 -1.92814
-1.96807 -1.96234
-1.953 -1.95262
-1.82844 -1.8285
-2.06042 -2.05963
-1.99716 -1.99769
-2.11096 -2.1116
-1.97871 -1.97733
-1.9177 -1.91834
-1.98073 -1.98291
-1.95241 -1.95185
-1.32223 -1.32733
-1.81989 -1.81784
-1.94442 -1.94537
-1.8855 -1.8886
-2.04406 -2.04373
-1.32923 -1.32482
-2.01429 -2.01275
-1.99892 -1.99923
-2.01308 -2.01203
-1.94582 -1.94808
-2.00815 -2.0066
-1.97125 -1.97113
-1.9639 -1.9617
-1.99039 -1.99041
-1.8392 -1.84292
-1.97424 -1.97402
-1.93389 -1.93588
-2.00033 -1.99972
-1.96812 -1.96951
-2.03471 -2.03359
-1.97985 -1.98018
-1.95702 -1.95802
-1.88339 -1.88361
-1.92681 -1.92644
-1.98643 -1.98594
-1.89182 -1.89014
-0.0508301 -0.0524771
-1.95036 -1.95251
-1.99088 -1.99121
-2.05063 -2.05204
-2.02135 -2.02028
-1.95049 -1.95029
-1.88342 -1.88169
-2.00087 -2.00053
-0.240562 -0.253988
-1.93543 -1.93407
-1.96133 -1.96089
-1.95484 -1.95694
-2.02422 -2.02443
-1.8618 -1.85839
-2.11068 -2.11141
-1.91418 -1.9149
-1.94096 -1.93996
-1.90741 -1.90704
-1.97181 -1.97034
-1.70851 -1.71103
-2.06386 -2.06386
-2.00519 -2.00705
-1.88927 -1.88845
-1.95648 -1.95539
-2.02195 -2.02241
-1.95332 -1.95364
-1.8958 -1.89663
-2.04497 -2.04491
-1.93894 -1.93875
-2.08731 -2.08694
-1.89042 -1.88899
-1.88151 -1.87862
-1.94347 -1.94358
-0.719545 -0.714402
-1.86245 -1.85994
-2.02091 -2.02227
-1.9764 -1.97618
-2.04627 -2.04794
-1.99087 -1.99124
-1.94538 -1.94517
-1.96817 -1.96514
-2.00866 -2.00798
-1.86318 -1.86282
-1.90301 -1.90399
-1.95437 -1.95225
-1.93835 -1.94053
-2.01175 -2.01146
-1.97425 -1.97548
-2.00741 -2.0063
-1.96536 -1.9646
-1.88002 -1.88199
-2.00977 -2.01028
-2.03794 -2.03749
-2.00697 -2.00488
-1.95441 -1.95412
-1.97798 -1.97752
-2.00698 -2.00822
-1.99177 -1.99172
-1.47679 -1.47607
-1.92229 -1.92413
-1.98772 -1.98733
-2.03064 -2.03111
-1.85719 -1.85469
-1.50586 -1.50227
-1.99868 -1.99908
-1.99795 -1.9978
-2.11918 -2.12
-0.672129 -0.671653
-1.96558 -1.96544
-2.07087 -2.07226
-2.12399 -2.12482
-1.95704 -1.95654
-1.98117 -1.98136
-2.01957 -2.01896
-1.81534 -1.81396
-1.41893 -1.41729
-1.97289 -1.97281
-1.99987 -1.99974
-1.98381 -1.97915
-1.98525 -1.98455
-2.00119 -2.00112
-1.78127 -1.77714
-1.87378 -1.87349
-1.88836 -1.88812
-2.09284 -2.09315
-1.96106 -1.96619
-1.3359 -1.33881
-0.0582485 -0.0585863
-2.02916 -2.02858
-2.02757 -2.02868
-1.82508 -1.82559
-1.11525 -1.11459
-1.97312 -1.97278
-1.94892 -1.95048
-2.02395 -2.02117
-1.99018 -1.99018
-2.03792 -2.03784
-1.95433 -1.95411
-1.95704 -1.95877
-1.9367 -1.93584
-1.72211 -1.72318
-1.77627 -1.77865
-2.0179 -2.01851
-0.754952 -0.754023
-2.00617 -2.00597
-2.02068 -2.0216
-2.0983 -2.09906
-1.97219 -1.9693
-2.02323 -2.02329
-1.66196 -1.66075
-1.9291 -1.93031
-1.99107 -1.99257
-1.96432 -1.96329
-1.91673 -1.91873
-1.83107 -1.83135
-1.99529 -1.99621
-1.48599 -1.4897
-2.00368 -2.00387
-2.02508 -2.02499
-1.97093 -1.97088
-2.0072 -2.00785
-1.98506 -1.98484
-1.99133 -1.99101
-1.97918 -1.98109
-1.99819 -1.99824
-1.9116 -1.90738
-2.00646 -2.00669
-2.04459 -2.04495
-1.99633 -1.99428
-2.07215 -2.07163
-1.93431 -1.92971
-1.45724 -1.4584
-1.90078 -1.89968
-1.9648 -1.96431
-1.94912 -1.95037
-1.92348 -1.9247
-1.81338 -1.8141
-1.8463 -1.84396
-2.03498 -2.03561
-1.98059 -1.98062
-1.68592 -1.68398
-2.06697 -2.06666
-1.9897 -1.99019
-2.08945 -2.08946
-2.08516 -2.0856
-1.94904 -1.95045
-1.74587 -1.74592
-1.96705 -1.96579
-2.00431 -2.0037
-1.39777 -1.3896
-2.00249 -2.00302
-1.72003 -1.71054
-1.99075 -1.99058
-2.01696 -2.0158
-1.89396 -1.89217
-2.00366 -2.00271
-2.02466 -2.02374
-1.97249 -1.96919
-1.90326 -1.90257
-1.91468 -1.91419
-1.98343 -1.98445
-1.9458 -1.94686
-2.00877 -2.00904
-2.02731 -2.02853
-2.00038 -1.99986
-1.96896 -1.96963
-2.00061 -1.99926
-1.98586 -1.985
-1.99308 -1.99261
-1.72721 -1.73154
-1.99532 -1.99543
-2.03001 -2.03126
-1.9525 -1.95464
-1.32517 -1.32831
-2.00002 -2.00106
-2.00387 -2.00335
-1.86872 -1.86839
-1.88463 -1.88402
-1.97454 -1.97584
-1.94004 -1.93905
-1.92284 -1.9228
-1.83148 -1.83195
-1.72671 -1.72907
-1.96478 -1.9656
-1.92403 -1.92454
-2.06327 -2.06371
-2 -2.00084
-1.94083 -1.94205
-1.71505 -1.71665
-1.93065 -1.9296
-1.96362 -1.96546
-2.02117 -2.02175
-1.85087 -1.84229
-1.91414 -1.91916
-1.99606 -1.99708
-1.89137 -1.88907
-2.03349 -2.0337
-1.88632 -1.88732
-1.91666 -1.918
-1.93556 -1.93388
-1.93267 -1.93101
-1.41784 -1.41303
-2.03397 -2.03415
-1.99356 -1.99078
-1.86714 -1.86527
-1.99152 -1.99246
-2.01673 -2.01766
-1.94354 -1.94275
-2.05372 -2.05307
-1.46774 -1.46792
-2.06025 -2.06006
-2.02805 -2.02798
-1.92337 -1.92515
-1.96807 -1.96505
-1.98674 -1.98557
-1.9358 -1.93838
-1.9064 -1.90608
-1.90872 -1.90892
-2.00398 -2.00353
-1.91336 -1.91371
-2.00819 -2.00696
-1.98452 -1.98448
-2.00494 -2.00487
-2.0646 -2.06421
-1.49149 -1.49152
-1.93114 -1.93334
-2.03862 -2.03729
-1.94852 -1.94763
-2.0248 -2.02476
-2.00332 -2.00358
-1.99524 -1.99547
-1.87806 -1.87503
-2.01912 -2.01782
-1.97922 -1.97941
-1.99441 -1.99411
-1.96764 -1.9624
-1.99147 -1.98856
-1.92782 -1.92925
-2.01597 -2.01647
-0.687181 -0.68551
-1.94526 -1.94663
-1.9779 -1.98033
-1.44775 -1.44875
-2.03094 -2.03102
-2.03959 -2.03956
-2.02886 -2.02945
-2.03687 -2.03806
-2.01541 -2.01279
-2.04093 -2.04159
-2.04094 -2.04184
-2.03326 -2.03421
-2.03036 -2.03068
-2.04657 -2.04641
-2.04657 -2.04641
-2.04093 -2.04142
-2.04092 -2.04166
-2.04093 -2.04184
-2.03328 -2.03451
-2.04094 -2.04185
