[vibes.run]    run phonopy workflow with settings from phonopy.in

[calculator]   Update aims k_grid with kpt density of 5 to [4, 4, 4]
[calculator]   .. add `sc_accuracy_rho: 1e-06` to parameters (default)
[calculator]   .. add `relativistic: atomic_zora scalar` to parameters (default)
[calculator]   .. add `output_level: MD_light` to parameters (default)
* Message from file vibes/helpers/socketio.py, line 86, function get_port:
--> Port 12345 in use, changing to the next free port

[calculator]   Add basisset `light` for atom `Ba` to basissets folder.
[calculator]   Add basisset `light` for atom `Zr` to basissets folder.
[calculator]   Add basisset `light` for atom `S` to basissets folder.
[calculator]   Calculator: aims
[calculator]   settings:
[calculator]     xc: pbesol
[calculator]     k_grid: [4, 4, 4]
[calculator]     sc_accuracy_rho: 1e-06
[calculator]     relativistic: atomic_zora scalar
[calculator]     output_level: MD_light
[calculator]     compute_forces: True
[calculator]     use_pimd_wrapper: ('localhost', 12346)
[calculator]     aims_command: /work/e05/e05/prakaya/chalcogenide_perovskites/run_aims.sh
[calculator]     species_dir: /mnt/lustre/a2fs-work2/work/e05/e05/prakaya/chalcogenide_perovskites/redo/ternary/tilted_perovskites/BaZrS3_tilt_140/phonons/phonopy/basissets
[vibes]        Run phonopy workflow in working directory
  /mnt/lustre/a2fs-work2/work/e05/e05/prakaya/chalcogenide_perovskites/redo/ternary/tilted_perovskites/BaZrS3_tilt_140/phonons/phonopy
[phonopy.postprocess] Start phonopy postprocess:
[trajectory]   Parse `/mnt/lustre/a2fs-work2/work/e05/e05/prakaya/chalcogenide_perovskites/redo/ternary/tilted_perovskites/BaZrS3_tilt_140/phonons/phonopy/trajectory.son`
[son] open file:  /mnt/lustre/a2fs-work2/work/e05/e05/prakaya/chalcogenide_perovskites/redo/ternary/tilted_perovskites/BaZrS3_tilt_140/phonons/phonopy/trajectory.son
[socketio]     Use SocketIO with host localhost and port 12346
[backup]       /mnt/lustre/a2fs-work2/work/e05/e05/prakaya/chalcogenide_perovskites/redo/ternary/tilted_perovskites/BaZrS3_tilt_140/phonons/phonopy/calculations does not exist, nothing to back up.
[vibes]        Compute structure 1 of 7: working
[vibes]        Compute structure 1 of 7: finished.
[vibes]        Compute structure 2 of 7: working
[vibes]        Compute structure 2 of 7: finished.
[vibes]        Compute structure 3 of 7: working
[vibes]        Compute structure 3 of 7: finished.
[vibes]        Compute structure 4 of 7: working
[vibes]        Compute structure 4 of 7: finished.
[vibes]        Compute structure 5 of 7: working
[vibes]        Compute structure 5 of 7: finished.
[vibes]        Compute structure 6 of 7: working
[vibes]        Compute structure 6 of 7: finished.
[vibes]        Compute structure 7 of 7: working
[vibes]        Compute structure 7 of 7: finished.
[vibes]        Close the socket
[vibes]        Start postprocess.
[phonopy.postprocess] Start phonopy postprocess:
[trajectory]   Parse `phonopy/trajectory.son`
[son] open file:  phonopy/trajectory.son
[trajectory]   .. time elapsed: 0.005s
[trajectory]   .. create atoms
[trajectory]   .. time elapsed: 1.078s
[trajectory]   .. set raw hash
[trajectory]   .. time elapsed: 0.000s
[trajectory]   .. done in 1.084s
[phonopy.postprocess] .. done in 1.690s
[vibes]        done.
