-1.93292 -1.93411
-1.98511 -1.98599
-1.966 -1.96585
-1.80953 -1.81136
-1.5059 -1.50656
-1.88667 -1.88427
-1.93753 -1.93812
-1.9809 -1.98083
-1.96032 -1.96059
-1.94335 -1.94328
-1.97706 -1.9779
-1.7476 -1.7468
-1.8703 -1.87117
-2.01709 -2.0169
-1.9049 -1.90448
-1.95175 -1.95036
-1.8659 -1.8646
-1.82745 -1.82958
-2.02755 -2.02728
-1.77684 -1.77742
-1.98109 -1.98094
-2.02244 -2.02197
-1.87372 -1.87668
-1.94916 -1.9494
-1.85961 -1.86264
-1.83467 -1.83502
-1.88397 -1.88401
-1.64713 -1.64717
-1.96065 -1.96072
-1.75438 -1.7552
-1.89198 -1.89385
-1.90274 -1.90209
-1.45483 -1.45341
-1.89744 -1.89957
-1.52187 -1.52073
-1.81731 -1.81861
-1.5322 -1.53213
-1.89986 -1.90072
-1.75674 -1.75744
-1.61539 -1.61548
-1.83628 -1.83699
-1.9112 -1.91097
-1.93525 -1.93545
-1.79058 -1.79199
-2.0041 -2.00357
-1.55979 -1.56052
-1.95779 -1.95948
-1.94671 -1.94881
-1.95186 -1.95259
-1.98969 -1.98914
-2.00339 -2.00301
-1.98638 -1.98714
-1.92348 -1.92671
-1.71801 -1.71813
-1.91246 -1.91311
-2.03446 -2.03423
-1.97511 -1.9758
-1.83492 -1.83746
-1.9465 -1.94711
-1.68173 -1.68138
-1.88661 -1.88747
-1.93212 -1.93182
-1.66943 -1.66975
-1.77479 -1.77662
-1.8641 -1.86608
-1.51626 -1.51544
-1.99791 -1.99877
-1.5486 -1.54906
-1.80574 -1.80628
-1.64787 -1.65091
-1.88925 -1.88998
-1.82763 -1.82618
-1.9014 -1.90088
-1.93524 -1.93513
-1.95706 -1.95601
-1.8311 -1.83347
-1.66416 -1.66551
-1.91698 -1.91962
-1.97227 -1.97232
-1.70967 -1.71089
-1.99993 -1.99983
-1.89487 -1.89742
-1.73572 -1.7369
-1.91845 -1.91882
-1.93716 -1.93713
-1.92463 -1.92531
-1.95997 -1.96179
-1.68118 -1.6796
-1.86298 -1.86352
-1.94226 -1.94527
-1.98681 -1.98622
-1.99347 -1.99442
-1.83843 -1.83865
-1.7781 -1.78099
-1.50089 -1.50009
-1.8973 -1.89581
-1.96442 -1.96472
-1.96954 -1.97066
-1.88162 -1.88002
-1.73303 -1.73464
-1.91928 -1.91939
-1.95541 -1.95611
-1.8215 -1.82324
-1.97176 -1.97046
-1.9189 -1.91932
-1.80915 -1.81243
-1.84471 -1.84532
-1.76546 -1.76537
-2.0011 -2.0015
-1.48129 -1.48107
-2.00791 -2.00819
-2.03385 -2.03172
-1.98085 -1.98187
-1.94526 -1.94531
-1.98997 -1.99086
-2.01412 -2.01462
-2.0052 -2.00577
-1.9468 -1.95191
-1.97584 -1.97562
-2.02288 -2.02394
-2.08246 -2.08252
-1.89982 -1.90083
-1.43686 -1.44253
-1.92683 -1.92582
-2.03481 -2.03558
-2.03035 -2.03027
-2.03016 -2.03016
-1.98703 -1.98522
-1.9077 -1.90884
-1.98684 -1.98639
-2.02472 -2.02333
-2.066 -2.06547
-1.96653 -1.96539
-1.89098 -1.88913
-1.83489 -1.83295
-1.96829 -1.96779
-1.9432 -1.94298
-1.96373 -1.96625
-1.9758 -1.97585
-1.94274 -1.94275
-1.9507 -1.95184
-2.02873 -2.02846
-2.03999 -2.03955
-1.33086 -1.34005
-1.97323 -1.97061
-2.01522 -2.01532
-1.98471 -1.98731
-1.98786 -1.98791
-1.99899 -1.99854
-1.99294 -1.99288
-1.98596 -1.98498
-1.9999 -1.99736
-1.95933 -1.96022
-1.99797 -1.99776
-1.94591 -1.94833
-1.8884 -1.88999
-1.8977 -1.89626
-1.91177 -1.91111
-1.78002 -1.78011
-1.93847 -1.93987
-1.94918 -1.94837
-1.73526 -1.73605
-1.96662 -1.96612
-2.07195 -2.07183
-2.00788 -2.0082
-2.038 -2.03764
-2.01289 -2.01371
-1.99303 -1.99338
-1.94794 -1.95011
-1.91307 -1.91264
-1.81586 -1.81533
-1.92344 -1.92266
-1.94267 -1.94282
-1.97768 -1.97797
-1.99503 -1.99515
-1.91088 -1.91049
-2.08688 -2.08694
-1.86497 -1.86591
-1.86557 -1.86911
-2.00235 -2.00015
-2.03486 -2.03509
-0.641243 -0.64863
-1.93494 -1.93567
-2.0288 -2.02665
-1.93071 -1.93197
-2.07709 -2.07729
-1.94071 -1.93945
-2.01416 -2.01401
-1.87469 -1.87608
-1.91789 -1.91907
-1.96006 -1.95919
-1.98109 -1.98094
-1.8384 -1.83956
-1.9847 -1.98408
-2.02348 -2.02467
-2.09872 -2.0982
-2.01135 -2.01067
-2.07328 -2.07365
-2.02323 -2.02007
-2.013 -2.01048
-2.01313 -2.0123
-2.02019 -2.02057
-1.97213 -1.9726
-2.02313 -2.02046
-2.03475 -2.03551
-1.93648 -1.93627
-1.97143 -1.97134
-2.00054 -2.00098
-1.92659 -1.92606
-1.91623 -1.91815
-1.95116 -1.95087
-2.0071 -2.0069
-1.95194 -1.94988
-2.08299 -2.08288
-2.00343 -2.00319
-1.90242 -1.90339
-1.95924 -1.95835
-1.94493 -1.9432
-1.97136 -1.97081
-1.46337 -1.46449
-1.90694 -1.90953
-1.98121 -1.98103
-2.08529 -2.08551
-2.03361 -2.03341
-1.85 -1.84799
-1.93417 -1.93477
-1.99246 -1.99206
-1.99611 -1.99623
-2.01042 -2.01099
-1.85193 -1.84992
-0.0531076 -0.0575613
-2.00616 -2.00599
-0.773407 -0.778318
-2.05463 -2.05388
-2.06718 -2.06686
-1.98236 -1.98182
-2.00724 -2.00817
-1.74841 -1.74834
-1.96416 -1.96345
-2.07805 -2.07821
-2.03324 -2.03279
-1.96721 -1.96314
-1.95677 -1.95678
-2.02055 -2.02096
-1.17612 -1.17613
-2.02973 -2.02939
-1.98661 -1.98358
-1.93425 -1.93569
-2.02375 -2.02471
-1.99396 -1.99343
-2.02353 -2.0205
-1.96086 -1.96139
-1.93493 -1.93459
-2.02079 -2.01935
-1.94481 -1.94326
-1.98603 -1.9862
-2.03502 -2.0329
-1.99395 -1.99369
-1.99787 -1.99709
-2.05414 -2.05457
-1.93675 -1.93702
-2.01578 -2.01592
-1.94771 -1.94658
-1.9278 -1.92831
-1.85242 -1.85568
-2.00436 -2.00423
-1.49342 -1.49442
-1.10675 -1.11393
-1.77538 -1.77883
-1.9524 -1.95388
-1.88776 -1.88858
-1.97491 -1.97637
-2.0684 -2.06811
-1.99375 -1.99502
-2.05165 -2.05168
-1.96614 -1.9649
-2.00755 -2.007
-1.97091 -1.97014
-2.0197 -2.01979
-1.99603 -1.99705
-2.12428 -2.12508
-1.88177 -1.87753
-2.09262 -2.09229
-1.41654 -1.41692
-1.98546 -1.9879
-1.96168 -1.96104
-2.11834 -2.11894
-1.99011 -1.99325
-1.68814 -1.69406
-1.96746 -1.96451
-1.99291 -1.9956
-1.92974 -1.93056
-1.93332 -1.93187
-2.01168 -2.01142
-1.84528 -1.8433
-1.90055 -1.89932
-1.96663 -1.96229
-2.08194 -2.08189
-2.04487 -2.04488
-1.7158 -1.71741
-2.02179 -2.0213
-2.02529 -2.02536
-1.95869 -1.95875
-1.94698 -1.94663
-1.92983 -1.93231
-1.86064 -1.86389
-1.99096 -1.99063
-1.98158 -1.98328
-1.35826 -1.35815
-1.84731 -1.84879
-2.00912 -2.00969
-2.02757 -2.0287
-2.00593 -2.0066
-1.94591 -1.94664
-1.98934 -1.98882
-1.89327 -1.89361
-1.82612 -1.82693
-1.89597 -1.89871
-1.98491 -1.98511
-2.00722 -2.00668
-1.90561 -1.90766
-1.95161 -1.95262
-2.01453 -2.01552
-1.97912 -1.97867
-1.4232 -1.41993
-2.05594 -2.05614
-1.99925 -1.99582
-2.08684 -2.08685
-1.94847 -1.94826
-1.99728 -1.99808
-1.83415 -1.83333
-1.78556 -1.78722
-1.49984 -1.50058
-0.206993 -0.202987
-1.69752 -1.69665
-2.00693 -2.00639
-1.99879 -1.9995
-1.97806 -1.97797
-1.92089 -1.92118
-1.93635 -1.93633
-1.94618 -1.94611
-1.94665 -1.94764
-1.91749 -1.91699
-2.02617 -2.02721
-2.01652 -2.01551
-1.83522 -1.8366
-1.88199 -1.8778
-2.00211 -2.00308
-2.03148 -2.0291
-1.86862 -1.8747
-2.12376 -2.12456
-1.90611 -1.90614
-1.92219 -1.92304
-1.89215 -1.8868
-2.03062 -2.03123
-1.94869 -1.94756
-1.99179 -1.99156
-1.9524 -1.95023
-1.95468 -1.95543
-2.01487 -2.01488
-1.88847 -1.88934
-1.97275 -1.9722
-1.87544 -1.87489
-2.00075 -2.00048
-1.83888 -1.83994
-1.86259 -1.86061
-2.05357 -2.05267
-1.98863 -1.98842
-1.99503 -1.98969
-1.94394 -1.94255
-1.91929 -1.91742
-2.02867 -2.03025
-1.93982 -1.93866
-0.104199 -0.105847
-1.81649 -1.81347
-1.91842 -1.914
-2.05325 -2.05457
-1.88032 -1.88183
-1.71838 -1.72322
-1.81924 -1.81604
-1.93532 -1.9327
-1.9562 -1.95689
-1.99338 -1.99467
-2.03313 -2.03131
-1.93319 -1.93318
-1.91385 -1.91385
-1.97801 -1.97775
-1.86668 -1.85994
-1.56926 -1.56878
-1.90962 -1.90686
-1.97469 -1.97512
-2.03392 -2.03363
-1.81439 -1.81606
-1.5732 -1.57307
-2.05055 -2.05073
-2.06056 -2.06062
-1.94951 -1.94856
-1.92768 -1.92642
-1.84376 -1.84559
-1.7969 -1.79736
-1.32551 -1.32159
-1.9989 -1.99721
-1.95024 -1.95026
-2.00044 -2.00051
-1.94144 -1.93972
-1.88836 -1.89042
-1.98685 -1.98643
-1.86283 -1.8619
-2.02424 -2.02244
-1.98358 -1.98294
-1.98755 -1.98698
-2.01847 -2.01947
-1.99773 -1.99526
-1.95991 -1.96128
-1.66235 -1.66413
-2.03692 -2.03559
-1.94302 -1.94273
-1.95096 -1.95111
-1.93082 -1.93185
-1.99021 -1.99054
-1.96621 -1.96437
-2.02072 -2.02064
-2.0143 -2.00956
-2.10225 -2.10244
-2.00333 -2.00322
-2.05949 -2.05976
-0.0443523 -0.0520712
-1.19746 -1.19124
-1.84066 -1.8394
-1.85266 -1.85607
-2.00295 -2.00322
-1.91638 -1.91663
-1.95163 -1.95332
-2.02789 -2.02764
-1.98922 -1.98757
-1.88981 -1.89017
-1.69432 -1.69284
-1.90915 -1.91146
-1.94742 -1.94691
-2.03606 -2.03378
-2.07698 -2.07766
-1.94012 -1.94424
-1.98275 -1.98328
-2.00181 -2.00106
-1.28991 -1.28821
-1.81453 -1.80972
-1.84334 -1.83452
-2.10714 -2.10767
-1.97992 -1.98055
-1.84984 -1.85089
-1.98972 -1.98587
-2.03227 -2.03279
-1.98876 -1.98935
-2.00959 -2.00765
-1.9889 -1.98859
-1.65097 -1.65116
-1.98528 -1.98491
-2.00061 -2.00088
-1.84162 -1.83954
-2.00107 -2.00105
-1.66163 -1.66158
-2.11085 -2.11114
-2.07136 -2.07133
-1.72751 -1.7264
-2.12421 -2.125
-1.99588 -1.99633
-1.98571 -1.98562
-1.71971 -1.72139
-1.97596 -1.97595
-1.88734 -1.88969
-1.90573 -1.9032
-1.97184 -1.97159
-1.98632 -1.98869
-2.01943 -2.01533
-1.53976 -1.53858
-1.96126 -1.95995
-1.92778 -1.92816
-2.00185 -2.00263
-2.00373 -2.00386
-2.01138 -2.01029
-1.92699 -1.9267
-1.92993 -1.93076
-2.01124 -2.01015
-1.99511 -1.99343
-1.9796 -1.97971
-0.179853 -0.178431
-1.93332 -1.9324
-1.89825 -1.89691
-1.78171 -1.78518
-2.03604 -2.03593
-2.01647 -2.01599
-1.86808 -1.87083
-1.97497 -1.97495
-1.77179 -1.77387
-1.63316 -1.63381
-1.98255 -1.98236
-1.97739 -1.97392
-1.94867 -1.94964
-1.97546 -1.97544
-1.89184 -1.89277
-1.9686 -1.96915
-2.01569 -2.01611
-1.99261 -1.99208
-1.9594 -1.95786
-2.0331 -2.03303
-1.9867 -1.98586
-1.8438 -1.84415
-1.96104 -1.96338
-1.52948 -1.5316
-0.646521 -0.647532
-2.03854 -2.03821
-2.087 -2.08704
-1.95821 -1.95736
-1.85818 -1.85549
-1.97259 -1.97215
-1.97497 -1.97411
-1.96769 -1.96804
-1.98424 -1.985
-1.89373 -1.8968
-2.04731 -2.04786
-2.12927 -2.13046
-2.0006 -2.00015
-1.10869 -1.10904
-2.105 -2.10538
-1.74421 -1.74518
-2.02128 -2.02195
-1.84785 -1.84541
-1.99152 -1.99179
-1.9833 -1.98221
-2.01399 -2.01192
-1.96604 -1.96542
-1.96213 -1.9631
-1.707 -1.70984
-2.0244 -2.024
-1.99088 -1.99122
-2.11782 -2.11843
-1.88645 -1.88812
-1.93107 -1.93275
-1.8668 -1.86942
-0.752456 -0.754997
-1.89104 -1.89159
-1.89282 -1.8882
-2.04197 -2.04264
-1.88757 -1.88043
-1.89741 -1.8949
-1.99347 -1.99355
-1.92495 -1.92734
-1.98254 -1.98202
-1.95565 -1.95336
-2.03385 -2.03439
-2.00177 -2.00128
-2.06954 -2.06982
-1.98177 -1.98123
-1.92075 -1.92328
-1.82833 -1.82665
-1.09221 -1.09484
-1.9337 -1.93254
-1.92157 -1.92063
-1.95402 -1.95349
-2.03397 -2.03362
-0.112638 -0.117045
-1.76002 -1.7609
-1.97714 -1.97663
-2.08891 -2.08985
-2.00148 -1.99851
-1.61457 -1.61515
-1.99272 -1.99003
-1.97813 -1.97842
-1.94699 -1.94734
-1.92958 -1.93045
-1.96991 -1.9699
-1.98752 -1.98731
-2.00464 -2.00442
-1.81374 -1.81495
-2.01023 -2.00786
-2.0047 -2.00559
-1.97037 -1.96791
-1.98134 -1.98098
-2.01058 -2.00912
-2.01193 -2.01138
-1.90368 -1.90289
-1.9672 -1.96571
-1.91401 -1.91797
-1.53913 -1.54055
-2.01468 -2.01094
-2.01594 -2.01581
-1.80516 -1.80565
-1.90048 -1.91022
-2.00639 -2.00574
-1.93539 -1.93486
-2.11686 -2.11723
-1.9637 -1.96526
-2.03348 -2.03336
-1.79674 -1.7995
-1.93985 -1.93823
-2.01901 -2.01929
-1.97472 -1.9785
-1.60234 -1.60351
-2.02698 -2.02746
-2.01223 -2.01168
-1.96006 -1.9593
-2.0172 -2.01745
-2.02784 -2.0275
-1.89763 -1.89782
-1.81351 -1.812
-1.96748 -1.96713
-2.07386 -2.07389
-1.99803 -1.99945
-1.86634 -1.87268
-1.84845 -1.8469
-1.96854 -1.96821
-1.96194 -1.96338
-2.01531 -2.01098
-2.04646 -2.04587
-1.9988 -1.99889
-1.47947 -1.47878
-1.88414 -1.87885
-1.98668 -1.98681
-2.02645 -2.02766
-1.84471 -1.84411
-1.72596 -1.72709
-1.69568 -1.6984
-1.95809 -1.95702
-1.88227 -1.8835
-2.02988 -2.02866
-2.0314 -2.03175
-1.9172 -1.91796
-2.04501 -2.04427
-2.0185 -2.01886
-1.94298 -1.94159
-1.87799 -1.87759
-1.93668 -1.93724
-2.07787 -2.07797
-2.02892 -2.02974
-1.9773 -1.97698
-2.09804 -2.09824
-2.01747 -2.01734
-1.88582 -1.88731
-1.80279 -1.80402
-1.92669 -1.92597
-2.01379 -2.01375
-2.0072 -2.00667
-1.69414 -1.69327
-1.99471 -1.99301
-2.10332 -2.10338
-1.457 -1.45733
-1.94883 -1.9486
-1.98925 -1.98902
-2.00797 -2.00739
-1.96148 -1.96061
-2.02707 -2.0286
-1.8931 -1.89027
-1.99291 -1.99293
-2.02335 -2.02443
-2.01561 -2.01636
-1.97303 -1.97357
-0.637143 -0.636065
-1.99168 -1.99
-1.98698 -1.9883
-1.71968 -1.72007
-1.17016 -1.17255
-2.03247 -2.03012
-2.0219 -2.02107
-1.63903 -1.63908
-1.98336 -1.98372
-1.95079 -1.95175
-2.00053 -2.00059
-2.01638 -2.01803
-1.78392 -1.78645
-1.88266 -1.88257
-1.52534 -1.52465
-1.98512 -1.98416
-2.00264 -2.00301
-2.05519 -2.05444
-2.07719 -2.07674
-1.95397 -1.95344
-1.84191 -1.84239
-1.89585 -1.89419
-2.03137 -2.03218
-2.00013 -1.99805
-1.16112 -1.15853
-1.92944 -1.92648
-1.93859 -1.93745
-1.9937 -1.99238
-2.02615 -2.02669
-1.82014 -1.82042
-1.99367 -1.99291
-1.99967 -1.99982
-1.75001 -1.74798
-1.13371 -1.13171
-1.76369 -1.75713
-1.61379 -1.61437
-1.86637 -1.86598
-2.00678 -2.00655
-2.04208 -2.04081
-1.91311 -1.91056
-0.209612 -0.211437
-1.95651 -1.95616
-1.96054 -1.96183
-1.93418 -1.93387
-2.01653 -2.01642
-1.916 -1.91517
-1.97441 -1.97289
-1.85934 -1.85821
-1.85138 -1.85042
-1.98124 -1.98095
-1.96162 -1.96092
-1.36865 -1.36706
-2.04279 -2.04276
-1.70973 -1.71038
-1.98035 -1.9785
-1.46346 -1.46397
-2.01193 -2.01151
-2.01771 -2.01761
-1.99962 -1.99995
-1.98343 -1.98435
-2.01082 -2.01166
-2.00473 -2.00316
-1.98923 -1.98911
-2.01065 -2.00963
-1.91413 -1.91193
-1.96422 -1.96244
-1.99453 -1.99473
-1.99116 -1.99142
-2.01164 -2.01052
-1.94682 -1.94621
-2.0253 -2.0257
-1.95612 -1.95668
-1.94619 -1.94624
-1.99875 -1.99732
-2.02016 -2.021
-2.00269 -2.00066
-2.0174 -2.01849
-1.98797 -1.98927
-2.02593 -2.02629
-2.02779 -2.02814
-1.45933 -1.46574
-1.7054 -1.70568
-0.652294 -0.651924
-2.03562 -2.03503
-2.08326 -2.08303
-1.61943 -1.61993
-2.00729 -2.00676
-1.74327 -1.7437
-1.9981 -1.99538
-1.85334 -1.85276
-1.92133 -1.92102
-1.94863 -1.95407
-1.98234 -1.98304
-1.89374 -1.89349
-1.52749 -1.52731
-1.94966 -1.94965
-2.08216 -2.08195
-1.85655 -1.86021
-1.98809 -1.98853
-1.93775 -1.93831
-1.97537 -1.97528
-1.4852 -1.48873
-1.49331 -1.49453
-2.04538 -2.04489
-1.96912 -1.97008
-1.90415 -1.91396
-1.90827 -1.90852
-2.11199 -2.11207
-2.03736 -2.03804
-1.88038 -1.88214
-1.70316 -1.70581
-2.0049 -2.0047
-1.96238 -1.96153
-1.97648 -1.97608
-2.01545 -2.01524
-1.89002 -1.89273
-1.90613 -1.90783
-1.71784 -1.72084
-2.01252 -2.01316
-1.67279 -1.6739
-1.93381 -1.93476
-1.88432 -1.88454
-1.9852 -1.98355
-2.00761 -2.0075
-2.03525 -2.03749
-1.87458 -1.86898
-2.07359 -2.07385
-1.88249 -1.88256
-1.94574 -1.94209
-2.00639 -2.00829
-1.99759 -1.99772
-1.98356 -1.98383
-2.01592 -2.01693
-2.08423 -2.0859
-1.94792 -1.94904
-1.69906 -1.69735
-1.85403 -1.8511
-2.02734 -2.02778
-1.56509 -1.56673
-1.90602 -1.90462
-1.93248 -1.92876
-1.83591 -1.83551
-1.98991 -1.98946
-1.9314 -1.93207
-1.77819 -1.779
-1.98823 -1.98998
-2.0239 -2.02474
-2.02039 -2.0199
-1.93468 -1.93477
-2.09793 -2.09866
-2.03765 -2.03464
-1.94969 -1.95069
-1.9411 -1.94055
-2.0195 -2.01982
-1.99925 -1.9996
-2.03233 -2.0309
-2.01171 -2.01099
-2.00111 -2.00123
-2.00423 -2.00489
-1.97541 -1.97462
-2.03617 -2.0372
-1.95399 -1.95128
-1.95999 -1.96098
-1.96974 -1.96606
-1.9404 -1.93891
-1.97459 -1.97633
-2.03112 -2.03159
-2.06688 -2.06668
-2.01848 -2.01745
-1.94571 -1.94776
-2.03005 -2.03052
-1.98826 -1.98756
-1.7006 -1.70246
-2.03439 -2.03254
-2.01913 -2.01978
-1.68666 -1.68702
-1.96959 -1.96972
-1.95213 -1.95065
-1.96597 -1.96572
-1.85412 -1.85852
-1.80528 -1.80587
-1.31783 -1.31216
-1.94684 -1.94714
-1.96828 -1.96909
-1.92953 -1.93006
-2.01615 -2.01772
-1.9662 -1.96863
-2.01618 -2.01443
-1.57643 -1.57641
-1.91974 -1.91764
-2.12903 -2.13023
-1.73906 -1.73949
-1.88519 -1.89126
-2.02029 -2.01927
-2.12885 -2.13005
-2.12901 -2.13017
-1.90125 -1.90201
-2.02684 -2.02648
-1.57219 -1.57367
-2.00975 -2.00992
-2.01783 -2.01544
-1.95864 -1.95738
-1.12314 -1.12107
-1.94474 -1.9445
-1.93455 -1.93438
-1.97469 -1.97366
-1.94442 -1.94423
-1.8459 -1.84681
-1.9629 -1.96052
-1.91214 -1.91606
-1.96128 -1.96096
-1.81761 -1.81877
-1.84626 -1.84757
-2.09287 -2.09268
-2.11047 -2.11107
-1.99191 -1.99374
-1.66242 -1.66354
-1.93127 -1.92958
-1.94443 -1.94253
-1.97914 -1.97841
-1.99776 -1.99843
-1.97594 -1.97478
-1.95512 -1.95598
-1.97273 -1.97235
-1.93908 -1.9404
-2.00041 -2.00097
-1.99446 -1.99321
-1.93191 -1.933
-1.98549 -1.98518
-1.70247 -1.70235
-1.71557 -1.72029
-1.9966 -1.99692
-2.02969 -2.02966
-1.71257 -1.7137
-1.96007 -1.95814
-1.92826 -1.92814
-1.96981 -1.96234
-1.95435 -1.95262
-1.82739 -1.8285
-2.06027 -2.05963
-1.99689 -1.99769
-2.11112 -2.1116
-1.9786 -1.97733
-1.91879 -1.91834
-1.98071 -1.98291
-1.95226 -1.95185
-1.32445 -1.32733
-1.81901 -1.81784
-1.94552 -1.94537
-1.88561 -1.8886
-2.04442 -2.04373
-1.32699 -1.32482
-2.01414 -2.01275
-1.99867 -1.99923
-2.0132 -2.01203
-1.94622 -1.94808
-2.00788 -2.0066
-1.97103 -1.97113
-1.96321 -1.9617
-1.9901 -1.99041
-1.83909 -1.84292
-1.97393 -1.97402
-1.93369 -1.93588
-2.00014 -1.99972
-1.96821 -1.96951
-2.03503 -2.03359
-1.97957 -1.98018
-1.95704 -1.95802
-1.88315 -1.88361
-1.92676 -1.92644
-1.98613 -1.98594
-1.89127 -1.89014
-0.0520982 -0.0524771
-1.95123 -1.95251
-1.99093 -1.99121
-2.05129 -2.05204
-2.02081 -2.02028
-1.95061 -1.95029
-1.88562 -1.88169
-2.00133 -2.00053
-0.242689 -0.253988
-1.93544 -1.93407
-1.9611 -1.96089
-1.95468 -1.95694
-2.025 -2.02443
-1.85798 -1.85839
-2.11068 -2.11141
-1.91446 -1.9149
-1.94091 -1.93996
-1.90775 -1.90704
-1.97139 -1.97034
-1.70955 -1.71103
-2.06414 -2.06386
-2.00517 -2.00705
-1.8903 -1.88845
-1.95649 -1.95539
-2.02179 -2.02241
-1.95309 -1.95364
-1.89479 -1.89663
-2.0447 -2.04491
-1.93856 -1.93875
-2.0869 -2.08694
-1.89034 -1.88899
-1.88112 -1.87862
-1.94338 -1.94358
-0.722782 -0.714402
-1.86232 -1.85994
-2.02099 -2.02227
-1.97626 -1.97618
-2.0467 -2.04794
-1.99141 -1.99124
-1.94473 -1.94517
-1.9691 -1.96514
-2.00872 -2.00798
-1.86249 -1.86282
-1.90386 -1.90399
-1.95527 -1.95225
-1.94068 -1.94053
-2.01154 -2.01146
-1.97583 -1.97548
-2.00751 -2.0063
-1.96531 -1.9646
-1.8809 -1.88199
-2.01007 -2.01028
-2.03821 -2.03749
-2.00678 -2.00488
-1.95463 -1.95412
-1.97797 -1.97752
-2.00706 -2.00822
-1.99197 -1.99172
-1.47707 -1.47607
-1.92252 -1.92413
-1.98748 -1.98733
-2.03059 -2.03111
-1.85678 -1.85469
-1.50423 -1.50227
-1.99831 -1.99908
-1.99823 -1.9978
-2.11925 -2.12
-0.673962 -0.671653
-1.96558 -1.96544
-2.07107 -2.07226
-2.124 -2.12482
-1.95694 -1.95654
-1.98104 -1.98136
-2.01933 -2.01896
-1.81369 -1.81396
-1.41931 -1.41729
-1.97273 -1.97281
-1.99975 -1.99974
-1.98368 -1.97915
-1.98569 -1.98455
-2.0012 -2.00112
-1.78166 -1.77714
-1.87346 -1.87349
-1.88865 -1.88812
-2.09324 -2.09315
-1.96316 -1.96619
-1.33875 -1.33881
-0.0586763 -0.0585863
-2.02918 -2.02858
-2.0279 -2.02868
-1.82371 -1.82559
-1.11446 -1.11459
-1.97317 -1.97278
-1.94878 -1.95048
-2.02429 -2.02117
-1.98983 -1.99018
-2.03813 -2.03784
-1.95437 -1.95411
-1.95622 -1.95877
-1.93635 -1.93584
-1.72273 -1.72318
-1.77717 -1.77865
-2.01818 -2.01851
-0.754751 -0.754023
-2.00637 -2.00597
-2.02199 -2.0216
-2.09845 -2.09906
-1.97146 -1.9693
-2.02341 -2.02329
-1.66117 -1.66075
-1.92897 -1.93031
-1.99148 -1.99257
-1.96444 -1.96329
-1.91889 -1.91873
-1.83248 -1.83135
-1.99514 -1.99621
-1.48788 -1.4897
-2.00391 -2.00387
-2.02506 -2.02499
-1.97127 -1.97088
-2.00732 -2.00785
-1.98464 -1.98484
-1.99096 -1.99101
-1.97939 -1.98109
-1.99792 -1.99824
-1.91278 -1.90738
-2.00627 -2.00669
-2.04465 -2.04495
-1.99661 -1.99428
-2.07194 -2.07163
-1.93558 -1.92971
-1.45754 -1.4584
-1.90312 -1.89968
-1.96452 -1.96431
-1.94899 -1.95037
-1.92328 -1.9247
-1.81382 -1.8141
-1.84622 -1.84396
-2.03483 -2.03561
-1.98071 -1.98062
-1.68642 -1.68398
-2.06677 -2.06666
-1.98983 -1.99019
-2.08927 -2.08946
-2.08549 -2.0856
-1.94875 -1.95045
-1.74495 -1.74592
-1.96696 -1.96579
-2.00405 -2.0037
-1.39799 -1.3896
-2.00268 -2.00302
-1.71429 -1.71054
-1.99114 -1.99058
-2.01727 -2.0158
-1.89444 -1.89217
-2.00339 -2.00271
-2.02437 -2.02374
-1.97166 -1.96919
-1.90268 -1.90257
-1.91486 -1.91419
-1.98339 -1.98445
-1.94549 -1.94686
-2.00846 -2.00904
-2.02741 -2.02853
-2.00001 -1.99986
-1.96904 -1.96963
-2.00033 -1.99926
-1.98611 -1.985
-1.99187 -1.99261
-1.72805 -1.73154
-1.9953 -1.99543
-2.03037 -2.03126
-1.95228 -1.95464
-1.32966 -1.32831
-2.00096 -2.00106
-2.00355 -2.00335
-1.86877 -1.86839
-1.88499 -1.88402
-1.9742 -1.97584
-1.94021 -1.93905
-1.92322 -1.9228
-1.8325 -1.83195
-1.72652 -1.72907
-1.96503 -1.9656
-1.92355 -1.92454
-2.06333 -2.06371
-1.99963 -2.00084
-1.94124 -1.94205
-1.71534 -1.71665
-1.93063 -1.9296
-1.96354 -1.96546
-2.02113 -2.02175
-1.8514 -1.84229
-1.9138 -1.91916
-1.99601 -1.99708
-1.89193 -1.88907
-2.0334 -2.0337
-1.88562 -1.88732
-1.91768 -1.918
-1.93565 -1.93388
-1.93195 -1.93101
-1.41765 -1.41303
-2.03405 -2.03415
-1.9932 -1.99078
-1.86727 -1.86527
-1.99149 -1.99246
-2.01709 -2.01766
-1.94327 -1.94275
-2.0539 -2.05307
-1.46793 -1.46792
-2.06008 -2.06006
-2.02821 -2.02798
-1.92344 -1.92515
-1.96888 -1.96505
-1.98754 -1.98557
-1.93692 -1.93838
-1.90599 -1.90608
-1.91032 -1.90892
-2.00383 -2.00353
-1.91293 -1.91371
-2.00837 -2.00696
-1.98436 -1.98448
-2.00425 -2.00487
-2.0644 -2.06421
-1.49084 -1.49152
-1.93093 -1.93334
-2.03886 -2.03729
-1.9485 -1.94763
-2.02464 -2.02476
-2.00296 -2.00358
-1.99503 -1.99547
-1.87864 -1.87503
-2.01865 -2.01782
-1.97925 -1.97941
-1.99446 -1.99411
-1.96734 -1.9624
-1.99136 -1.98856
-1.92819 -1.92925
-2.01587 -2.01647
-0.685924 -0.68551
-1.94514 -1.94663
-1.97755 -1.98033
-1.44869 -1.44875
-2.03099 -2.03102
-2.0391 -2.03956
-2.02841 -2.02945
-2.03648 -2.03806
-2.01511 -2.01279
-2.04102 -2.04159
-2.04103 -2.04184
-2.03333 -2.03421
-2.02995 -2.03068
-2.04685 -2.04641
-2.04685 -2.04641
-2.04102 -2.04142
-2.04101 -2.04166
-2.04103 -2.04184
-2.03334 -2.03451
-2.04103 -2.04185
