      Step     Time          Energy         fmax
BFGS:    0 14:02:25 -1425513.646898       39.2022
BFGS:    1 14:02:55 -1425515.099765       30.4860
BFGS:    2 14:03:35 -1425501.463845      148.6925
BFGS:    3 14:04:00 -1425519.181249        4.8737
BFGS:    4 14:04:34 -1425519.929987       14.9572
BFGS:    5 14:05:00 -1425522.425117       26.4786
BFGS:    6 14:05:26 -1425524.191598       10.9992
BFGS:    7 14:05:52 -1425524.789915        6.0918
BFGS:    8 14:06:17 -1425524.981026        1.3820
BFGS:    9 14:06:45 -1425525.054245        1.9487
BFGS:   10 14:07:11 -1425525.125440        3.2287
BFGS:   11 14:07:35 -1425525.208112        2.8540
BFGS:   12 14:08:02 -1425525.248222        1.2001
BFGS:   13 14:08:28 -1425525.266211        0.3381
BFGS:   14 14:08:53 -1425525.274075        0.4904
BFGS:   15 14:09:19 -1425525.279676        0.3638
BFGS:   16 14:09:43 -1425525.288496        0.4829
BFGS:   17 14:10:10 -1425525.296089        0.4865
BFGS:   18 14:10:35 -1425525.301724        0.5195
BFGS:   19 14:11:00 -1425525.306645        0.2183
BFGS:   20 14:11:26 -1425525.314351        0.5637
BFGS:   21 14:11:53 -1425525.329322        1.2597
BFGS:   22 14:12:18 -1425525.353576        2.1311
BFGS:   23 14:12:43 -1425525.377335        2.0046
BFGS:   24 14:13:09 -1425525.395272        0.5675
BFGS:   25 14:13:35 -1425525.398080        0.0917
BFGS:   26 14:14:00 -1425525.399227        0.2489
BFGS:   27 14:14:26 -1425525.401481        0.5513
BFGS:   28 14:14:52 -1425525.403850        0.6982
BFGS:   29 14:15:17 -1425525.405290        0.4720
BFGS:   30 14:15:41 -1425525.405392        0.1348
BFGS:   31 14:16:07 -1425525.405305        0.0088
BFGS:   32 14:16:33 -1425525.405293        0.0289
BFGS:   33 14:16:58 -1425525.405294        0.0606
BFGS:   34 14:17:23 -1425525.405325        0.0828
BFGS:   35 14:17:52 -1425525.405399        0.0740
BFGS:   36 14:18:17 -1425525.405478        0.0341
BFGS:   37 14:18:41 -1425525.405516        0.0050
BFGS:   38 14:19:08 -1425525.405530        0.0082
      Step     Time          Energy         fmax
BFGS:    0 14:47:41 -1425525.405544        0.0220
BFGS:    1 14:48:08 -1425525.156624       11.9767
BFGS:    2 14:48:33 -1425525.405532        0.0167
BFGS:    3 14:48:58 -1425525.405535        0.0162
BFGS:    4 14:49:23 -1425525.405526        0.0011
BFGS:    5 14:49:47 -1425525.405526        0.0002
