-1.93386 -1.93411
-1.98567 -1.98599
-1.96572 -1.96585
-1.80985 -1.81136
-1.50584 -1.50656
-1.88743 -1.88427
-1.9384 -1.93812
-1.98093 -1.98083
-1.96026 -1.96059
-1.94333 -1.94328
-1.97685 -1.9779
-1.74812 -1.7468
-1.87202 -1.87117
-2.01702 -2.0169
-1.90494 -1.90448
-1.95225 -1.95036
-1.86714 -1.8646
-1.82804 -1.82958
-2.02736 -2.02728
-1.77754 -1.77742
-1.98094 -1.98094
-2.02227 -2.02197
-1.8745 -1.87668
-1.94967 -1.9494
-1.86008 -1.86264
-1.83513 -1.83502
-1.88417 -1.88401
-1.64686 -1.64717
-1.96086 -1.96072
-1.75375 -1.7552
-1.89209 -1.89385
-1.90244 -1.90209
-1.45409 -1.45341
-1.89897 -1.89957
-1.52263 -1.52073
-1.81559 -1.81861
-1.53202 -1.53213
-1.90004 -1.90072
-1.75661 -1.75744
-1.61565 -1.61548
-1.83654 -1.83699
-1.91036 -1.91097
-1.93506 -1.93545
-1.79042 -1.79199
-2.00394 -2.00357
-1.55903 -1.56052
-1.95814 -1.95948
-1.9477 -1.94881
-1.9524 -1.95259
-1.98948 -1.98914
-2.00323 -2.00301
-1.98665 -1.98714
-1.9237 -1.92671
-1.71755 -1.71813
-1.91301 -1.91311
-2.03438 -2.03423
-1.97503 -1.9758
-1.83501 -1.83746
-1.94675 -1.94711
-1.68186 -1.68138
-1.88638 -1.88747
-1.93203 -1.93182
-1.66946 -1.66975
-1.77471 -1.77662
-1.86454 -1.86608
-1.51655 -1.51544
-1.99824 -1.99877
-1.54804 -1.54906
-1.80559 -1.80628
-1.64697 -1.65091
-1.88944 -1.88998
-1.82827 -1.82618
-1.9016 -1.90088
-1.93492 -1.93513
-1.95725 -1.95601
-1.83113 -1.83347
-1.66354 -1.66551
-1.91768 -1.91962
-1.97236 -1.97232
-1.70948 -1.71089
-1.99992 -1.99983
-1.8953 -1.89742
-1.7366 -1.7369
-1.91899 -1.91882
-1.93678 -1.93713
-1.92481 -1.92531
-1.96032 -1.96179
-1.681 -1.6796
-1.86323 -1.86352
-1.9427 -1.94527
-1.98667 -1.98622
-1.99365 -1.99442
-1.83817 -1.83865
-1.7779 -1.78099
-1.50016 -1.50009
-1.89738 -1.89581
-1.96467 -1.96472
-1.97004 -1.97066
-1.8815 -1.88002
-1.73387 -1.73464
-1.91932 -1.91939
-1.95606 -1.95611
-1.82274 -1.82324
-1.97149 -1.97046
-1.91907 -1.91932
-1.81065 -1.81243
-1.84497 -1.84532
-1.76476 -1.76537
-2.00122 -2.0015
-1.48181 -1.48107
-2.0082 -2.00819
-2.03242 -2.03172
-1.98139 -1.98187
-1.94539 -1.94531
-1.99038 -1.99086
-2.01448 -2.01462
-2.00546 -2.00577
-1.9473 -1.95191
-1.97643 -1.97562
-2.02286 -2.02394
-2.08299 -2.08252
-1.90025 -1.90083
-1.43655 -1.44253
-1.92622 -1.92582
-2.03496 -2.03558
-2.03044 -2.03027
-2.02986 -2.03016
-1.98656 -1.98522
-1.90794 -1.90884
-1.98678 -1.98639
-2.02484 -2.02333
-2.06567 -2.06547
-1.96631 -1.96539
-1.89028 -1.88913
-1.8345 -1.83295
-1.96802 -1.96779
-1.94311 -1.94298
-1.96376 -1.96625
-1.97564 -1.97585
-1.94278 -1.94275
-1.95101 -1.95184
-2.0286 -2.02846
-2.03955 -2.03955
-1.33307 -1.34005
-1.97295 -1.97061
-2.01506 -2.01532
-1.98575 -1.98731
-1.98796 -1.98791
-1.99922 -1.99854
-1.99309 -1.99288
-1.98552 -1.98498
-2.00005 -1.99736
-1.95915 -1.96022
-1.99676 -1.99776
-1.94546 -1.94833
-1.88899 -1.88999
-1.89923 -1.89626
-1.91068 -1.91111
-1.78092 -1.78011
-1.93891 -1.93987
-1.94896 -1.94837
-1.73593 -1.73605
-1.96633 -1.96612
-2.0723 -2.07183
-2.0084 -2.0082
-2.03777 -2.03764
-2.01353 -2.01371
-1.9927 -1.99338
-1.94613 -1.95011
-1.91344 -1.91264
-1.81597 -1.81533
-1.92263 -1.92266
-1.94199 -1.94282
-1.97758 -1.97797
-1.99527 -1.99515
-1.91066 -1.91049
-2.08753 -2.08694
-1.86407 -1.86591
-1.86493 -1.86911
-2.00204 -2.00015
-2.03483 -2.03509
-0.647548 -0.64863
-1.93549 -1.93567
-2.02816 -2.02665
-1.9305 -1.93197
-2.07748 -2.07729
-1.94082 -1.93945
-2.01409 -2.01401
-1.87563 -1.87608
-1.91777 -1.91907
-1.96081 -1.95919
-1.98029 -1.98094
-1.83953 -1.83956
-1.98548 -1.98408
-2.0231 -2.02467
-2.09892 -2.0982
-2.01121 -2.01067
-2.07363 -2.07365
-2.02202 -2.02007
-2.01326 -2.01048
-2.01222 -2.0123
-2.02074 -2.02057
-1.97231 -1.9726
-2.02184 -2.02046
-2.03489 -2.03551
-1.93611 -1.93627
-1.97186 -1.97134
-2.00073 -2.00098
-1.92768 -1.92606
-1.91601 -1.91815
-1.9518 -1.95087
-2.00757 -2.0069
-1.95246 -1.94988
-2.08283 -2.08288
-2.00383 -2.00319
-1.90218 -1.90339
-1.95936 -1.95835
-1.94414 -1.9432
-1.97112 -1.97081
-1.46278 -1.46449
-1.90697 -1.90953
-1.98126 -1.98103
-2.08516 -2.08551
-2.03214 -2.03341
-1.84853 -1.84799
-1.93217 -1.93477
-1.99241 -1.99206
-1.99621 -1.99623
-2.01022 -2.01099
-1.85205 -1.84992
-0.0529226 -0.0575613
-2.00593 -2.00599
-0.771891 -0.778318
-2.05393 -2.05388
-2.06742 -2.06686
-1.98246 -1.98182
-2.00714 -2.00817
-1.74918 -1.74834
-1.96485 -1.96345
-2.07845 -2.07821
-2.03289 -2.03279
-1.96803 -1.96314
-1.95684 -1.95678
-2.02068 -2.02096
-1.17708 -1.17613
-2.02964 -2.02939
-1.98692 -1.98358
-1.93388 -1.93569
-2.02396 -2.02471
-1.99373 -1.99343
-2.02188 -2.0205
-1.96046 -1.96139
-1.93524 -1.93459
-2.0209 -2.01935
-1.9446 -1.94326
-1.98639 -1.9862
-2.03395 -2.0329
-1.99466 -1.99369
-1.99774 -1.99709
-2.0542 -2.05457
-1.93647 -1.93702
-2.0157 -2.01592
-1.94718 -1.94658
-1.9275 -1.92831
-1.85243 -1.85568
-2.00465 -2.00423
-1.49466 -1.49442
-1.1098 -1.11393
-1.77685 -1.77883
-1.95313 -1.95388
-1.88723 -1.88858
-1.97513 -1.97637
-2.06852 -2.06811
-1.9942 -1.99502
-2.05153 -2.05168
-1.96653 -1.9649
-2.008 -2.007
-1.96996 -1.97014
-2.02005 -2.01979
-1.99633 -1.99705
-2.12491 -2.12508
-1.88067 -1.87753
-2.09239 -2.09229
-1.41704 -1.41692
-1.98633 -1.9879
-1.96183 -1.96104
-2.11887 -2.11894
-1.99055 -1.99325
-1.68736 -1.69406
-1.96756 -1.96451
-1.99315 -1.9956
-1.92977 -1.93056
-1.93304 -1.93187
-2.01225 -2.01142
-1.84588 -1.8433
-1.90044 -1.89932
-1.96474 -1.96229
-2.08248 -2.08189
-2.0451 -2.04488
-1.71493 -1.71741
-2.02153 -2.0213
-2.0254 -2.02536
-1.95758 -1.95875
-1.94702 -1.94663
-1.93011 -1.93231
-1.86014 -1.86389
-1.99109 -1.99063
-1.98213 -1.98328
-1.35807 -1.35815
-1.8481 -1.84879
-2.00931 -2.00969
-2.02773 -2.0287
-2.00658 -2.0066
-1.94616 -1.94664
-1.98943 -1.98882
-1.8927 -1.89361
-1.82464 -1.82693
-1.89571 -1.89871
-1.98496 -1.98511
-2.00765 -2.00668
-1.90483 -1.90766
-1.95163 -1.95262
-2.01459 -2.01552
-1.98009 -1.97867
-1.42085 -1.41993
-2.05606 -2.05614
-1.99902 -1.99582
-2.08691 -2.08685
-1.94818 -1.94826
-1.99752 -1.99808
-1.83336 -1.83333
-1.7862 -1.78722
-1.50002 -1.50058
-0.204479 -0.202987
-1.69694 -1.69665
-2.00736 -2.00639
-1.99882 -1.9995
-1.97806 -1.97797
-1.92164 -1.92118
-1.93656 -1.93633
-1.9464 -1.94611
-1.94687 -1.94764
-1.91729 -1.91699
-2.02607 -2.02721
-2.01628 -2.01551
-1.83431 -1.8366
-1.88211 -1.8778
-2.00247 -2.00308
-2.03043 -2.0291
-1.87101 -1.8747
-2.12443 -2.12456
-1.90502 -1.90614
-1.92215 -1.92304
-1.89204 -1.8868
-2.03081 -2.03123
-1.94853 -1.94756
-1.99182 -1.99156
-1.95161 -1.95023
-1.95478 -1.95543
-2.0148 -2.01488
-1.88735 -1.88934
-1.973 -1.9722
-1.87552 -1.87489
-2.00075 -2.00048
-1.8391 -1.83994
-1.86235 -1.86061
-2.05349 -2.05267
-1.98846 -1.98842
-1.99469 -1.98969
-1.94401 -1.94255
-1.91819 -1.91742
-2.02899 -2.03025
-1.93821 -1.93866
-0.104701 -0.105847
-1.81655 -1.81347
-1.91657 -1.914
-2.05297 -2.05457
-1.8808 -1.88183
-1.71861 -1.72322
-1.82121 -1.81604
-1.93288 -1.9327
-1.95606 -1.95689
-1.99363 -1.99467
-2.03264 -2.03131
-1.9334 -1.93318
-1.914 -1.91385
-1.97766 -1.97775
-1.86457 -1.85994
-1.56944 -1.56878
-1.90903 -1.90686
-1.97498 -1.97512
-2.03375 -2.03363
-1.81479 -1.81606
-1.5718 -1.57307
-2.05029 -2.05073
-2.06071 -2.06062
-1.94875 -1.94856
-1.92791 -1.92642
-1.84507 -1.84559
-1.79712 -1.79736
-1.32725 -1.32159
-1.99866 -1.99721
-1.95045 -1.95026
-2.00005 -2.00051
-1.94131 -1.93972
-1.8888 -1.89042
-1.98673 -1.98643
-1.86262 -1.8619
-2.02377 -2.02244
-1.98398 -1.98294
-1.98687 -1.98698
-2.01873 -2.01947
-1.99783 -1.99526
-1.96002 -1.96128
-1.66229 -1.66413
-2.03644 -2.03559
-1.94346 -1.94273
-1.95144 -1.95111
-1.93083 -1.93185
-1.99045 -1.99054
-1.96681 -1.96437
-2.02037 -2.02064
-2.01218 -2.00956
-2.10226 -2.10244
-2.00301 -2.00322
-2.05961 -2.05976
-0.0518061 -0.0520712
-1.19937 -1.19124
-1.83999 -1.8394
-1.85267 -1.85607
-2.00329 -2.00322
-1.91606 -1.91663
-1.95213 -1.95332
-2.02779 -2.02764
-1.9881 -1.98757
-1.88977 -1.89017
-1.69713 -1.69284
-1.90873 -1.91146
-1.94763 -1.94691
-2.0354 -2.03378
-2.07657 -2.07766
-1.94015 -1.94424
-1.98336 -1.98328
-2.0019 -2.00106
-1.28437 -1.28821
-1.81505 -1.80972
-1.84165 -1.83452
-2.10733 -2.10767
-1.98017 -1.98055
-1.85021 -1.85089
-1.98956 -1.98587
-2.03234 -2.03279
-1.9888 -1.98935
-2.00923 -2.00765
-1.98864 -1.98859
-1.65066 -1.65116
-1.98362 -1.98491
-2.00103 -2.00088
-1.84341 -1.83954
-2.00123 -2.00105
-1.66152 -1.66158
-2.11116 -2.11114
-2.07143 -2.07133
-1.72769 -1.7264
-2.12484 -2.125
-1.9962 -1.99633
-1.98563 -1.98562
-1.71975 -1.72139
-1.97568 -1.97595
-1.88789 -1.88969
-1.90448 -1.9032
-1.97217 -1.97159
-1.98652 -1.98869
-2.01859 -2.01533
-1.53861 -1.53858
-1.96089 -1.95995
-1.92786 -1.92816
-2.0019 -2.00263
-2.00442 -2.00386
-2.01194 -2.01029
-1.92678 -1.9267
-1.93015 -1.93076
-2.01095 -2.01015
-1.99515 -1.99343
-1.97889 -1.97971
-0.179103 -0.178431
-1.93371 -1.9324
-1.89829 -1.89691
-1.78206 -1.78518
-2.03544 -2.03593
-2.01651 -2.01599
-1.86819 -1.87083
-1.97511 -1.97495
-1.77239 -1.77387
-1.63329 -1.63381
-1.98257 -1.98236
-1.97823 -1.97392
-1.94916 -1.94964
-1.97551 -1.97544
-1.89263 -1.89277
-1.96923 -1.96915
-2.01571 -2.01611
-1.99219 -1.99208
-1.95881 -1.95786
-2.03306 -2.03303
-1.98629 -1.98586
-1.84361 -1.84415
-1.96123 -1.96338
-1.52932 -1.5316
-0.648345 -0.647532
-2.03839 -2.03821
-2.08765 -2.08704
-1.95792 -1.95736
-1.85786 -1.85549
-1.97262 -1.97215
-1.9735 -1.97411
-1.96768 -1.96804
-1.98422 -1.985
-1.89381 -1.8968
-2.04722 -2.04786
-2.13007 -2.13046
-2.00052 -2.00015
-1.10991 -1.10904
-2.10541 -2.10538
-1.74422 -1.74518
-2.02129 -2.02195
-1.84778 -1.84541
-1.99149 -1.99179
-1.98345 -1.98221
-2.01387 -2.01192
-1.96619 -1.96542
-1.96212 -1.9631
-1.707 -1.70984
-2.02508 -2.024
-1.99075 -1.99122
-2.11837 -2.11843
-1.88667 -1.88812
-1.93242 -1.93275
-1.86707 -1.86942
-0.751932 -0.754997
-1.89083 -1.89159
-1.89284 -1.8882
-2.04208 -2.04264
-1.88646 -1.88043
-1.89388 -1.8949
-1.9936 -1.99355
-1.9249 -1.92734
-1.98246 -1.98202
-1.95498 -1.95336
-2.03386 -2.03439
-2.00165 -2.00128
-2.06988 -2.06982
-1.98134 -1.98123
-1.92159 -1.92328
-1.83033 -1.82665
-1.09349 -1.09484
-1.93326 -1.93254
-1.92028 -1.92063
-1.95392 -1.95349
-2.03378 -2.03362
-0.113295 -0.117045
-1.76001 -1.7609
-1.97694 -1.97663
-2.08904 -2.08985
-2.00139 -1.99851
-1.61428 -1.61515
-1.99281 -1.99003
-1.97845 -1.97842
-1.94665 -1.94734
-1.92907 -1.93045
-1.97028 -1.9699
-1.98759 -1.98731
-2.00486 -2.00442
-1.81428 -1.81495
-2.01073 -2.00786
-2.00494 -2.00559
-1.97015 -1.96791
-1.98099 -1.98098
-2.01114 -2.00912
-2.01247 -2.01138
-1.90334 -1.90289
-1.96713 -1.96571
-1.91386 -1.91797
-1.53925 -1.54055
-2.01421 -2.01094
-2.01635 -2.01581
-1.80516 -1.80565
-1.90078 -1.91022
-2.00668 -2.00574
-1.93475 -1.93486
-2.11736 -2.11723
-1.96396 -1.96526
-2.03326 -2.03336
-1.79746 -1.7995
-1.93929 -1.93823
-2.01865 -2.01929
-1.97476 -1.9785
-1.60258 -1.60351
-2.02737 -2.02746
-2.01208 -2.01168
-1.95961 -1.9593
-2.01738 -2.01745
-2.0279 -2.0275
-1.89789 -1.89782
-1.81652 -1.812
-1.96712 -1.96713
-2.07335 -2.07389
-1.99836 -1.99945
-1.87069 -1.87268
-1.84861 -1.8469
-1.96873 -1.96821
-1.96232 -1.96338
-2.01348 -2.01098
-2.0464 -2.04587
-1.99847 -1.99889
-1.4773 -1.47878
-1.88356 -1.87885
-1.9866 -1.98681
-2.02653 -2.02766
-1.84468 -1.84411
-1.72687 -1.72709
-1.69665 -1.6984
-1.95782 -1.95702
-1.88204 -1.8835
-2.02871 -2.02866
-2.03166 -2.03175
-1.91719 -1.91796
-2.04497 -2.04427
-2.01877 -2.01886
-1.94311 -1.94159
-1.87882 -1.87759
-1.93654 -1.93724
-2.07823 -2.07797
-2.02894 -2.02974
-1.97757 -1.97698
-2.09807 -2.09824
-2.01729 -2.01734
-1.88494 -1.88731
-1.80444 -1.80402
-1.92586 -1.92597
-2.01377 -2.01375
-2.00764 -2.00667
-1.69355 -1.69327
-1.9938 -1.99301
-2.10348 -2.10338
-1.45778 -1.45733
-1.94868 -1.9486
-1.98925 -1.98902
-2.00787 -2.00739
-1.96139 -1.96061
-2.02775 -2.0286
-1.8936 -1.89027
-1.993 -1.99293
-2.02361 -2.02443
-2.01588 -2.01636
-1.97285 -1.97357
-0.638439 -0.636065
-1.99113 -1.99
-1.98759 -1.9883
-1.71928 -1.72007
-1.17053 -1.17255
-2.03114 -2.03012
-2.02111 -2.02107
-1.63853 -1.63908
-1.98337 -1.98372
-1.95096 -1.95175
-2.00078 -2.00059
-2.01643 -2.01803
-1.78439 -1.78645
-1.88151 -1.88257
-1.52442 -1.52465
-1.98468 -1.98416
-2.00322 -2.00301
-2.05517 -2.05444
-2.07674 -2.07674
-1.95422 -1.95344
-1.84227 -1.84239
-1.8954 -1.89419
-2.03154 -2.03218
-1.99987 -1.99805
-1.15747 -1.15853
-1.92867 -1.92648
-1.93894 -1.93745
-1.99382 -1.99238
-2.02641 -2.02669
-1.82001 -1.82042
-1.99354 -1.99291
-1.99965 -1.99982
-1.75331 -1.74798
-1.13496 -1.13171
-1.76545 -1.75713
-1.6138 -1.61437
-1.86654 -1.86598
-2.00694 -2.00655
-2.04104 -2.04081
-1.90774 -1.91056
-0.208318 -0.211437
-1.95698 -1.95616
-1.96077 -1.96183
-1.93476 -1.93387
-2.01692 -2.01642
-1.91545 -1.91517
-1.9752 -1.97289
-1.86019 -1.85821
-1.85219 -1.85042
-1.98106 -1.98095
-1.96227 -1.96092
-1.36499 -1.36706
-2.0429 -2.04276
-1.70992 -1.71038
-1.98004 -1.9785
-1.46341 -1.46397
-2.01183 -2.01151
-2.01806 -2.01761
-1.99983 -1.99995
-1.98333 -1.98435
-2.01114 -2.01166
-2.00467 -2.00316
-1.98923 -1.98911
-2.0111 -2.00963
-1.91299 -1.91193
-1.96402 -1.96244
-1.99489 -1.99473
-1.99129 -1.99142
-2.01145 -2.01052
-1.94746 -1.94621
-2.02542 -2.0257
-1.9561 -1.95668
-1.94647 -1.94624
-1.99732 -1.99732
-2.02046 -2.021
-2.00285 -2.00066
-2.01757 -2.01849
-1.98837 -1.98927
-2.02588 -2.02629
-2.02798 -2.02814
-1.4597 -1.46574
-1.70724 -1.70568
-0.651572 -0.651924
-2.03568 -2.03503
-2.08376 -2.08303
-1.61865 -1.61993
-2.00774 -2.00676
-1.74406 -1.7437
-1.9988 -1.99538
-1.85186 -1.85276
-1.92233 -1.92102
-1.95052 -1.95407
-1.98266 -1.98304
-1.89366 -1.89349
-1.52637 -1.52731
-1.94941 -1.94965
-2.08221 -2.08195
-1.85681 -1.86021
-1.98777 -1.98853
-1.93768 -1.93831
-1.97515 -1.97528
-1.48583 -1.48873
-1.49178 -1.49453
-2.0452 -2.04489
-1.96938 -1.97008
-1.9051 -1.91396
-1.90864 -1.90852
-2.11232 -2.11207
-2.03767 -2.03804
-1.8798 -1.88214
-1.70331 -1.70581
-2.00521 -2.0047
-1.96279 -1.96153
-1.97553 -1.97608
-2.01602 -2.01524
-1.89033 -1.89273
-1.90552 -1.90783
-1.71868 -1.72084
-2.01284 -2.01316
-1.67275 -1.6739
-1.9326 -1.93476
-1.88457 -1.88454
-1.98044 -1.98355
-2.00822 -2.0075
-2.03527 -2.03749
-1.87181 -1.86898
-2.07375 -2.07385
-1.88251 -1.88256
-1.94839 -1.94209
-2.00688 -2.00829
-1.99791 -1.99772
-1.98347 -1.98383
-2.01645 -2.01693
-2.08434 -2.0859
-1.94809 -1.94904
-1.69943 -1.69735
-1.85387 -1.8511
-2.02741 -2.02778
-1.56552 -1.56673
-1.90626 -1.90462
-1.93358 -1.92876
-1.83753 -1.83551
-1.98921 -1.98946
-1.93089 -1.93207
-1.77842 -1.779
-1.98888 -1.98998
-2.0238 -2.02474
-2.02027 -2.0199
-1.9344 -1.93477
-2.09822 -2.09866
-2.03607 -2.03464
-1.94994 -1.95069
-1.94051 -1.94055
-2.02032 -2.01982
-1.99941 -1.9996
-2.03209 -2.0309
-2.01166 -2.01099
-2.00143 -2.00123
-2.00437 -2.00489
-1.97511 -1.97462
-2.03642 -2.0372
-1.95339 -1.95128
-1.95983 -1.96098
-1.97045 -1.96606
-1.93985 -1.93891
-1.97513 -1.97633
-2.0313 -2.03159
-2.06655 -2.06668
-2.01846 -2.01745
-1.94619 -1.94776
-2.03025 -2.03052
-1.98818 -1.98756
-1.69971 -1.70246
-2.03295 -2.03254
-2.01912 -2.01978
-1.68672 -1.68702
-1.96928 -1.96972
-1.95138 -1.95065
-1.96579 -1.96572
-1.85403 -1.85852
-1.80536 -1.80587
-1.31607 -1.31216
-1.94669 -1.94714
-1.96848 -1.96909
-1.9297 -1.93006
-2.0166 -2.01772
-1.96691 -1.96863
-2.01581 -2.01443
-1.57677 -1.57641
-1.91726 -1.91764
-2.12982 -2.13023
-1.73977 -1.73949
-1.8892 -1.89126
-2.02031 -2.01927
-2.12967 -2.13005
-2.1298 -2.13017
-1.9013 -1.90201
-2.027 -2.02648
-1.57276 -1.57367
-2.00992 -2.00992
-2.01731 -2.01544
-1.95839 -1.95738
-1.1236 -1.12107
-1.94558 -1.9445
-1.93504 -1.93438
-1.97439 -1.97366
-1.944 -1.94423
-1.84663 -1.84681
-1.96424 -1.96052
-1.91311 -1.91606
-1.96182 -1.96096
-1.81759 -1.81877
-1.8463 -1.84757
-2.09303 -2.09268
-2.11083 -2.11107
-1.99231 -1.99374
-1.66226 -1.66354
-1.93062 -1.92958
-1.94379 -1.94253
-1.97908 -1.97841
-1.99791 -1.99843
-1.9748 -1.97478
-1.95487 -1.95598
-1.97189 -1.97235
-1.93932 -1.9404
-2.00113 -2.00097
-1.99448 -1.99321
-1.93181 -1.933
-1.98546 -1.98518
-1.70409 -1.70235
-1.7153 -1.72029
-1.99671 -1.99692
-2.0298 -2.02966
-1.71825 -1.7137
-1.96003 -1.95814
-1.9284 -1.92814
-1.96772 -1.96234
-1.9523 -1.95262
-1.82758 -1.8285
-2.06034 -2.05963
-1.9971 -1.99769
-2.11148 -2.1116
-1.97856 -1.97733
-1.9198 -1.91834
-1.98152 -1.98291
-1.95224 -1.95185
-1.31994 -1.32733
-1.81914 -1.81784
-1.94464 -1.94537
-1.88592 -1.8886
-2.04397 -2.04373
-1.33134 -1.32482
-2.01431 -2.01275
-1.99892 -1.99923
-2.01337 -2.01203
-1.9463 -1.94808
-2.00815 -2.0066
-1.97121 -1.97113
-1.96416 -1.9617
-1.9904 -1.99041
-1.83858 -1.84292
-1.9742 -1.97402
-1.93367 -1.93588
-2.00021 -1.99972
-1.96843 -1.96951
-2.03471 -2.03359
-1.9798 -1.98018
-1.95733 -1.95802
-1.88343 -1.88361
-1.92682 -1.92644
-1.98673 -1.98594
-1.89099 -1.89014
-0.0514509 -0.0524771
-1.95075 -1.95251
-1.99103 -1.99121
-2.05033 -2.05204
-2.0213 -2.02028
-1.95045 -1.95029
-1.88593 -1.88169
-2.00083 -2.00053
-0.240579 -0.253988
-1.93562 -1.93407
-1.96115 -1.96089
-1.9552 -1.95694
-2.0244 -2.02443
-1.86202 -1.85839
-2.11109 -2.11141
-1.9145 -1.9149
-1.94095 -1.93996
-1.90663 -1.90704
-1.97146 -1.97034
-1.70826 -1.71103
-2.06355 -2.06386
-2.00563 -2.00705
-1.88909 -1.88845
-1.95623 -1.95539
-2.02199 -2.02241
-1.95314 -1.95364
-1.89561 -1.89663
-2.04502 -2.04491
-1.93916 -1.93875
-2.08756 -2.08694
-1.89042 -1.88899
-1.88147 -1.87862
-1.94321 -1.94358
-0.719422 -0.714402
-1.86208 -1.85994
-2.02093 -2.02227
-1.97578 -1.97618
-2.046 -2.04794
-1.99088 -1.99124
-1.94508 -1.94517
-1.96746 -1.96514
-2.00851 -2.00798
-1.86311 -1.86282
-1.90328 -1.90399
-1.95442 -1.95225
-1.93817 -1.94053
-2.01171 -2.01146
-1.97439 -1.97548
-2.00743 -2.0063
-1.96509 -1.9646
-1.88009 -1.88199
-2.00975 -2.01028
-2.03792 -2.03749
-2.00699 -2.00488
-1.95447 -1.95412
-1.97798 -1.97752
-2.00728 -2.00822
-1.99183 -1.99172
-1.47757 -1.47607
-1.9226 -1.92413
-1.98764 -1.98733
-2.03065 -2.03111
-1.85671 -1.85469
-1.50628 -1.50227
-1.99918 -1.99908
-1.99818 -1.9978
-2.11976 -2.12
-0.673646 -0.671653
-1.96566 -1.96544
-2.0706 -2.07226
-2.12463 -2.12482
-1.95692 -1.95654
-1.98109 -1.98136
-2.01961 -2.01896
-1.81543 -1.81396
-1.41749 -1.41729
-1.97279 -1.97281
-1.9998 -1.99974
-1.98411 -1.97915
-1.98511 -1.98455
-2.00123 -2.00112
-1.7824 -1.77714
-1.87279 -1.87349
-1.88733 -1.88812
-2.09305 -2.09315
-1.96181 -1.96619
-1.33651 -1.33881
-0.0544982 -0.0585863
-2.02908 -2.02858
-2.0278 -2.02868
-1.82502 -1.82559
-1.11476 -1.11459
-1.97294 -1.97278
-1.94864 -1.95048
-2.02367 -2.02117
-1.99079 -1.99018
-2.03795 -2.03784
-1.95453 -1.95411
-1.95632 -1.95877
-1.93699 -1.93584
-1.72261 -1.72318
-1.7762 -1.77865
-2.01783 -2.01851
-0.754235 -0.754023
-2.00625 -2.00597
-2.02092 -2.0216
-2.09856 -2.09906
-1.97264 -1.9693
-2.02327 -2.02329
-1.66387 -1.66075
-1.92875 -1.93031
-1.99117 -1.99257
-1.96428 -1.96329
-1.91643 -1.91873
-1.83091 -1.83135
-1.99562 -1.99621
-1.48628 -1.4897
-2.00351 -2.00387
-2.02535 -2.02499
-1.97118 -1.97088
-2.00731 -2.00785
-1.98503 -1.98484
-1.99135 -1.99101
-1.97956 -1.98109
-1.99773 -1.99824
-1.9109 -1.90738
-2.0067 -2.00669
-2.04453 -2.04495
-1.99681 -1.99428
-2.0722 -2.07163
-1.93285 -1.92971
-1.45682 -1.4584
-1.90162 -1.89968
-1.96493 -1.96431
-1.94939 -1.95037
-1.92308 -1.9247
-1.81316 -1.8141
-1.84547 -1.84396
-2.03502 -2.03561
-1.98042 -1.98062
-1.68595 -1.68398
-2.06712 -2.06666
-1.98977 -1.99019
-2.08944 -2.08946
-2.08529 -2.0856
-1.94902 -1.95045
-1.74558 -1.74592
-1.96694 -1.96579
-2.00435 -2.0037
-1.39667 -1.3896
-2.0023 -2.00302
-1.71665 -1.71054
-1.99082 -1.99058
-2.01616 -2.0158
-1.89431 -1.89217
-2.00368 -2.00271
-2.02465 -2.02374
-1.97325 -1.96919
-1.90252 -1.90257
-1.91472 -1.91419
-1.9836 -1.98445
-1.94588 -1.94686
-2.00876 -2.00904
-2.02758 -2.02853
-2.00043 -1.99986
-1.96886 -1.96963
-2.00063 -1.99926
-1.98596 -1.985
-1.99267 -1.99261
-1.72762 -1.73154
-1.99573 -1.99543
-2.02982 -2.03126
-1.95282 -1.95464
-1.32536 -1.32831
-1.99938 -2.00106
-2.00389 -2.00335
-1.86857 -1.86839
-1.88437 -1.88402
-1.97425 -1.97584
-1.93942 -1.93905
-1.92292 -1.9228
-1.83097 -1.83195
-1.72722 -1.72907
-1.96507 -1.9656
-1.92412 -1.92454
-2.06327 -2.06371
-2.00012 -2.00084
-1.94131 -1.94205
-1.7146 -1.71665
-1.93067 -1.9296
-1.96401 -1.96546
-2.02149 -2.02175
-1.84943 -1.84229
-1.91371 -1.91916
-1.99633 -1.99708
-1.89138 -1.88907
-2.03306 -2.0337
-1.8865 -1.88732
-1.91624 -1.918
-1.93514 -1.93388
-1.93282 -1.93101
-1.41757 -1.41303
-2.03387 -2.03415
-1.99408 -1.99078
-1.86714 -1.86527
-1.99159 -1.99246
-2.01679 -2.01766
-1.94363 -1.94275
-2.05333 -2.05307
-1.46772 -1.46792
-2.06035 -2.06006
-2.02806 -2.02798
-1.92316 -1.92515
-1.96746 -1.96505
-1.98649 -1.98557
-1.93651 -1.93838
-1.9061 -1.90608
-1.90849 -1.90892
-2.0037 -2.00353
-1.91325 -1.91371
-2.00825 -2.00696
-1.98443 -1.98448
-2.00473 -2.00487
-2.06407 -2.06421
-1.49118 -1.49152
-1.93073 -1.93334
-2.03833 -2.03729
-1.94886 -1.94763
-2.02504 -2.02476
-2.00379 -2.00358
-1.99516 -1.99547
-1.8782 -1.87503
-2.01882 -2.01782
-1.97917 -1.97941
-1.99429 -1.99411
-1.96831 -1.9624
-1.99147 -1.98856
-1.92808 -1.92925
-2.01615 -2.01647
-0.686201 -0.68551
-1.94549 -1.94663
-1.97792 -1.98033
-1.44812 -1.44875
-2.03097 -2.03102
-2.03937 -2.03956
-2.02896 -2.02945
-2.03685 -2.03806
-2.01547 -2.01279
-2.04089 -2.04159
-2.04089 -2.04184
-2.03351 -2.03421
-2.03048 -2.03068
-2.04659 -2.04641
-2.04659 -2.04641
-2.04089 -2.04142
-2.04088 -2.04166
-2.04089 -2.04184
-2.03353 -2.03451
-2.04089 -2.04185
