-1.93393 -1.93411
-1.9856 -1.98599
-1.96577 -1.96585
-1.81024 -1.81136
-1.50607 -1.50656
-1.88643 -1.88427
-1.9383 -1.93812
-1.98088 -1.98083
-1.96007 -1.96059
-1.94314 -1.94328
-1.97696 -1.9779
-1.74972 -1.7468
-1.87226 -1.87117
-2.01702 -2.0169
-1.90477 -1.90448
-1.95186 -1.95036
-1.86536 -1.8646
-1.82881 -1.82958
-2.02734 -2.02728
-1.7784 -1.77742
-1.98103 -1.98094
-2.02225 -2.02197
-1.87453 -1.87668
-1.94965 -1.9494
-1.86096 -1.86264
-1.83551 -1.83502
-1.88411 -1.88401
-1.64765 -1.64717
-1.96087 -1.96072
-1.75422 -1.7552
-1.89207 -1.89385
-1.90197 -1.90209
-1.45503 -1.45341
-1.89947 -1.89957
-1.52276 -1.52073
-1.815 -1.81861
-1.53259 -1.53213
-1.89989 -1.90072
-1.75706 -1.75744
-1.61617 -1.61548
-1.83655 -1.83699
-1.9107 -1.91097
-1.93508 -1.93545
-1.79048 -1.79199
-2.00403 -2.00357
-1.5597 -1.56052
-1.95814 -1.95948
-1.94799 -1.94881
-1.95245 -1.95259
-1.98953 -1.98914
-2.00324 -2.00301
-1.98652 -1.98714
-1.92413 -1.92671
-1.71753 -1.71813
-1.91293 -1.91311
-2.03434 -2.03423
-1.97502 -1.9758
-1.83574 -1.83746
-1.94663 -1.94711
-1.68216 -1.68138
-1.88677 -1.88747
-1.93184 -1.93182
-1.67 -1.66975
-1.77496 -1.77662
-1.86473 -1.86608
-1.51709 -1.51544
-1.99833 -1.99877
-1.54924 -1.54906
-1.80617 -1.80628
-1.64691 -1.65091
-1.8893 -1.88998
-1.82726 -1.82618
-1.90134 -1.90088
-1.93482 -1.93513
-1.95693 -1.95601
-1.83134 -1.83347
-1.66371 -1.66551
-1.91819 -1.91962
-1.97235 -1.97232
-1.71041 -1.71089
-1.99995 -1.99983
-1.89543 -1.89742
-1.7366 -1.7369
-1.91838 -1.91882
-1.93669 -1.93713
-1.92472 -1.92531
-1.96048 -1.96179
-1.68117 -1.6796
-1.86313 -1.86352
-1.94329 -1.94527
-1.98672 -1.98622
-1.99349 -1.99442
-1.83819 -1.83865
-1.77779 -1.78099
-1.50063 -1.50009
-1.89692 -1.89581
-1.96439 -1.96472
-1.96998 -1.97066
-1.88103 -1.88002
-1.7347 -1.73464
-1.91937 -1.91939
-1.956 -1.95611
-1.82327 -1.82324
-1.97135 -1.97046
-1.91917 -1.91932
-1.81085 -1.81243
-1.84498 -1.84532
-1.76605 -1.76537
-2.00129 -2.0015
-1.4825 -1.48107
-2.00814 -2.00819
-2.03274 -2.03172
-1.98192 -1.98187
-1.94505 -1.94531
-1.99002 -1.99086
-2.01471 -2.01462
-2.0054 -2.00577
-1.94832 -1.95191
-1.97603 -1.97562
-2.02321 -2.02394
-2.08221 -2.08252
-1.90148 -1.90083
-1.43897 -1.44253
-1.92647 -1.92582
-2.03468 -2.03558
-2.03063 -2.03027
-2.02972 -2.03016
-1.98565 -1.98522
-1.908 -1.90884
-1.98643 -1.98639
-2.02523 -2.02333
-2.06588 -2.06547
-1.96636 -1.96539
-1.89009 -1.88913
-1.83473 -1.83295
-1.968 -1.96779
-1.94369 -1.94298
-1.96443 -1.96625
-1.97534 -1.97585
-1.94295 -1.94275
-1.95057 -1.95184
-2.02869 -2.02846
-2.03981 -2.03955
-1.33775 -1.34005
-1.97331 -1.97061
-2.01502 -2.01532
-1.98522 -1.98731
-1.98786 -1.98791
-1.999 -1.99854
-1.9929 -1.99288
-1.98558 -1.98498
-1.99985 -1.99736
-1.95936 -1.96022
-1.9968 -1.99776
-1.94567 -1.94833
-1.88898 -1.88999
-1.8985 -1.89626
-1.91096 -1.91111
-1.7803 -1.78011
-1.93824 -1.93987
-1.94907 -1.94837
-1.73521 -1.73605
-1.96614 -1.96612
-2.07172 -2.07183
-2.00795 -2.0082
-2.03774 -2.03764
-2.01333 -2.01371
-1.99401 -1.99338
-1.94765 -1.95011
-1.91328 -1.91264
-1.81654 -1.81533
-1.92196 -1.92266
-1.94202 -1.94282
-1.97783 -1.97797
-1.9951 -1.99515
-1.9105 -1.91049
-2.0866 -2.08694
-1.86487 -1.86591
-1.86626 -1.86911
-2.00184 -2.00015
-2.03474 -2.03509
-0.647112 -0.64863
-1.93576 -1.93567
-2.02837 -2.02665
-1.93072 -1.93197
-2.07683 -2.07729
-1.94052 -1.93945
-2.01401 -2.01401
-1.87536 -1.87608
-1.91734 -1.91907
-1.95994 -1.95919
-1.98047 -1.98094
-1.83838 -1.83956
-1.98544 -1.98408
-2.02373 -2.02467
-2.09899 -2.0982
-2.01138 -2.01067
-2.07355 -2.07365
-2.02223 -2.02007
-2.01296 -2.01048
-2.01205 -2.0123
-2.02044 -2.02057
-1.97228 -1.9726
-2.02214 -2.02046
-2.03461 -2.03551
-1.936 -1.93627
-1.97156 -1.97134
-2.00081 -2.00098
-1.9272 -1.92606
-1.91631 -1.91815
-1.95207 -1.95087
-2.00736 -2.0069
-1.95255 -1.94988
-2.08327 -2.08288
-2.00409 -2.00319
-1.90215 -1.90339
-1.95969 -1.95835
-1.94529 -1.9432
-1.97115 -1.97081
-1.46372 -1.46449
-1.90698 -1.90953
-1.98112 -1.98103
-2.08504 -2.08551
-2.03264 -2.03341
-1.84783 -1.84799
-1.9319 -1.93477
-1.99247 -1.99206
-1.9962 -1.99623
-2.01044 -2.01099
-1.85077 -1.84992
-0.0520153 -0.0575613
-2.00594 -2.00599
-0.773469 -0.778318
-2.05422 -2.05388
-2.0668 -2.06686
-1.98261 -1.98182
-2.0069 -2.00817
-1.74824 -1.74834
-1.96501 -1.96345
-2.07778 -2.07821
-2.03289 -2.03279
-1.96757 -1.96314
-1.95729 -1.95678
-2.02057 -2.02096
-1.17601 -1.17613
-2.02954 -2.02939
-1.98664 -1.98358
-1.93425 -1.93569
-2.02392 -2.02471
-1.99401 -1.99343
-2.02213 -2.0205
-1.96063 -1.96139
-1.93455 -1.93459
-2.02089 -2.01935
-1.94413 -1.94326
-1.98626 -1.9862
-2.03426 -2.0329
-1.99545 -1.99369
-1.99756 -1.99709
-2.05415 -2.05457
-1.93665 -1.93702
-2.01556 -2.01592
-1.94653 -1.94658
-1.92729 -1.92831
-1.85255 -1.85568
-2.00448 -2.00423
-1.49428 -1.49442
-1.10952 -1.11393
-1.77652 -1.77883
-1.95252 -1.95388
-1.88746 -1.88858
-1.97528 -1.97637
-2.06809 -2.06811
-1.99414 -1.99502
-2.05184 -2.05168
-1.9661 -1.9649
-2.00764 -2.007
-1.96881 -1.97014
-2.01969 -2.01979
-1.99618 -1.99705
-2.12466 -2.12508
-1.88125 -1.87753
-2.09228 -2.09229
-1.41726 -1.41692
-1.98685 -1.9879
-1.96161 -1.96104
-2.11869 -2.11894
-1.99075 -1.99325
-1.68943 -1.69406
-1.96742 -1.96451
-1.99322 -1.9956
-1.92972 -1.93056
-1.93183 -1.93187
-2.01238 -2.01142
-1.84588 -1.8433
-1.89982 -1.89932
-1.96455 -1.96229
-2.08161 -2.08189
-2.04485 -2.04488
-1.7158 -1.71741
-2.02154 -2.0213
-2.02505 -2.02536
-1.95761 -1.95875
-1.94692 -1.94663
-1.93169 -1.93231
-1.86076 -1.86389
-1.99102 -1.99063
-1.98248 -1.98328
-1.3584 -1.35815
-1.84836 -1.84879
-2.00924 -2.00969
-2.02769 -2.0287
-2.00689 -2.0066
-1.94646 -1.94664
-1.98949 -1.98882
-1.89314 -1.89361
-1.82508 -1.82693
-1.89617 -1.89871
-1.98488 -1.98511
-2.0073 -2.00668
-1.90364 -1.90766
-1.95149 -1.95262
-2.01469 -2.01552
-1.97961 -1.97867
-1.42183 -1.41993
-2.05577 -2.05614
-1.99911 -1.99582
-2.08699 -2.08685
-1.94817 -1.94826
-1.99768 -1.99808
-1.83318 -1.83333
-1.78655 -1.78722
-1.50062 -1.50058
-0.205828 -0.202987
-1.69588 -1.69665
-2.00701 -2.00639
-1.99894 -1.9995
-1.97804 -1.97797
-1.9216 -1.92118
-1.93568 -1.93633
-1.94615 -1.94611
-1.94676 -1.94764
-1.91741 -1.91699
-2.02629 -2.02721
-2.01646 -2.01551
-1.83475 -1.8366
-1.88185 -1.8778
-2.00242 -2.00308
-2.03073 -2.0291
-1.87171 -1.8747
-2.12416 -2.12456
-1.90585 -1.90614
-1.92205 -1.92304
-1.88944 -1.8868
-2.03055 -2.03123
-1.94864 -1.94756
-1.99172 -1.99156
-1.95226 -1.95023
-1.95481 -1.95543
-2.01494 -2.01488
-1.88779 -1.88934
-1.9734 -1.9722
-1.87602 -1.87489
-2.00059 -2.00048
-1.83931 -1.83994
-1.86158 -1.86061
-2.05301 -2.05267
-1.98872 -1.98842
-1.9942 -1.98969
-1.94396 -1.94255
-1.9183 -1.91742
-2.02844 -2.03025
-1.93834 -1.93866
-0.101129 -0.105847
-1.81678 -1.81347
-1.91771 -1.914
-2.05312 -2.05457
-1.88122 -1.88183
-1.72033 -1.72322
-1.81888 -1.81604
-1.93434 -1.9327
-1.95624 -1.95689
-1.99372 -1.99467
-2.03291 -2.03131
-1.933 -1.93318
-1.91354 -1.91385
-1.97903 -1.97775
-1.86386 -1.85994
-1.56951 -1.56878
-1.90853 -1.90686
-1.97478 -1.97512
-2.03372 -2.03363
-1.81455 -1.81606
-1.57232 -1.57307
-2.05025 -2.05073
-2.06038 -2.06062
-1.94865 -1.94856
-1.92793 -1.92642
-1.84494 -1.84559
-1.79733 -1.79736
-1.3285 -1.32159
-1.99858 -1.99721
-1.95058 -1.95026
-2.00032 -2.00051
-1.94205 -1.93972
-1.8892 -1.89042
-1.98693 -1.98643
-1.86277 -1.8619
-2.02396 -2.02244
-1.98372 -1.98294
-1.98711 -1.98698
-2.01878 -2.01947
-1.9978 -1.99526
-1.95999 -1.96128
-1.66257 -1.66413
-2.03655 -2.03559
-1.94322 -1.94273
-1.95098 -1.95111
-1.93104 -1.93185
-1.99039 -1.99054
-1.9667 -1.96437
-2.02056 -2.02064
-2.01203 -2.00956
-2.10233 -2.10244
-2.00292 -2.00322
-2.05989 -2.05976
-0.05106 -0.0520712
-1.19762 -1.19124
-1.83991 -1.8394
-1.85287 -1.85607
-2.00323 -2.00322
-1.91532 -1.91663
-1.95238 -1.95332
-2.02771 -2.02764
-1.98771 -1.98757
-1.88983 -1.89017
-1.69766 -1.69284
-1.90936 -1.91146
-1.94761 -1.94691
-2.03549 -2.03378
-2.07697 -2.07766
-1.94031 -1.94424
-1.9837 -1.98328
-2.00164 -2.00106
-1.28527 -1.28821
-1.81235 -1.80972
-1.84272 -1.83452
-2.10731 -2.10767
-1.97978 -1.98055
-1.85021 -1.85089
-1.98912 -1.98587
-2.03189 -2.03279
-1.98865 -1.98935
-2.00902 -2.00765
-1.98892 -1.98859
-1.65064 -1.65116
-1.98348 -1.98491
-2.00089 -2.00088
-1.84216 -1.83954
-2.00123 -2.00105
-1.66185 -1.66158
-2.11095 -2.11114
-2.07155 -2.07133
-1.72792 -1.7264
-2.1246 -2.125
-1.99605 -1.99633
-1.98556 -1.98562
-1.72009 -1.72139
-1.97581 -1.97595
-1.88789 -1.88969
-1.90418 -1.9032
-1.97201 -1.97159
-1.98654 -1.98869
-2.01845 -2.01533
-1.53871 -1.53858
-1.96109 -1.95995
-1.9277 -1.92816
-2.00187 -2.00263
-2.00501 -2.00386
-2.01265 -2.01029
-1.9275 -1.9267
-1.92984 -1.93076
-2.0109 -2.01015
-1.99518 -1.99343
-1.97902 -1.97971
-0.177816 -0.178431
-1.93336 -1.9324
-1.89751 -1.89691
-1.78249 -1.78518
-2.03584 -2.03593
-2.01655 -2.01599
-1.86779 -1.87083
-1.9752 -1.97495
-1.77244 -1.77387
-1.63413 -1.63381
-1.98267 -1.98236
-1.97859 -1.97392
-1.94948 -1.94964
-1.97538 -1.97544
-1.89257 -1.89277
-1.96921 -1.96915
-2.01555 -2.01611
-1.9924 -1.99208
-1.95892 -1.95786
-2.03292 -2.03303
-1.9864 -1.98586
-1.84399 -1.84415
-1.96042 -1.96338
-1.53009 -1.5316
-0.647295 -0.647532
-2.03836 -2.03821
-2.08673 -2.08704
-1.95805 -1.95736
-1.85748 -1.85549
-1.97295 -1.97215
-1.97339 -1.97411
-1.96759 -1.96804
-1.98397 -1.985
-1.89361 -1.8968
-2.04731 -2.04786
-2.12976 -2.13046
-2.00042 -2.00015
-1.10941 -1.10904
-2.10523 -2.10538
-1.74475 -1.74518
-2.02109 -2.02195
-1.84742 -1.84541
-1.99156 -1.99179
-1.98346 -1.98221
-2.0139 -2.01192
-1.96633 -1.96542
-1.96216 -1.9631
-1.70717 -1.70984
-2.0247 -2.024
-1.99048 -1.99122
-2.11816 -2.11843
-1.88691 -1.88812
-1.93296 -1.93275
-1.86774 -1.86942
-0.751351 -0.754997
-1.89091 -1.89159
-1.89176 -1.8882
-2.04169 -2.04264
-1.88718 -1.88043
-1.89532 -1.8949
-1.99372 -1.99355
-1.92503 -1.92734
-1.98231 -1.98202
-1.95427 -1.95336
-2.03344 -2.03439
-2.00152 -2.00128
-2.0693 -2.06982
-1.98101 -1.98123
-1.92222 -1.92328
-1.82921 -1.82665
-1.09434 -1.09484
-1.93353 -1.93254
-1.92059 -1.92063
-1.95396 -1.95349
-2.03375 -2.03362
-0.111802 -0.117045
-1.76056 -1.7609
-1.97647 -1.97663
-2.08909 -2.08985
-2.00121 -1.99851
-1.61495 -1.61515
-1.99269 -1.99003
-1.97848 -1.97842
-1.94719 -1.94734
-1.92856 -1.93045
-1.96984 -1.9699
-1.9875 -1.98731
-2.00475 -2.00442
-1.814 -1.81495
-2.01034 -2.00786
-2.00497 -2.00559
-1.97028 -1.96791
-1.98113 -1.98098
-2.01135 -2.00912
-2.01304 -2.01138
-1.9033 -1.90289
-1.96706 -1.96571
-1.91367 -1.91797
-1.54 -1.54055
-2.01398 -2.01094
-2.01686 -2.01581
-1.80553 -1.80565
-1.90045 -1.91022
-2.00631 -2.00574
-1.93491 -1.93486
-2.11707 -2.11723
-1.96381 -1.96526
-2.03311 -2.03336
-1.79768 -1.7995
-1.93934 -1.93823
-2.01896 -2.01929
-1.97544 -1.9785
-1.60314 -1.60351
-2.02699 -2.02746
-2.01188 -2.01168
-1.95978 -1.9593
-2.0172 -2.01745
-2.02764 -2.0275
-1.89871 -1.89782
-1.81525 -1.812
-1.96725 -1.96713
-2.07379 -2.07389
-1.99854 -1.99945
-1.86983 -1.87268
-1.84718 -1.8469
-1.96854 -1.96821
-1.96196 -1.96338
-2.01339 -2.01098
-2.04597 -2.04587
-1.99864 -1.99889
-1.4783 -1.47878
-1.88279 -1.87885
-1.98675 -1.98681
-2.02648 -2.02766
-1.84478 -1.84411
-1.72674 -1.72709
-1.69704 -1.6984
-1.95838 -1.95702
-1.88191 -1.8835
-2.02909 -2.02866
-2.03188 -2.03175
-1.91722 -1.91796
-2.04454 -2.04427
-2.01878 -2.01886
-1.9431 -1.94159
-1.87844 -1.87759
-1.93647 -1.93724
-2.07752 -2.07797
-2.02927 -2.02974
-1.97758 -1.97698
-2.09801 -2.09824
-2.01727 -2.01734
-1.88538 -1.88731
-1.80432 -1.80402
-1.92594 -1.92597
-2.01438 -2.01375
-2.00728 -2.00667
-1.69244 -1.69327
-1.99344 -1.99301
-2.10347 -2.10338
-1.458 -1.45733
-1.94906 -1.9486
-1.98922 -1.98902
-2.00825 -2.00739
-1.96104 -1.96061
-2.0277 -2.0286
-1.89264 -1.89027
-1.99281 -1.99293
-2.02357 -2.02443
-2.01589 -2.01636
-1.97296 -1.97357
-0.636968 -0.636065
-1.99176 -1.99
-1.98806 -1.9883
-1.72015 -1.72007
-1.16971 -1.17255
-2.03125 -2.03012
-2.02167 -2.02107
-1.63891 -1.63908
-1.98326 -1.98372
-1.95098 -1.95175
-2.00069 -2.00059
-2.0164 -2.01803
-1.7839 -1.78645
-1.88218 -1.88257
-1.52468 -1.52465
-1.9847 -1.98416
-2.00367 -2.00301
-2.05485 -2.05444
-2.07706 -2.07674
-1.954 -1.95344
-1.84212 -1.84239
-1.89497 -1.89419
-2.03102 -2.03218
-1.99979 -1.99805
-1.1564 -1.15853
-1.92838 -1.92648
-1.93944 -1.93745
-1.99386 -1.99238
-2.02625 -2.02669
-1.82026 -1.82042
-1.99332 -1.99291
-1.99953 -1.99982
-1.75184 -1.74798
-1.13374 -1.13171
-1.76279 -1.75713
-1.6139 -1.61437
-1.86709 -1.86598
-2.00663 -2.00655
-2.0412 -2.04081
-1.90991 -1.91056
-0.208035 -0.211437
-1.95667 -1.95616
-1.96068 -1.96183
-1.93446 -1.93387
-2.01736 -2.01642
-1.91574 -1.91517
-1.97525 -1.97289
-1.85934 -1.85821
-1.85051 -1.85042
-1.98117 -1.98095
-1.96196 -1.96092
-1.366 -1.36706
-2.0429 -2.04276
-1.7103 -1.71038
-1.98 -1.9785
-1.46411 -1.46397
-2.01181 -2.01151
-2.018 -2.01761
-1.99982 -1.99995
-1.98286 -1.98435
-2.01151 -2.01166
-2.00479 -2.00316
-1.98937 -1.98911
-2.01072 -2.00963
-1.91235 -1.91193
-1.9651 -1.96244
-1.99516 -1.99473
-1.99108 -1.99142
-2.01143 -2.01052
-1.94735 -1.94621
-2.02517 -2.0257
-1.95632 -1.95668
-1.94694 -1.94624
-1.9971 -1.99732
-2.02041 -2.021
-2.0028 -2.00066
-2.01703 -2.01849
-1.98817 -1.98927
-2.0257 -2.02629
-2.0276 -2.02814
-1.45961 -1.46574
-1.70756 -1.70568
-0.651995 -0.651924
-2.03512 -2.03503
-2.08288 -2.08303
-1.61907 -1.61993
-2.00738 -2.00676
-1.74443 -1.7437
-1.99909 -1.99538
-1.85163 -1.85276
-1.92168 -1.92102
-1.95141 -1.95407
-1.98251 -1.98304
-1.89347 -1.89349
-1.52686 -1.52731
-1.94966 -1.94965
-2.08239 -2.08195
-1.85694 -1.86021
-1.98762 -1.98853
-1.93755 -1.93831
-1.97534 -1.97528
-1.48628 -1.48873
-1.49245 -1.49453
-2.04586 -2.04489
-1.96967 -1.97008
-1.90559 -1.91396
-1.90845 -1.90852
-2.11217 -2.11207
-2.03753 -2.03804
-1.88019 -1.88214
-1.70371 -1.70581
-2.00502 -2.0047
-1.96266 -1.96153
-1.97543 -1.97608
-2.0156 -2.01524
-1.89025 -1.89273
-1.90665 -1.90783
-1.7191 -1.72084
-2.01319 -2.01316
-1.6736 -1.6739
-1.93361 -1.93476
-1.88442 -1.88454
-1.98266 -1.98355
-2.00885 -2.0075
-2.03582 -2.03749
-1.87375 -1.86898
-2.07381 -2.07385
-1.88276 -1.88256
-1.94716 -1.94209
-2.00632 -2.00829
-1.9975 -1.99772
-1.98363 -1.98383
-2.01665 -2.01693
-2.08451 -2.0859
-1.94801 -1.94904
-1.69606 -1.69735
-1.85367 -1.8511
-2.02806 -2.02778
-1.56616 -1.56673
-1.90564 -1.90462
-1.93288 -1.92876
-1.83613 -1.83551
-1.98903 -1.98946
-1.93094 -1.93207
-1.77888 -1.779
-1.98837 -1.98998
-2.02427 -2.02474
-2.02029 -2.0199
-1.93455 -1.93477
-2.09831 -2.09866
-2.03612 -2.03464
-1.95043 -1.95069
-1.94041 -1.94055
-2.02035 -2.01982
-1.99956 -1.9996
-2.03224 -2.0309
-2.01245 -2.01099
-2.00126 -2.00123
-2.00465 -2.00489
-1.97527 -1.97462
-2.03603 -2.0372
-1.95272 -1.95128
-1.96002 -1.96098
-1.97013 -1.96606
-1.93991 -1.93891
-1.97538 -1.97633
-2.03104 -2.03159
-2.06694 -2.06668
-2.01836 -2.01745
-1.94625 -1.94776
-2.03069 -2.03052
-1.98824 -1.98756
-1.69974 -1.70246
-2.03299 -2.03254
-2.01936 -2.01978
-1.68716 -1.68702
-1.96933 -1.96972
-1.95152 -1.95065
-1.96586 -1.96572
-1.85528 -1.85852
-1.80572 -1.80587
-1.31523 -1.31216
-1.94653 -1.94714
-1.96859 -1.96909
-1.92959 -1.93006
-2.01598 -2.01772
-1.96699 -1.96863
-2.01644 -2.01443
-1.57706 -1.57641
-1.91954 -1.91764
-2.12952 -2.13023
-1.7393 -1.73949
-1.88889 -1.89126
-2.02073 -2.01927
-2.12935 -2.13005
-2.1295 -2.13017
-1.90123 -1.90201
-2.02733 -2.02648
-1.57349 -1.57367
-2.00966 -2.00992
-2.01716 -2.01544
-1.95871 -1.95738
-1.1224 -1.12107
-1.94455 -1.9445
-1.93486 -1.93438
-1.97438 -1.97366
-1.94388 -1.94423
-1.84676 -1.84681
-1.96458 -1.96052
-1.91394 -1.91606
-1.96171 -1.96096
-1.81753 -1.81877
-1.84613 -1.84757
-2.09306 -2.09268
-2.11081 -2.11107
-1.99251 -1.99374
-1.6629 -1.66354
-1.93133 -1.92958
-1.94342 -1.94253
-1.97928 -1.97841
-1.99782 -1.99843
-1.97471 -1.97478
-1.95504 -1.95598
-1.97179 -1.97235
-1.93964 -1.9404
-2.00103 -2.00097
-1.99457 -1.99321
-1.93203 -1.933
-1.9853 -1.98518
-1.70418 -1.70235
-1.71538 -1.72029
-1.99644 -1.99692
-2.02999 -2.02966
-1.7189 -1.7137
-1.96023 -1.95814
-1.92807 -1.92814
-1.96806 -1.96234
-1.95259 -1.95262
-1.82814 -1.8285
-2.05984 -2.05963
-1.99703 -1.99769
-2.11136 -2.1116
-1.97841 -1.97733
-1.91962 -1.91834
-1.98134 -1.98291
-1.95233 -1.95185
-1.32032 -1.32733
-1.8199 -1.81784
-1.94538 -1.94537
-1.88597 -1.8886
-2.04403 -2.04373
-1.32546 -1.32482
-2.01414 -2.01275
-1.99892 -1.99923
-2.01365 -2.01203
-1.94634 -1.94808
-2.0079 -2.0066
-1.97125 -1.97113
-1.96537 -1.9617
-1.99017 -1.99041
-1.83949 -1.84292
-1.97417 -1.97402
-1.9338 -1.93588
-2.00018 -1.99972
-1.96808 -1.96951
-2.03453 -2.03359
-1.97998 -1.98018
-1.95698 -1.95802
-1.8836 -1.88361
-1.92685 -1.92644
-1.98712 -1.98594
-1.89147 -1.89014
-0.0507337 -0.0524771
-1.95165 -1.95251
-1.9907 -1.99121
-2.05071 -2.05204
-2.02069 -2.02028
-1.95058 -1.95029
-1.88469 -1.88169
-2.00073 -2.00053
-0.244287 -0.253988
-1.93529 -1.93407
-1.9611 -1.96089
-1.95539 -1.95694
-2.02454 -2.02443
-1.8597 -1.85839
-2.11104 -2.11141
-1.9146 -1.9149
-1.94104 -1.93996
-1.90748 -1.90704
-1.97184 -1.97034
-1.70812 -1.71103
-2.06395 -2.06386
-2.00496 -2.00705
-1.88816 -1.88845
-1.95677 -1.95539
-2.02184 -2.02241
-1.95318 -1.95364
-1.89485 -1.89663
-2.04529 -2.04491
-1.93931 -1.93875
-2.08662 -2.08694
-1.88984 -1.88899
-1.88159 -1.87862
-1.94322 -1.94358
-0.718561 -0.714402
-1.86181 -1.85994
-2.02094 -2.02227
-1.97628 -1.97618
-2.04645 -2.04794
-1.99082 -1.99124
-1.94524 -1.94517
-1.96744 -1.96514
-2.00832 -2.00798
-1.86313 -1.86282
-1.90291 -1.90399
-1.95458 -1.95225
-1.93787 -1.94053
-2.01153 -2.01146
-1.97413 -1.97548
-2.00738 -2.0063
-1.96525 -1.9646
-1.87964 -1.88199
-2.01028 -2.01028
-2.03786 -2.03749
-2.00671 -2.00488
-1.95393 -1.95412
-1.97802 -1.97752
-2.00717 -2.00822
-1.99156 -1.99172
-1.47756 -1.47607
-1.92231 -1.92413
-1.98775 -1.98733
-2.03038 -2.03111
-1.85679 -1.85469
-1.50572 -1.50227
-1.99889 -1.99908
-1.99813 -1.9978
-2.11955 -2.12
-0.671035 -0.671653
-1.96546 -1.96544
-2.07106 -2.07226
-2.12437 -2.12482
-1.95703 -1.95654
-1.9811 -1.98136
-2.02035 -2.01896
-1.8144 -1.81396
-1.41857 -1.41729
-1.97259 -1.97281
-1.99975 -1.99974
-1.98375 -1.97915
-1.98503 -1.98455
-2.00098 -2.00112
-1.77805 -1.77714
-1.87398 -1.87349
-1.88855 -1.88812
-2.09332 -2.09315
-1.96247 -1.96619
-1.33647 -1.33881
-0.0557401 -0.0585863
-2.02885 -2.02858
-2.02785 -2.02868
-1.82494 -1.82559
-1.11548 -1.11459
-1.973 -1.97278
-1.94886 -1.95048
-2.0237 -2.02117
-1.99004 -1.99018
-2.03791 -2.03784
-1.95435 -1.95411
-1.95664 -1.95877
-1.93666 -1.93584
-1.72305 -1.72318
-1.77598 -1.77865
-2.01829 -2.01851
-0.754153 -0.754023
-2.00606 -2.00597
-2.02095 -2.0216
-2.09849 -2.09906
-1.97301 -1.9693
-2.02335 -2.02329
-1.66128 -1.66075
-1.92869 -1.93031
-1.9907 -1.99257
-1.96464 -1.96329
-1.91632 -1.91873
-1.83034 -1.83135
-1.9954 -1.99621
-1.48477 -1.4897
-2.00346 -2.00387
-2.02508 -2.02499
-1.97058 -1.97088
-2.00701 -2.00785
-1.98516 -1.98484
-1.99117 -1.99101
-1.9798 -1.98109
-1.99831 -1.99824
-1.91216 -1.90738
-2.00714 -2.00669
-2.04505 -2.04495
-1.99678 -1.99428
-2.07161 -2.07163
-1.93449 -1.92971
-1.4566 -1.4584
-1.89975 -1.89968
-1.96475 -1.96431
-1.94998 -1.95037
-1.92332 -1.9247
-1.81266 -1.8141
-1.84493 -1.84396
-2.03473 -2.03561
-1.9807 -1.98062
-1.68516 -1.68398
-2.06659 -2.06666
-1.98976 -1.99019
-2.08949 -2.08946
-2.08541 -2.0856
-1.94917 -1.95045
-1.74565 -1.74592
-1.96747 -1.96579
-2.00411 -2.0037
-1.40044 -1.3896
-2.00209 -2.00302
-1.71801 -1.71054
-1.99071 -1.99058
-2.01646 -2.0158
-1.89316 -1.89217
-2.00342 -2.00271
-2.02498 -2.02374
-1.97249 -1.96919
-1.90267 -1.90257
-1.91437 -1.91419
-1.98322 -1.98445
-1.94587 -1.94686
-2.00874 -2.00904
-2.02754 -2.02853
-2.0001 -1.99986
-1.96893 -1.96963
-2.00117 -1.99926
-1.98593 -1.985
-1.99332 -1.99261
-1.72691 -1.73154
-1.99612 -1.99543
-2.02986 -2.03126
-1.95311 -1.95464
-1.32415 -1.32831
-1.99984 -2.00106
-2.0037 -2.00335
-1.86845 -1.86839
-1.88448 -1.88402
-1.97449 -1.97584
-1.93967 -1.93905
-1.92285 -1.9228
-1.83075 -1.83195
-1.72798 -1.72907
-1.96491 -1.9656
-1.92416 -1.92454
-2.06339 -2.06371
-2.00035 -2.00084
-1.94134 -1.94205
-1.71487 -1.71665
-1.93049 -1.9296
-1.96395 -1.96546
-2.02119 -2.02175
-1.84942 -1.84229
-1.91467 -1.91916
-1.99618 -1.99708
-1.89109 -1.88907
-2.03336 -2.0337
-1.8861 -1.88732
-1.91674 -1.918
-1.93519 -1.93388
-1.93238 -1.93101
-1.41795 -1.41303
-2.03375 -2.03415
-1.99403 -1.99078
-1.86643 -1.86527
-1.99151 -1.99246
-2.01682 -2.01766
-1.94345 -1.94275
-2.05383 -2.05307
-1.46788 -1.46792
-2.05996 -2.06006
-2.02802 -2.02798
-1.92251 -1.92515
-1.96738 -1.96505
-1.98697 -1.98557
-1.93725 -1.93838
-1.90581 -1.90608
-1.90829 -1.90892
-2.00386 -2.00353
-1.91327 -1.91371
-2.0083 -2.00696
-1.98444 -1.98448
-2.00509 -2.00487
-2.06462 -2.06421
-1.49166 -1.49152
-1.93105 -1.93334
-2.03856 -2.03729
-1.94848 -1.94763
-2.02526 -2.02476
-2.00355 -2.00358
-1.99505 -1.99547
-1.8775 -1.87503
-2.01905 -2.01782
-1.97922 -1.97941
-1.99431 -1.99411
-1.96774 -1.9624
-1.99118 -1.98856
-1.92745 -1.92925
-2.0161 -2.01647
-0.68459 -0.68551
-1.94534 -1.94663
-1.97802 -1.98033
-1.44872 -1.44875
-2.03083 -2.03102
-2.03898 -2.03956
-2.02919 -2.02945
-2.03662 -2.03806
-2.01512 -2.01279
-2.04068 -2.04159
-2.04068 -2.04184
-2.03363 -2.03421
-2.03062 -2.03068
-2.04664 -2.04641
-2.04664 -2.04641
-2.04068 -2.04142
-2.04067 -2.04166
-2.04068 -2.04184
-2.03365 -2.03451
-2.04068 -2.04185
