[vibes.run]    run phonopy workflow with settings from phonopy.in

[calculator]   Update aims k_grid with kpt density of 5 to [4, 4, 4]
[calculator]   .. add `sc_accuracy_rho: 1e-06` to parameters (default)
[calculator]   .. add `relativistic: atomic_zora scalar` to parameters (default)
[calculator]   .. add `output_level: MD_light` to parameters (default)
* Message from file vibes/helpers/socketio.py, line 86, function get_port:
--> Port 12345 in use, changing to the next free port

[calculator]   Add basisset `light` for atom `Ba` to basissets folder.
[calculator]   Add basisset `light` for atom `Zr` to basissets folder.
[calculator]   Add basisset `light` for atom `S` to basissets folder.
[calculator]   Calculator: aims
[calculator]   settings:
[calculator]     xc: hse06 0.11
[calculator]     hse_unit: bohr-1
[calculator]     k_grid: [4, 4, 4]
[calculator]     sc_accuracy_rho: 1e-06
[calculator]     relativistic: atomic_zora scalar
[calculator]     output_level: MD_light
[calculator]     compute_forces: True
[calculator]     use_pimd_wrapper: ('localhost', 12346)
[calculator]     aims_command: /work/e05/e05/prakaya/chalcogenide_perovskites/run_aims.sh
[calculator]     species_dir: /mnt/lustre/a2fs-work2/work/e05/e05/prakaya/chalcogenide_perovskites/redo/ternary/tilted_perovskites/HSE_perovskites/BaZrS3_tilt_140/phonons/phonopy/basissets
[vibes]        Run phonopy workflow in working directory
  /mnt/lustre/a2fs-work2/work/e05/e05/prakaya/chalcogenide_perovskites/redo/ternary/tilted_perovskites/HSE_perovskites/BaZrS3_tilt_140/phonons/phonopy
[phonopy.postprocess] Start phonopy postprocess:
[trajectory]   Parse `/mnt/lustre/a2fs-work2/work/e05/e05/prakaya/chalcogenide_perovskites/redo/ternary/tilted_perovskites/HSE_perovskites/BaZrS3_tilt_140/phonons/phonopy/trajectory.son`
[son] open file:  /mnt/lustre/a2fs-work2/work/e05/e05/prakaya/chalcogenide_perovskites/redo/ternary/tilted_perovskites/HSE_perovskites/BaZrS3_tilt_140/phonons/phonopy/trajectory.son
[socketio]     Use SocketIO with host localhost and port 12346
[backup]       /mnt/lustre/a2fs-work2/work/e05/e05/prakaya/chalcogenide_perovskites/redo/ternary/tilted_perovskites/HSE_perovskites/BaZrS3_tilt_140/phonons/phonopy/calculations does not exist, nothing to back up.
[vibes]        Compute structure 1 of 7: working
[vibes]        Compute structure 1 of 7: finished.
* Message from file vibes/helpers/watchdogs.py, line 164, function __call__:
--> Watchdog: running out of time!

[vibes]        Close the socket
[restart]      Restart task with sbatch vibes_phonopy.sh
Submitted batch job 6525606
[vibes.run]    run phonopy workflow with settings from phonopy.in

[calculator]   Update aims k_grid with kpt density of 5 to [4, 4, 4]
[calculator]   .. add `sc_accuracy_rho: 1e-06` to parameters (default)
[calculator]   .. add `relativistic: atomic_zora scalar` to parameters (default)
[calculator]   .. add `output_level: MD_light` to parameters (default)
* Message from file vibes/helpers/socketio.py, line 86, function get_port:
--> Port 12345 in use, changing to the next free port

[calculator]   Add basisset `light` for atom `Ba` to basissets folder.
[calculator]   Add basisset `light` for atom `Zr` to basissets folder.
[calculator]   Add basisset `light` for atom `S` to basissets folder.
[calculator]   Calculator: aims
[calculator]   settings:
[calculator]     xc: hse06 0.11
[calculator]     hse_unit: bohr-1
[calculator]     k_grid: [4, 4, 4]
[calculator]     sc_accuracy_rho: 1e-06
[calculator]     relativistic: atomic_zora scalar
[calculator]     output_level: MD_light
[calculator]     compute_forces: True
[calculator]     use_pimd_wrapper: ('localhost', 12346)
[calculator]     aims_command: /work/e05/e05/prakaya/chalcogenide_perovskites/run_aims.sh
[calculator]     species_dir: /mnt/lustre/a2fs-work2/work/e05/e05/prakaya/chalcogenide_perovskites/redo/ternary/tilted_perovskites/HSE_perovskites/BaZrS3_tilt_140/phonons/phonopy/basissets
[vibes]        Run phonopy workflow in working directory
  /mnt/lustre/a2fs-work2/work/e05/e05/prakaya/chalcogenide_perovskites/redo/ternary/tilted_perovskites/HSE_perovskites/BaZrS3_tilt_140/phonons/phonopy
[phonopy.postprocess] Start phonopy postprocess:
[trajectory]   Parse `/mnt/lustre/a2fs-work2/work/e05/e05/prakaya/chalcogenide_perovskites/redo/ternary/tilted_perovskites/HSE_perovskites/BaZrS3_tilt_140/phonons/phonopy/trajectory.son`
[son] open file:  /mnt/lustre/a2fs-work2/work/e05/e05/prakaya/chalcogenide_perovskites/redo/ternary/tilted_perovskites/HSE_perovskites/BaZrS3_tilt_140/phonons/phonopy/trajectory.son
[trajectory]   .. time elapsed: 0.023s
[trajectory]   .. create atoms
[trajectory]   .. time elapsed: 0.672s
[trajectory]   .. set raw hash
[trajectory]   .. time elapsed: 0.000s
[trajectory]   .. done in 0.695s
[socketio]     Use SocketIO with host localhost and port 12346
[backup]       Folder:             /mnt/lustre/a2fs-work2/work/e05/e05/prakaya/chalcogenide_perovskites/redo/ternary/tilted_perovskites/HSE_perovskites/BaZrS3_tilt_140/phonons/phonopy/calculations
[backup]       was backed up in:   /mnt/lustre/a2fs-work2/work/e05/e05/prakaya/chalcogenide_perovskites/redo/ternary/tilted_perovskites/HSE_perovskites/BaZrS3_tilt_140/phonons/phonopy/backups/backup.00000.74348B54.tgz
[backup]       aims_uuid was:      74348B54-B78B-48CD-A3D2-6CA732BAAF66
** Warning from file vibes/settings.py, line 159, function write:
--> phonopy.in exists, do not overwrite settings.

[vibes]        resume from /mnt/lustre/a2fs-work2/work/e05/e05/prakaya/chalcogenide_perovskites/redo/ternary/tilted_perovskites/HSE_perovskites/BaZrS3_tilt_140/phonons/phonopy/trajectory.son
[vibes]        Structure 1 already computed, skip.
[vibes]        Compute structure 2 of 7: working
[vibes]        Compute structure 2 of 7: finished.
* Message from file vibes/helpers/watchdogs.py, line 164, function __call__:
--> Watchdog: running out of time!

[vibes]        Close the socket
[restart]      Restart task with sbatch vibes_phonopy.sh
Submitted batch job 6525678
[vibes.run]    run phonopy workflow with settings from phonopy.in

[calculator]   Update aims k_grid with kpt density of 5 to [4, 4, 4]
[calculator]   .. add `sc_accuracy_rho: 1e-06` to parameters (default)
[calculator]   .. add `relativistic: atomic_zora scalar` to parameters (default)
[calculator]   .. add `output_level: MD_light` to parameters (default)
* Message from file vibes/helpers/socketio.py, line 86, function get_port:
--> Port 12345 in use, changing to the next free port

[calculator]   Add basisset `light` for atom `Ba` to basissets folder.
[calculator]   Add basisset `light` for atom `Zr` to basissets folder.
[calculator]   Add basisset `light` for atom `S` to basissets folder.
[calculator]   Calculator: aims
[calculator]   settings:
[calculator]     xc: hse06 0.11
[calculator]     hse_unit: bohr-1
[calculator]     k_grid: [4, 4, 4]
[calculator]     sc_accuracy_rho: 1e-06
[calculator]     relativistic: atomic_zora scalar
[calculator]     output_level: MD_light
[calculator]     compute_forces: True
[calculator]     use_pimd_wrapper: ('localhost', 12346)
[calculator]     aims_command: /work/e05/e05/prakaya/chalcogenide_perovskites/run_aims.sh
[calculator]     species_dir: /mnt/lustre/a2fs-work2/work/e05/e05/prakaya/chalcogenide_perovskites/redo/ternary/tilted_perovskites/HSE_perovskites/BaZrS3_tilt_140/phonons/phonopy/basissets
[vibes]        Run phonopy workflow in working directory
  /mnt/lustre/a2fs-work2/work/e05/e05/prakaya/chalcogenide_perovskites/redo/ternary/tilted_perovskites/HSE_perovskites/BaZrS3_tilt_140/phonons/phonopy
[phonopy.postprocess] Start phonopy postprocess:
[trajectory]   Parse `/mnt/lustre/a2fs-work2/work/e05/e05/prakaya/chalcogenide_perovskites/redo/ternary/tilted_perovskites/HSE_perovskites/BaZrS3_tilt_140/phonons/phonopy/trajectory.son`
[son] open file:  /mnt/lustre/a2fs-work2/work/e05/e05/prakaya/chalcogenide_perovskites/redo/ternary/tilted_perovskites/HSE_perovskites/BaZrS3_tilt_140/phonons/phonopy/trajectory.son
[trajectory]   .. time elapsed: 0.043s
[trajectory]   .. create atoms
[trajectory]   .. time elapsed: 0.630s
[trajectory]   .. set raw hash
[trajectory]   .. time elapsed: 0.000s
[trajectory]   .. done in 0.674s
[socketio]     Use SocketIO with host localhost and port 12346
[backup]       Folder:             /mnt/lustre/a2fs-work2/work/e05/e05/prakaya/chalcogenide_perovskites/redo/ternary/tilted_perovskites/HSE_perovskites/BaZrS3_tilt_140/phonons/phonopy/calculations
[backup]       was backed up in:   /mnt/lustre/a2fs-work2/work/e05/e05/prakaya/chalcogenide_perovskites/redo/ternary/tilted_perovskites/HSE_perovskites/BaZrS3_tilt_140/phonons/phonopy/backups/backup.00001.DA658F9E.tgz
[backup]       aims_uuid was:      DA658F9E-70D4-4D25-A539-8B5B7509A3EA
** Warning from file vibes/settings.py, line 159, function write:
--> phonopy.in exists, do not overwrite settings.

[vibes]        resume from /mnt/lustre/a2fs-work2/work/e05/e05/prakaya/chalcogenide_perovskites/redo/ternary/tilted_perovskites/HSE_perovskites/BaZrS3_tilt_140/phonons/phonopy/trajectory.son
[vibes]        Structure 1 already computed, skip.
[vibes]        Structure 2 already computed, skip.
[vibes]        Compute structure 3 of 7: working
[vibes]        Compute structure 3 of 7: finished.
* Message from file vibes/helpers/watchdogs.py, line 164, function __call__:
--> Watchdog: running out of time!

[vibes]        Close the socket
[restart]      Restart task with sbatch vibes_phonopy.sh
Submitted batch job 6525831
[vibes.run]    run phonopy workflow with settings from phonopy.in

[calculator]   Update aims k_grid with kpt density of 5 to [4, 4, 4]
[calculator]   .. add `sc_accuracy_rho: 1e-06` to parameters (default)
[calculator]   .. add `relativistic: atomic_zora scalar` to parameters (default)
[calculator]   .. add `output_level: MD_light` to parameters (default)
* Message from file vibes/helpers/socketio.py, line 86, function get_port:
--> Port 12345 in use, changing to the next free port

[calculator]   Add basisset `light` for atom `Ba` to basissets folder.
[calculator]   Add basisset `light` for atom `Zr` to basissets folder.
[calculator]   Add basisset `light` for atom `S` to basissets folder.
[calculator]   Calculator: aims
[calculator]   settings:
[calculator]     xc: hse06 0.11
[calculator]     hse_unit: bohr-1
[calculator]     k_grid: [4, 4, 4]
[calculator]     sc_accuracy_rho: 1e-06
[calculator]     relativistic: atomic_zora scalar
[calculator]     output_level: MD_light
[calculator]     compute_forces: True
[calculator]     use_pimd_wrapper: ('localhost', 12346)
[calculator]     aims_command: /work/e05/e05/prakaya/chalcogenide_perovskites/run_aims.sh
[calculator]     species_dir: /mnt/lustre/a2fs-work2/work/e05/e05/prakaya/chalcogenide_perovskites/redo/ternary/tilted_perovskites/HSE_perovskites/BaZrS3_tilt_140/phonons/phonopy/basissets
[vibes]        Run phonopy workflow in working directory
  /mnt/lustre/a2fs-work2/work/e05/e05/prakaya/chalcogenide_perovskites/redo/ternary/tilted_perovskites/HSE_perovskites/BaZrS3_tilt_140/phonons/phonopy
[phonopy.postprocess] Start phonopy postprocess:
[trajectory]   Parse `/mnt/lustre/a2fs-work2/work/e05/e05/prakaya/chalcogenide_perovskites/redo/ternary/tilted_perovskites/HSE_perovskites/BaZrS3_tilt_140/phonons/phonopy/trajectory.son`
[son] open file:  /mnt/lustre/a2fs-work2/work/e05/e05/prakaya/chalcogenide_perovskites/redo/ternary/tilted_perovskites/HSE_perovskites/BaZrS3_tilt_140/phonons/phonopy/trajectory.son
[trajectory]   .. time elapsed: 0.032s
[trajectory]   .. create atoms
[trajectory]   .. time elapsed: 0.675s
[trajectory]   .. set raw hash
[trajectory]   .. time elapsed: 0.000s
[trajectory]   .. done in 0.708s
[socketio]     Use SocketIO with host localhost and port 12346
[backup]       Folder:             /mnt/lustre/a2fs-work2/work/e05/e05/prakaya/chalcogenide_perovskites/redo/ternary/tilted_perovskites/HSE_perovskites/BaZrS3_tilt_140/phonons/phonopy/calculations
[backup]       was backed up in:   /mnt/lustre/a2fs-work2/work/e05/e05/prakaya/chalcogenide_perovskites/redo/ternary/tilted_perovskites/HSE_perovskites/BaZrS3_tilt_140/phonons/phonopy/backups/backup.00002.BA93AE30.tgz
[backup]       aims_uuid was:      BA93AE30-E3AD-457E-AB86-101CFE8269DD
** Warning from file vibes/settings.py, line 159, function write:
--> phonopy.in exists, do not overwrite settings.

[vibes]        resume from /mnt/lustre/a2fs-work2/work/e05/e05/prakaya/chalcogenide_perovskites/redo/ternary/tilted_perovskites/HSE_perovskites/BaZrS3_tilt_140/phonons/phonopy/trajectory.son
[vibes]        Structure 1 already computed, skip.
[vibes]        Structure 2 already computed, skip.
[vibes]        Structure 3 already computed, skip.
[vibes]        Compute structure 4 of 7: working
[vibes]        Compute structure 4 of 7: finished.
* Message from file vibes/helpers/watchdogs.py, line 164, function __call__:
--> Watchdog: running out of time!

[vibes]        Close the socket
[restart]      Restart task with sbatch vibes_phonopy.sh
Submitted batch job 6525913
[vibes.run]    run phonopy workflow with settings from phonopy.in

[calculator]   Update aims k_grid with kpt density of 5 to [4, 4, 4]
[calculator]   .. add `sc_accuracy_rho: 1e-06` to parameters (default)
[calculator]   .. add `relativistic: atomic_zora scalar` to parameters (default)
[calculator]   .. add `output_level: MD_light` to parameters (default)
* Message from file vibes/helpers/socketio.py, line 86, function get_port:
--> Port 12345 in use, changing to the next free port

[calculator]   Add basisset `light` for atom `Ba` to basissets folder.
[calculator]   Add basisset `light` for atom `Zr` to basissets folder.
[calculator]   Add basisset `light` for atom `S` to basissets folder.
[calculator]   Calculator: aims
[calculator]   settings:
[calculator]     xc: hse06 0.11
[calculator]     hse_unit: bohr-1
[calculator]     k_grid: [4, 4, 4]
[calculator]     sc_accuracy_rho: 1e-06
[calculator]     relativistic: atomic_zora scalar
[calculator]     output_level: MD_light
[calculator]     compute_forces: True
[calculator]     use_pimd_wrapper: ('localhost', 12346)
[calculator]     aims_command: /work/e05/e05/prakaya/chalcogenide_perovskites/run_aims.sh
[calculator]     species_dir: /mnt/lustre/a2fs-work2/work/e05/e05/prakaya/chalcogenide_perovskites/redo/ternary/tilted_perovskites/HSE_perovskites/BaZrS3_tilt_140/phonons/phonopy/basissets
[vibes]        Run phonopy workflow in working directory
  /mnt/lustre/a2fs-work2/work/e05/e05/prakaya/chalcogenide_perovskites/redo/ternary/tilted_perovskites/HSE_perovskites/BaZrS3_tilt_140/phonons/phonopy
[phonopy.postprocess] Start phonopy postprocess:
[trajectory]   Parse `/mnt/lustre/a2fs-work2/work/e05/e05/prakaya/chalcogenide_perovskites/redo/ternary/tilted_perovskites/HSE_perovskites/BaZrS3_tilt_140/phonons/phonopy/trajectory.son`
[son] open file:  /mnt/lustre/a2fs-work2/work/e05/e05/prakaya/chalcogenide_perovskites/redo/ternary/tilted_perovskites/HSE_perovskites/BaZrS3_tilt_140/phonons/phonopy/trajectory.son
[trajectory]   .. time elapsed: 0.025s
[trajectory]   .. create atoms
[trajectory]   .. time elapsed: 0.665s
[trajectory]   .. set raw hash
[trajectory]   .. time elapsed: 0.000s
[trajectory]   .. done in 0.690s
[socketio]     Use SocketIO with host localhost and port 12346
[backup]       Folder:             /mnt/lustre/a2fs-work2/work/e05/e05/prakaya/chalcogenide_perovskites/redo/ternary/tilted_perovskites/HSE_perovskites/BaZrS3_tilt_140/phonons/phonopy/calculations
[backup]       was backed up in:   /mnt/lustre/a2fs-work2/work/e05/e05/prakaya/chalcogenide_perovskites/redo/ternary/tilted_perovskites/HSE_perovskites/BaZrS3_tilt_140/phonons/phonopy/backups/backup.00003.4C67B6A5.tgz
[backup]       aims_uuid was:      4C67B6A5-4750-48AB-A368-E59FCD06349E
** Warning from file vibes/settings.py, line 159, function write:
--> phonopy.in exists, do not overwrite settings.

[vibes]        resume from /mnt/lustre/a2fs-work2/work/e05/e05/prakaya/chalcogenide_perovskites/redo/ternary/tilted_perovskites/HSE_perovskites/BaZrS3_tilt_140/phonons/phonopy/trajectory.son
[vibes]        Structure 1 already computed, skip.
[vibes]        Structure 2 already computed, skip.
[vibes]        Structure 3 already computed, skip.
[vibes]        Structure 4 already computed, skip.
[vibes]        Compute structure 5 of 7: working
[vibes]        Compute structure 5 of 7: finished.
* Message from file vibes/helpers/watchdogs.py, line 164, function __call__:
--> Watchdog: running out of time!

[vibes]        Close the socket
[restart]      Restart task with sbatch vibes_phonopy.sh
Submitted batch job 6525951
[vibes.run]    run phonopy workflow with settings from phonopy.in

[calculator]   Update aims k_grid with kpt density of 5 to [4, 4, 4]
[calculator]   .. add `sc_accuracy_rho: 1e-06` to parameters (default)
[calculator]   .. add `relativistic: atomic_zora scalar` to parameters (default)
[calculator]   .. add `output_level: MD_light` to parameters (default)
* Message from file vibes/helpers/socketio.py, line 86, function get_port:
--> Port 12345 in use, changing to the next free port

[calculator]   Add basisset `light` for atom `Ba` to basissets folder.
[calculator]   Add basisset `light` for atom `Zr` to basissets folder.
[calculator]   Add basisset `light` for atom `S` to basissets folder.
[calculator]   Calculator: aims
[calculator]   settings:
[calculator]     xc: hse06 0.11
[calculator]     hse_unit: bohr-1
[calculator]     k_grid: [4, 4, 4]
[calculator]     sc_accuracy_rho: 1e-06
[calculator]     relativistic: atomic_zora scalar
[calculator]     output_level: MD_light
[calculator]     compute_forces: True
[calculator]     use_pimd_wrapper: ('localhost', 12346)
[calculator]     aims_command: /work/e05/e05/prakaya/chalcogenide_perovskites/run_aims.sh
[calculator]     species_dir: /mnt/lustre/a2fs-work2/work/e05/e05/prakaya/chalcogenide_perovskites/redo/ternary/tilted_perovskites/HSE_perovskites/BaZrS3_tilt_140/phonons/phonopy/basissets
[vibes]        Run phonopy workflow in working directory
  /mnt/lustre/a2fs-work2/work/e05/e05/prakaya/chalcogenide_perovskites/redo/ternary/tilted_perovskites/HSE_perovskites/BaZrS3_tilt_140/phonons/phonopy
[phonopy.postprocess] Start phonopy postprocess:
[trajectory]   Parse `/mnt/lustre/a2fs-work2/work/e05/e05/prakaya/chalcogenide_perovskites/redo/ternary/tilted_perovskites/HSE_perovskites/BaZrS3_tilt_140/phonons/phonopy/trajectory.son`
[son] open file:  /mnt/lustre/a2fs-work2/work/e05/e05/prakaya/chalcogenide_perovskites/redo/ternary/tilted_perovskites/HSE_perovskites/BaZrS3_tilt_140/phonons/phonopy/trajectory.son
[trajectory]   .. time elapsed: 0.043s
[trajectory]   .. create atoms
[trajectory]   .. time elapsed: 0.694s
[trajectory]   .. set raw hash
[trajectory]   .. time elapsed: 0.000s
[trajectory]   .. done in 0.738s
[socketio]     Use SocketIO with host localhost and port 12346
[backup]       Folder:             /mnt/lustre/a2fs-work2/work/e05/e05/prakaya/chalcogenide_perovskites/redo/ternary/tilted_perovskites/HSE_perovskites/BaZrS3_tilt_140/phonons/phonopy/calculations
[backup]       was backed up in:   /mnt/lustre/a2fs-work2/work/e05/e05/prakaya/chalcogenide_perovskites/redo/ternary/tilted_perovskites/HSE_perovskites/BaZrS3_tilt_140/phonons/phonopy/backups/backup.00004.7272DA60.tgz
[backup]       aims_uuid was:      7272DA60-A90E-4F6F-A521-012D85662904
** Warning from file vibes/settings.py, line 159, function write:
--> phonopy.in exists, do not overwrite settings.

[vibes]        resume from /mnt/lustre/a2fs-work2/work/e05/e05/prakaya/chalcogenide_perovskites/redo/ternary/tilted_perovskites/HSE_perovskites/BaZrS3_tilt_140/phonons/phonopy/trajectory.son
[vibes]        Structure 1 already computed, skip.
[vibes]        Structure 2 already computed, skip.
[vibes]        Structure 3 already computed, skip.
[vibes]        Structure 4 already computed, skip.
[vibes]        Structure 5 already computed, skip.
[vibes]        Compute structure 6 of 7: working
[vibes]        Compute structure 6 of 7: finished.
* Message from file vibes/helpers/watchdogs.py, line 164, function __call__:
--> Watchdog: running out of time!

[vibes]        Close the socket
[restart]      Restart task with sbatch vibes_phonopy.sh
Submitted batch job 6525997
[vibes.run]    run phonopy workflow with settings from phonopy.in

[calculator]   Update aims k_grid with kpt density of 5 to [4, 4, 4]
[calculator]   .. add `sc_accuracy_rho: 1e-06` to parameters (default)
[calculator]   .. add `relativistic: atomic_zora scalar` to parameters (default)
[calculator]   .. add `output_level: MD_light` to parameters (default)
* Message from file vibes/helpers/socketio.py, line 86, function get_port:
--> Port 12345 in use, changing to the next free port

[calculator]   Add basisset `light` for atom `Ba` to basissets folder.
[calculator]   Add basisset `light` for atom `Zr` to basissets folder.
[calculator]   Add basisset `light` for atom `S` to basissets folder.
[calculator]   Calculator: aims
[calculator]   settings:
[calculator]     xc: hse06 0.11
[calculator]     hse_unit: bohr-1
[calculator]     k_grid: [4, 4, 4]
[calculator]     sc_accuracy_rho: 1e-06
[calculator]     relativistic: atomic_zora scalar
[calculator]     output_level: MD_light
[calculator]     compute_forces: True
[calculator]     use_pimd_wrapper: ('localhost', 12346)
[calculator]     aims_command: /work/e05/e05/prakaya/chalcogenide_perovskites/run_aims.sh
[calculator]     species_dir: /mnt/lustre/a2fs-work2/work/e05/e05/prakaya/chalcogenide_perovskites/redo/ternary/tilted_perovskites/HSE_perovskites/BaZrS3_tilt_140/phonons/phonopy/basissets
[vibes]        Run phonopy workflow in working directory
  /mnt/lustre/a2fs-work2/work/e05/e05/prakaya/chalcogenide_perovskites/redo/ternary/tilted_perovskites/HSE_perovskites/BaZrS3_tilt_140/phonons/phonopy
[phonopy.postprocess] Start phonopy postprocess:
[trajectory]   Parse `/mnt/lustre/a2fs-work2/work/e05/e05/prakaya/chalcogenide_perovskites/redo/ternary/tilted_perovskites/HSE_perovskites/BaZrS3_tilt_140/phonons/phonopy/trajectory.son`
[son] open file:  /mnt/lustre/a2fs-work2/work/e05/e05/prakaya/chalcogenide_perovskites/redo/ternary/tilted_perovskites/HSE_perovskites/BaZrS3_tilt_140/phonons/phonopy/trajectory.son
[trajectory]   .. time elapsed: 0.062s
[trajectory]   .. create atoms
[trajectory]   .. time elapsed: 0.684s
[trajectory]   .. set raw hash
[trajectory]   .. time elapsed: 0.000s
[trajectory]   .. done in 0.934s
[socketio]     Use SocketIO with host localhost and port 12346
[backup]       Folder:             /mnt/lustre/a2fs-work2/work/e05/e05/prakaya/chalcogenide_perovskites/redo/ternary/tilted_perovskites/HSE_perovskites/BaZrS3_tilt_140/phonons/phonopy/calculations
[backup]       was backed up in:   /mnt/lustre/a2fs-work2/work/e05/e05/prakaya/chalcogenide_perovskites/redo/ternary/tilted_perovskites/HSE_perovskites/BaZrS3_tilt_140/phonons/phonopy/backups/backup.00005.DACDBA41.tgz
[backup]       aims_uuid was:      DACDBA41-522D-4CF3-AE44-88A775EC7B8F
** Warning from file vibes/settings.py, line 159, function write:
--> phonopy.in exists, do not overwrite settings.

[vibes]        resume from /mnt/lustre/a2fs-work2/work/e05/e05/prakaya/chalcogenide_perovskites/redo/ternary/tilted_perovskites/HSE_perovskites/BaZrS3_tilt_140/phonons/phonopy/trajectory.son
[vibes]        Structure 1 already computed, skip.
[vibes]        Structure 2 already computed, skip.
[vibes]        Structure 3 already computed, skip.
[vibes]        Structure 4 already computed, skip.
[vibes]        Structure 5 already computed, skip.
[vibes]        Structure 6 already computed, skip.
[vibes]        Compute structure 7 of 7: working
[vibes]        Compute structure 7 of 7: finished.
* Message from file vibes/helpers/watchdogs.py, line 164, function __call__:
--> Watchdog: running out of time!

[vibes]        Close the socket
[vibes]        Start postprocess.
[phonopy.postprocess] Start phonopy postprocess:
[trajectory]   Parse `phonopy/trajectory.son`
[son] open file:  phonopy/trajectory.son
[trajectory]   .. time elapsed: 0.083s
[trajectory]   .. create atoms
[trajectory]   .. time elapsed: 0.708s
[trajectory]   .. set raw hash
[trajectory]   .. time elapsed: 0.000s
[trajectory]   .. done in 0.792s
[phonopy.postprocess] .. done in 1.293s
[vibes]        done.
