-1.93358 -1.93411
-1.98601 -1.98599
-1.96544 -1.96585
-1.80999 -1.81136
-1.50656 -1.50656
-1.88665 -1.88427
-1.93828 -1.93812
-1.98075 -1.98083
-1.96004 -1.96059
-1.94309 -1.94328
-1.97671 -1.9779
-1.7497 -1.7468
-1.87243 -1.87117
-2.01687 -2.0169
-1.90514 -1.90448
-1.95186 -1.95036
-1.86522 -1.8646
-1.82854 -1.82958
-2.02719 -2.02728
-1.7793 -1.77742
-1.98073 -1.98094
-2.02207 -2.02197
-1.87437 -1.87668
-1.94976 -1.9494
-1.86033 -1.86264
-1.83509 -1.83502
-1.88417 -1.88401
-1.64685 -1.64717
-1.96096 -1.96072
-1.75389 -1.7552
-1.89183 -1.89385
-1.90157 -1.90209
-1.45443 -1.45341
-1.89923 -1.89957
-1.52249 -1.52073
-1.81689 -1.81861
-1.53199 -1.53213
-1.89995 -1.90072
-1.75651 -1.75744
-1.61514 -1.61548
-1.83609 -1.83699
-1.9102 -1.91097
-1.93469 -1.93545
-1.79011 -1.79199
-2.00418 -2.00357
-1.55934 -1.56052
-1.95788 -1.95948
-1.94784 -1.94881
-1.95256 -1.95259
-1.98989 -1.98914
-2.00307 -2.00301
-1.98688 -1.98714
-1.9236 -1.92671
-1.71705 -1.71813
-1.91292 -1.91311
-2.03424 -2.03423
-1.97483 -1.9758
-1.83516 -1.83746
-1.94644 -1.94711
-1.6812 -1.68138
-1.88636 -1.88747
-1.93209 -1.93182
-1.66916 -1.66975
-1.77466 -1.77662
-1.86441 -1.86608
-1.51673 -1.51544
-1.99839 -1.99877
-1.54842 -1.54906
-1.80552 -1.80628
-1.6464 -1.65091
-1.88906 -1.88998
-1.82737 -1.82618
-1.90115 -1.90088
-1.93454 -1.93513
-1.95699 -1.95601
-1.83099 -1.83347
-1.66324 -1.66551
-1.91782 -1.91962
-1.97218 -1.97232
-1.70936 -1.71089
-1.99998 -1.99983
-1.89488 -1.89742
-1.73662 -1.7369
-1.91889 -1.91882
-1.93673 -1.93713
-1.92488 -1.92531
-1.96013 -1.96179
-1.68079 -1.6796
-1.86314 -1.86352
-1.94291 -1.94527
-1.98695 -1.98622
-1.99393 -1.99442
-1.83815 -1.83865
-1.77777 -1.78099
-1.50038 -1.50009
-1.89685 -1.89581
-1.96465 -1.96472
-1.97021 -1.97066
-1.88089 -1.88002
-1.73488 -1.73464
-1.91926 -1.91939
-1.9563 -1.95611
-1.82323 -1.82324
-1.9718 -1.97046
-1.91877 -1.91932
-1.81077 -1.81243
-1.84477 -1.84532
-1.76637 -1.76537
-2.00126 -2.0015
-1.48207 -1.48107
-2.00857 -2.00819
-2.03268 -2.03172
-1.98132 -1.98187
-1.94506 -1.94531
-1.99082 -1.99086
-2.01462 -2.01462
-2.0054 -2.00577
-1.94805 -1.95191
-1.97629 -1.97562
-2.0226 -2.02394
-2.08197 -2.08252
-1.90072 -1.90083
-1.43632 -1.44253
-1.92601 -1.92582
-2.03525 -2.03558
-2.03047 -2.03027
-2.03011 -2.03016
-1.98621 -1.98522
-1.90787 -1.90884
-1.98675 -1.98639
-2.02519 -2.02333
-2.06597 -2.06547
-1.96672 -1.96539
-1.88995 -1.88913
-1.83455 -1.83295
-1.9686 -1.96779
-1.94305 -1.94298
-1.96437 -1.96625
-1.97555 -1.97585
-1.94234 -1.94275
-1.95049 -1.95184
-2.02848 -2.02846
-2.03958 -2.03955
-1.33212 -1.34005
-1.97358 -1.97061
-2.01457 -2.01532
-1.98583 -1.98731
-1.98794 -1.98791
-1.99919 -1.99854
-1.99335 -1.99288
-1.98536 -1.98498
-2.00004 -1.99736
-1.95952 -1.96022
-1.99658 -1.99776
-1.9454 -1.94833
-1.8889 -1.88999
-1.89939 -1.89626
-1.91073 -1.91111
-1.78048 -1.78011
-1.93918 -1.93987
-1.94876 -1.94837
-1.73561 -1.73605
-1.96656 -1.96612
-2.0716 -2.07183
-2.00904 -2.0082
-2.03761 -2.03764
-2.0141 -2.01371
-1.99316 -1.99338
-1.94674 -1.95011
-1.91314 -1.91264
-1.816 -1.81533
-1.92296 -1.92266
-1.94212 -1.94282
-1.97754 -1.97797
-1.99548 -1.99515
-1.91068 -1.91049
-2.08633 -2.08694
-1.86427 -1.86591
-1.86578 -1.86911
-2.00167 -2.00015
-2.0345 -2.03509
-0.645085 -0.64863
-1.93554 -1.93567
-2.02834 -2.02665
-1.93098 -1.93197
-2.07664 -2.07729
-1.94044 -1.93945
-2.01399 -2.01401
-1.87618 -1.87608
-1.91773 -1.91907
-1.96074 -1.95919
-1.98042 -1.98094
-1.83912 -1.83956
-1.98592 -1.98408
-2.02388 -2.02467
-2.09881 -2.0982
-2.01097 -2.01067
-2.07394 -2.07365
-2.02207 -2.02007
-2.01315 -2.01048
-2.0123 -2.0123
-2.02111 -2.02057
-1.97227 -1.9726
-2.02215 -2.02046
-2.03519 -2.03551
-1.93586 -1.93627
-1.97195 -1.97134
-2.00069 -2.00098
-1.92732 -1.92606
-1.91641 -1.91815
-1.9518 -1.95087
-2.00792 -2.0069
-1.95281 -1.94988
-2.08315 -2.08288
-2.00388 -2.00319
-1.90198 -1.90339
-1.95962 -1.95835
-1.94411 -1.9432
-1.97097 -1.97081
-1.46193 -1.46449
-1.90642 -1.90953
-1.98096 -1.98103
-2.08528 -2.08551
-2.03303 -2.03341
-1.84923 -1.84799
-1.93202 -1.93477
-1.99223 -1.99206
-1.99607 -1.99623
-2.01085 -2.01099
-1.85142 -1.84992
-0.0530606 -0.0575613
-2.00564 -2.00599
-0.773349 -0.778318
-2.05497 -2.05388
-2.06675 -2.06686
-1.98243 -1.98182
-2.00724 -2.00817
-1.7489 -1.74834
-1.96482 -1.96345
-2.07759 -2.07821
-2.03275 -2.03279
-1.96797 -1.96314
-1.95706 -1.95678
-2.021 -2.02096
-1.17612 -1.17613
-2.02993 -2.02939
-1.98707 -1.98358
-1.93443 -1.93569
-2.02397 -2.02471
-1.99335 -1.99343
-2.02221 -2.0205
-1.96104 -1.96139
-1.93502 -1.93459
-2.02112 -2.01935
-1.94455 -1.94326
-1.98646 -1.9862
-2.03424 -2.0329
-1.99511 -1.99369
-1.99752 -1.99709
-2.05466 -2.05457
-1.93599 -1.93702
-2.01541 -2.01592
-1.94702 -1.94658
-1.92713 -1.92831
-1.85212 -1.85568
-2.0045 -2.00423
-1.49423 -1.49442
-1.10752 -1.11393
-1.77703 -1.77883
-1.95349 -1.95388
-1.88726 -1.88858
-1.97496 -1.97637
-2.0679 -2.06811
-1.99398 -1.99502
-2.0522 -2.05168
-1.96683 -1.9649
-2.00781 -2.007
-1.96966 -1.97014
-2.02043 -2.01979
-1.99593 -1.99705
-2.12436 -2.12508
-1.88129 -1.87753
-2.09216 -2.09229
-1.41696 -1.41692
-1.98587 -1.9879
-1.96187 -1.96104
-2.11837 -2.11894
-1.9898 -1.99325
-1.68731 -1.69406
-1.96763 -1.96451
-1.99235 -1.9956
-1.92986 -1.93056
-1.93187 -1.93187
-2.01216 -2.01142
-1.84633 -1.8433
-1.90002 -1.89932
-1.96499 -1.96229
-2.08136 -2.08189
-2.04471 -2.04488
-1.71468 -1.71741
-2.02136 -2.0213
-2.02531 -2.02536
-1.95739 -1.95875
-1.94675 -1.94663
-1.93088 -1.93231
-1.85996 -1.86389
-1.99096 -1.99063
-1.98222 -1.98328
-1.35777 -1.35815
-1.84808 -1.84879
-2.00926 -2.00969
-2.02772 -2.0287
-2.00674 -2.0066
-1.94609 -1.94664
-1.98963 -1.98882
-1.89253 -1.89361
-1.82566 -1.82693
-1.89592 -1.89871
-1.98507 -1.98511
-2.00746 -2.00668
-1.90391 -1.90766
-1.95186 -1.95262
-2.01481 -2.01552
-1.98013 -1.97867
-1.42126 -1.41993
-2.0556 -2.05614
-1.99891 -1.99582
-2.08725 -2.08685
-1.94782 -1.94826
-1.99759 -1.99808
-1.83257 -1.83333
-1.78636 -1.78722
-1.50027 -1.50058
-0.204721 -0.202987
-1.69689 -1.69665
-2.00716 -2.00639
-1.99875 -1.9995
-1.97791 -1.97797
-1.92159 -1.92118
-1.93626 -1.93633
-1.94622 -1.94611
-1.94729 -1.94764
-1.91704 -1.91699
-2.02573 -2.02721
-2.016 -2.01551
-1.83475 -1.8366
-1.88253 -1.8778
-2.00253 -2.00308
-2.03068 -2.0291
-1.87123 -1.8747
-2.12389 -2.12456
-1.90593 -1.90614
-1.9222 -1.92304
-1.89004 -1.8868
-2.03111 -2.03123
-1.9485 -1.94756
-1.99192 -1.99156
-1.9519 -1.95023
-1.95455 -1.95543
-2.01506 -2.01488
-1.88872 -1.88934
-1.97308 -1.9722
-1.87528 -1.87489
-2.00057 -2.00048
-1.83908 -1.83994
-1.86182 -1.86061
-2.05296 -2.05267
-1.98869 -1.98842
-1.99409 -1.98969
-1.94456 -1.94255
-1.91795 -1.91742
-2.02926 -2.03025
-1.93859 -1.93866
-0.101305 -0.105847
-1.81747 -1.81347
-1.91643 -1.914
-2.05346 -2.05457
-1.88082 -1.88183
-1.72081 -1.72322
-1.81838 -1.81604
-1.93269 -1.9327
-1.95656 -1.95689
-1.99365 -1.99467
-2.03288 -2.03131
-1.93335 -1.93318
-1.91354 -1.91385
-1.97842 -1.97775
-1.86454 -1.85994
-1.56935 -1.56878
-1.9085 -1.90686
-1.97512 -1.97512
-2.03359 -2.03363
-1.81464 -1.81606
-1.57243 -1.57307
-2.05015 -2.05073
-2.06026 -2.06062
-1.94923 -1.94856
-1.92766 -1.92642
-1.84505 -1.84559
-1.79698 -1.79736
-1.32441 -1.32159
-1.99847 -1.99721
-1.95053 -1.95026
-2.00055 -2.00051
-1.94142 -1.93972
-1.88895 -1.89042
-1.98663 -1.98643
-1.86238 -1.8619
-2.02362 -2.02244
-1.98421 -1.98294
-1.98693 -1.98698
-2.01877 -2.01947
-1.99795 -1.99526
-1.96006 -1.96128
-1.66268 -1.66413
-2.03648 -2.03559
-1.94422 -1.94273
-1.95147 -1.95111
-1.93144 -1.93185
-1.99042 -1.99054
-1.9672 -1.96437
-2.02006 -2.02064
-2.01221 -2.00956
-2.10237 -2.10244
-2.00319 -2.00322
-2.06029 -2.05976
-0.0490116 -0.0520712
-1.19842 -1.19124
-1.83936 -1.8394
-1.85264 -1.85607
-2.00378 -2.00322
-1.91567 -1.91663
-1.95224 -1.95332
-2.02764 -2.02764
-1.98778 -1.98757
-1.88959 -1.89017
-1.69504 -1.69284
-1.90919 -1.91146
-1.94778 -1.94691
-2.03537 -2.03378
-2.07688 -2.07766
-1.94061 -1.94424
-1.98347 -1.98328
-2.00181 -2.00106
-1.28471 -1.28821
-1.81192 -1.80972
-1.84289 -1.83452
-2.1071 -2.10767
-1.97965 -1.98055
-1.85005 -1.85089
-1.9898 -1.98587
-2.03254 -2.03279
-1.98911 -1.98935
-2.0089 -2.00765
-1.98864 -1.98859
-1.65086 -1.65116
-1.98343 -1.98491
-2.0008 -2.00088
-1.84277 -1.83954
-2.00186 -2.00105
-1.66203 -1.66158
-2.11089 -2.11114
-2.07136 -2.07133
-1.72774 -1.7264
-2.12429 -2.125
-1.99644 -1.99633
-1.98544 -1.98562
-1.71931 -1.72139
-1.97558 -1.97595
-1.88785 -1.88969
-1.904 -1.9032
-1.97202 -1.97159
-1.98576 -1.98869
-2.01829 -2.01533
-1.53862 -1.53858
-1.96138 -1.95995
-1.92767 -1.92816
-2.00188 -2.00263
-2.00475 -2.00386
-2.012 -2.01029
-1.92781 -1.9267
-1.93025 -1.93076
-2.01125 -2.01015
-1.9953 -1.99343
-1.9792 -1.97971
-0.179274 -0.178431
-1.93328 -1.9324
-1.89802 -1.89691
-1.78184 -1.78518
-2.03638 -2.03593
-2.01638 -2.01599
-1.86756 -1.87083
-1.97515 -1.97495
-1.77217 -1.77387
-1.63328 -1.63381
-1.98284 -1.98236
-1.97857 -1.97392
-1.94882 -1.94964
-1.97562 -1.97544
-1.89249 -1.89277
-1.96915 -1.96915
-2.0161 -2.01611
-1.99183 -1.99208
-1.95876 -1.95786
-2.03337 -2.03303
-1.98663 -1.98586
-1.84346 -1.84415
-1.96132 -1.96338
-1.53083 -1.5316
-0.647865 -0.647532
-2.03824 -2.03821
-2.08646 -2.08704
-1.95783 -1.95736
-1.85795 -1.85549
-1.97234 -1.97215
-1.97327 -1.97411
-1.96755 -1.96804
-1.98447 -1.985
-1.89329 -1.8968
-2.04782 -2.04786
-2.1294 -2.13046
-2.00032 -2.00015
-1.10958 -1.10904
-2.10515 -2.10538
-1.74412 -1.74518
-2.02161 -2.02195
-1.84761 -1.84541
-1.99131 -1.99179
-1.98353 -1.98221
-2.01373 -2.01192
-1.96593 -1.96542
-1.96231 -1.9631
-1.70718 -1.70984
-2.02546 -2.024
-1.99095 -1.99122
-2.11792 -2.11843
-1.88627 -1.88812
-1.93333 -1.93275
-1.86782 -1.86942
-0.751687 -0.754997
-1.89093 -1.89159
-1.89243 -1.8882
-2.04187 -2.04264
-1.88723 -1.88043
-1.89288 -1.8949
-1.99354 -1.99355
-1.92476 -1.92734
-1.98264 -1.98202
-1.95502 -1.95336
-2.03406 -2.03439
-2.00135 -2.00128
-2.06913 -2.06982
-1.98157 -1.98123
-1.92228 -1.92328
-1.83035 -1.82665
-1.09291 -1.09484
-1.93336 -1.93254
-1.92086 -1.92063
-1.95348 -1.95349
-2.03362 -2.03362
-0.112713 -0.117045
-1.75986 -1.7609
-1.97702 -1.97663
-2.08901 -2.08985
-2.00117 -1.99851
-1.61416 -1.61515
-1.99286 -1.99003
-1.97852 -1.97842
-1.94729 -1.94734
-1.92936 -1.93045
-1.9705 -1.9699
-1.9877 -1.98731
-2.00471 -2.00442
-1.81408 -1.81495
-2.01082 -2.00786
-2.00499 -2.00559
-1.97044 -1.96791
-1.98089 -1.98098
-2.01124 -2.00912
-2.01294 -2.01138
-1.90303 -1.90289
-1.96729 -1.96571
-1.91294 -1.91797
-1.5394 -1.54055
-2.01393 -2.01094
-2.01677 -2.01581
-1.80523 -1.80565
-1.90035 -1.91022
-2.00652 -2.00574
-1.93476 -1.93486
-2.11699 -2.11723
-1.96383 -1.96526
-2.03299 -2.03336
-1.79744 -1.7995
-1.93955 -1.93823
-2.01866 -2.01929
-1.97399 -1.9785
-1.60245 -1.60351
-2.02774 -2.02746
-2.01245 -2.01168
-1.95958 -1.9593
-2.01774 -2.01745
-2.02766 -2.0275
-1.89812 -1.89782
-1.81503 -1.812
-1.96731 -1.96713
-2.07374 -2.07389
-1.99811 -1.99945
-1.87118 -1.87268
-1.84715 -1.8469
-1.96877 -1.96821
-1.96177 -1.96338
-2.01354 -2.01098
-2.04617 -2.04587
-1.9983 -1.99889
-1.47817 -1.47878
-1.88346 -1.87885
-1.98643 -1.98681
-2.02648 -2.02766
-1.84439 -1.84411
-1.72666 -1.72709
-1.69764 -1.6984
-1.958 -1.95702
-1.88263 -1.8835
-2.02882 -2.02866
-2.0322 -2.03175
-1.91718 -1.91796
-2.04445 -2.04427
-2.0189 -2.01886
-1.94426 -1.94159
-1.87873 -1.87759
-1.93615 -1.93724
-2.07731 -2.07797
-2.02905 -2.02974
-1.97776 -1.97698
-2.09796 -2.09824
-2.01715 -2.01734
-1.88577 -1.88731
-1.8046 -1.80402
-1.9262 -1.92597
-2.01372 -2.01375
-2.00744 -2.00667
-1.69331 -1.69327
-1.99335 -1.99301
-2.10339 -2.10338
-1.45744 -1.45733
-1.94937 -1.9486
-1.98946 -1.98902
-2.00777 -2.00739
-1.96177 -1.96061
-2.02776 -2.0286
-1.89361 -1.89027
-1.9932 -1.99293
-2.02362 -2.02443
-2.01592 -2.01636
-1.97319 -1.97357
-0.637838 -0.636065
-1.99129 -1.99
-1.98787 -1.9883
-1.71919 -1.72007
-1.17172 -1.17255
-2.03112 -2.03012
-2.02131 -2.02107
-1.63844 -1.63908
-1.98327 -1.98372
-1.95104 -1.95175
-2.00056 -2.00059
-2.01635 -2.01803
-1.78389 -1.78645
-1.88147 -1.88257
-1.52498 -1.52465
-1.98499 -1.98416
-2.00345 -2.00301
-2.05478 -2.05444
-2.0771 -2.07674
-1.95408 -1.95344
-1.84201 -1.84239
-1.89506 -1.89419
-2.03176 -2.03218
-1.99974 -1.99805
-1.15803 -1.15853
-1.92855 -1.92648
-1.93906 -1.93745
-1.99397 -1.99238
-2.02678 -2.02669
-1.8198 -1.82042
-1.99364 -1.99291
-1.99992 -1.99982
-1.75168 -1.74798
-1.13386 -1.13171
-1.76221 -1.75713
-1.61388 -1.61437
-1.86707 -1.86598
-2.00686 -2.00655
-2.04101 -2.04081
-1.90909 -1.91056
-0.207203 -0.211437
-1.95679 -1.95616
-1.96118 -1.96183
-1.93494 -1.93387
-2.01721 -2.01642
-1.91561 -1.91517
-1.97531 -1.97289
-1.85944 -1.85821
-1.85125 -1.85042
-1.98093 -1.98095
-1.96234 -1.96092
-1.36567 -1.36706
-2.04259 -2.04276
-1.70975 -1.71038
-1.98013 -1.9785
-1.46347 -1.46397
-2.0117 -2.01151
-2.01846 -2.01761
-1.99969 -1.99995
-1.98349 -1.98435
-2.01096 -2.01166
-2.00455 -2.00316
-1.98911 -1.98911
-2.0109 -2.00963
-1.91278 -1.91193
-1.96449 -1.96244
-1.99477 -1.99473
-1.9912 -1.99142
-2.01176 -2.01052
-1.94751 -1.94621
-2.02576 -2.0257
-1.95661 -1.95668
-1.94664 -1.94624
-1.99726 -1.99732
-2.02046 -2.021
-2.00292 -2.00066
-2.01783 -2.01849
-1.98793 -1.98927
-2.02565 -2.02629
-2.02792 -2.02814
-1.45823 -1.46574
-1.70609 -1.70568
-0.651899 -0.651924
-2.03528 -2.03503
-2.08264 -2.08303
-1.61894 -1.61993
-2.00753 -2.00676
-1.74386 -1.7437
-1.99889 -1.99538
-1.8529 -1.85276
-1.92178 -1.92102
-1.95153 -1.95407
-1.9829 -1.98304
-1.89304 -1.89349
-1.52666 -1.52731
-1.94936 -1.94965
-2.08242 -2.08195
-1.85661 -1.86021
-1.98806 -1.98853
-1.93714 -1.93831
-1.97558 -1.97528
-1.4883 -1.48873
-1.49229 -1.49453
-2.04594 -2.04489
-1.96931 -1.97008
-1.90604 -1.91396
-1.90843 -1.90852
-2.11197 -2.11207
-2.03737 -2.03804
-1.88004 -1.88214
-1.70339 -1.70581
-2.00506 -2.0047
-1.96305 -1.96153
-1.97567 -1.97608
-2.01645 -2.01524
-1.89001 -1.89273
-1.90635 -1.90783
-1.71852 -1.72084
-2.01272 -2.01316
-1.67277 -1.6739
-1.93195 -1.93476
-1.8845 -1.88454
-1.97995 -1.98355
-2.00863 -2.0075
-2.03639 -2.03749
-1.8726 -1.86898
-2.07421 -2.07385
-1.88236 -1.88256
-1.94666 -1.94209
-2.0072 -2.00829
-1.99799 -1.99772
-1.98334 -1.98383
-2.0174 -2.01693
-2.08448 -2.0859
-1.94817 -1.94904
-1.6981 -1.69735
-1.85464 -1.8511
-2.02754 -2.02778
-1.56547 -1.56673
-1.90607 -1.90462
-1.93385 -1.92876
-1.83728 -1.83551
-1.98958 -1.98946
-1.93126 -1.93207
-1.77832 -1.779
-1.98862 -1.98998
-2.02455 -2.02474
-2.02012 -2.0199
-1.93439 -1.93477
-2.09802 -2.09866
-2.03613 -2.03464
-1.94998 -1.95069
-1.9407 -1.94055
-2.02045 -2.01982
-1.99951 -1.9996
-2.03211 -2.0309
-2.01187 -2.01099
-2.00174 -2.00123
-2.00471 -2.00489
-1.97547 -1.97462
-2.03671 -2.0372
-1.95323 -1.95128
-1.96022 -1.96098
-1.97019 -1.96606
-1.93978 -1.93891
-1.97523 -1.97633
-2.03162 -2.03159
-2.06696 -2.06668
-2.01811 -2.01745
-1.94613 -1.94776
-2.03032 -2.03052
-1.98808 -1.98756
-1.69996 -1.70246
-2.0336 -2.03254
-2.01932 -2.01978
-1.68678 -1.68702
-1.96893 -1.96972
-1.95136 -1.95065
-1.96559 -1.96572
-1.8581 -1.85852
-1.80523 -1.80587
-1.31512 -1.31216
-1.9468 -1.94714
-1.96823 -1.96909
-1.92955 -1.93006
-2.01693 -2.01772
-1.96737 -1.96863
-2.0161 -2.01443
-1.57743 -1.57641
-1.9171 -1.91764
-2.12916 -2.13023
-1.73937 -1.73949
-1.89021 -1.89126
-2.0204 -2.01927
-2.129 -2.13005
-2.12915 -2.13017
-1.90103 -1.90201
-2.02727 -2.02648
-1.57281 -1.57367
-2.01018 -2.00992
-2.017 -2.01544
-1.95871 -1.95738
-1.12364 -1.12107
-1.94521 -1.9445
-1.93496 -1.93438
-1.97434 -1.97366
-1.9439 -1.94423
-1.84652 -1.84681
-1.96406 -1.96052
-1.91369 -1.91606
-1.96145 -1.96096
-1.81754 -1.81877
-1.84555 -1.84757
-2.09286 -2.09268
-2.11068 -2.11107
-1.99177 -1.99374
-1.66211 -1.66354
-1.93112 -1.92958
-1.94378 -1.94253
-1.979 -1.97841
-1.99815 -1.99843
-1.97473 -1.97478
-1.95543 -1.95598
-1.97203 -1.97235
-1.93933 -1.9404
-2.00122 -2.00097
-1.99469 -1.99321
-1.93239 -1.933
-1.98544 -1.98518
-1.70292 -1.70235
-1.71469 -1.72029
-1.99623 -1.99692
-2.02982 -2.02966
-1.72149 -1.7137
-1.96024 -1.95814
-1.92814 -1.92814
-1.96804 -1.96234
-1.95246 -1.95262
-1.82809 -1.8285
-2.05986 -2.05963
-1.99738 -1.99769
-2.11119 -2.1116
-1.97904 -1.97733
-1.91978 -1.91834
-1.98126 -1.98291
-1.95225 -1.95185
-1.32249 -1.32733
-1.82024 -1.81784
-1.94381 -1.94537
-1.88572 -1.8886
-2.04393 -2.04373
-1.32998 -1.32482
-2.01451 -2.01275
-1.99894 -1.99923
-2.01323 -2.01203
-1.94582 -1.94808
-2.00807 -2.0066
-1.97097 -1.97113
-1.96437 -1.9617
-1.99033 -1.99041
-1.83859 -1.84292
-1.97424 -1.97402
-1.93368 -1.93588
-2.00015 -1.99972
-1.96808 -1.96951
-2.03529 -2.03359
-1.97993 -1.98018
-1.95693 -1.95802
-1.88329 -1.88361
-1.92641 -1.92644
-1.98664 -1.98594
-1.89128 -1.89014
-0.0520144 -0.0524771
-1.94999 -1.95251
-1.99118 -1.99121
-2.05111 -2.05204
-2.0216 -2.02028
-1.9502 -1.95029
-1.88593 -1.88169
-2.00079 -2.00053
-0.242943 -0.253988
-1.93574 -1.93407
-1.96127 -1.96089
-1.95512 -1.95694
-2.02409 -2.02443
-1.8607 -1.85839
-2.11086 -2.11141
-1.91458 -1.9149
-1.94097 -1.93996
-1.90658 -1.90704
-1.97203 -1.97034
-1.70872 -1.71103
-2.06399 -2.06386
-2.00595 -2.00705
-1.88862 -1.88845
-1.95669 -1.95539
-2.02229 -2.02241
-1.95292 -1.95364
-1.8952 -1.89663
-2.04575 -2.04491
-1.93914 -1.93875
-2.08635 -2.08694
-1.88978 -1.88899
-1.88102 -1.87862
-1.94335 -1.94358
-0.721736 -0.714402
-1.8615 -1.85994
-2.0209 -2.02227
-1.97586 -1.97618
-2.04671 -2.04794
-1.99069 -1.99124
-1.94516 -1.94517
-1.96791 -1.96514
-2.00854 -2.00798
-1.86291 -1.86282
-1.90311 -1.90399
-1.95415 -1.95225
-1.9382 -1.94053
-2.01203 -2.01146
-1.97375 -1.97548
-2.00753 -2.0063
-1.96553 -1.9646
-1.88043 -1.88199
-2.0096 -2.01028
-2.03776 -2.03749
-2.00691 -2.00488
-1.9542 -1.95412
-1.97803 -1.97752
-2.00676 -2.00822
-1.99188 -1.99172
-1.47659 -1.47607
-1.92206 -1.92413
-1.9875 -1.98733
-2.03097 -2.03111
-1.85698 -1.85469
-1.50604 -1.50227
-1.99954 -1.99908
-1.998 -1.9978
-2.11933 -2.12
-0.672008 -0.671653
-1.96552 -1.96544
-2.07111 -2.07226
-2.12405 -2.12482
-1.95687 -1.95654
-1.98092 -1.98136
-2.01975 -2.01896
-1.81556 -1.81396
-1.4184 -1.41729
-1.97324 -1.97281
-1.9997 -1.99974
-1.984 -1.97915
-1.98555 -1.98455
-2.00162 -2.00112
-1.77987 -1.77714
-1.87308 -1.87349
-1.88755 -1.88812
-2.09298 -2.09315
-1.96195 -1.96619
-1.33515 -1.33881
-0.0567352 -0.0585863
-2.02882 -2.02858
-2.02738 -2.02868
-1.82533 -1.82559
-1.11396 -1.11459
-1.97291 -1.97278
-1.94894 -1.95048
-2.02351 -2.02117
-1.99122 -1.99018
-2.0378 -2.03784
-1.95436 -1.95411
-1.95687 -1.95877
-1.93683 -1.93584
-1.72203 -1.72318
-1.77703 -1.77865
-2.01781 -2.01851
-0.753455 -0.754023
-2.00606 -2.00597
-2.02119 -2.0216
-2.09851 -2.09906
-1.97249 -1.9693
-2.02316 -2.02329
-1.66314 -1.66075
-1.92888 -1.93031
-1.99149 -1.99257
-1.96486 -1.96329
-1.91683 -1.91873
-1.83023 -1.83135
-1.99526 -1.99621
-1.48557 -1.4897
-2.00368 -2.00387
-2.02523 -2.02499
-1.97148 -1.97088
-2.00757 -2.00785
-1.98489 -1.98484
-1.99169 -1.99101
-1.97913 -1.98109
-1.99807 -1.99824
-1.91092 -1.90738
-2.00651 -2.00669
-2.04481 -2.04495
-1.99665 -1.99428
-2.07144 -2.07163
-1.93416 -1.92971
-1.45695 -1.4584
-1.90046 -1.89968
-1.96517 -1.96431
-1.94958 -1.95037
-1.92363 -1.9247
-1.81306 -1.8141
-1.84572 -1.84396
-2.03532 -2.03561
-1.98033 -1.98062
-1.68523 -1.68398
-2.06648 -2.06666
-1.98968 -1.99019
-2.08964 -2.08946
-2.08575 -2.0856
-1.94889 -1.95045
-1.74564 -1.74592
-1.96748 -1.96579
-2.00419 -2.0037
-1.40032 -1.3896
-2.00257 -2.00302
-1.7215 -1.71054
-1.99067 -1.99058
-2.0168 -2.0158
-1.89377 -1.89217
-2.00359 -2.00271
-2.02511 -2.02374
-1.97284 -1.96919
-1.90309 -1.90257
-1.91451 -1.91419
-1.98384 -1.98445
-1.946 -1.94686
-2.00875 -2.00904
-2.02757 -2.02853
-2.00028 -1.99986
-1.96919 -1.96963
-2.00063 -1.99926
-1.98623 -1.985
-1.99304 -1.99261
-1.7271 -1.73154
-1.99546 -1.99543
-2.02983 -2.03126
-1.95285 -1.95464
-1.32522 -1.32831
-1.99973 -2.00106
-2.0037 -2.00335
-1.86843 -1.86839
-1.88422 -1.88402
-1.97427 -1.97584
-1.9405 -1.93905
-1.92281 -1.9228
-1.83061 -1.83195
-1.72705 -1.72907
-1.96472 -1.9656
-1.92412 -1.92454
-2.06362 -2.06371
-2.00022 -2.00084
-1.94116 -1.94205
-1.71552 -1.71665
-1.93045 -1.9296
-1.96368 -1.96546
-2.02137 -2.02175
-1.85041 -1.84229
-1.91331 -1.91916
-1.99593 -1.99708
-1.89097 -1.88907
-2.03352 -2.0337
-1.88626 -1.88732
-1.91536 -1.918
-1.93512 -1.93388
-1.93286 -1.93101
-1.41575 -1.41303
-2.03414 -2.03415
-1.99417 -1.99078
-1.86737 -1.86527
-1.99144 -1.99246
-2.01681 -2.01766
-1.94343 -1.94275
-2.0543 -2.05307
-1.4687 -1.46792
-2.05978 -2.06006
-2.02792 -2.02798
-1.92328 -1.92515
-1.9679 -1.96505
-1.98639 -1.98557
-1.93604 -1.93838
-1.90576 -1.90608
-1.90852 -1.90892
-2.00396 -2.00353
-1.91342 -1.91371
-2.0081 -2.00696
-1.98458 -1.98448
-2.00493 -2.00487
-2.06489 -2.06421
-1.49256 -1.49152
-1.93092 -1.93334
-2.03856 -2.03729
-1.94853 -1.94763
-2.02513 -2.02476
-2.00413 -2.00358
-1.99514 -1.99547
-1.87848 -1.87503
-2.01886 -2.01782
-1.97973 -1.97941
-1.99417 -1.99411
-1.96812 -1.9624
-1.9915 -1.98856
-1.92831 -1.92925
-2.01613 -2.01647
-0.685414 -0.68551
-1.94528 -1.94663
-1.97828 -1.98033
-1.4482 -1.44875
-2.03066 -2.03102
-2.03952 -2.03956
-2.02877 -2.02945
-2.0369 -2.03806
-2.0153 -2.01279
-2.04116 -2.04159
-2.04116 -2.04184
-2.03345 -2.03421
-2.0303 -2.03068
-2.04667 -2.04641
-2.04667 -2.04641
-2.04116 -2.04142
-2.04116 -2.04166
-2.04116 -2.04184
-2.03347 -2.03451
-2.04116 -2.04185
